-------------------------
r:6f40fdf1-4755-4648-bad7-ad2f47071338(jetbrains.mps.core.gen.editor) in common
		java.lang.Throwable
			at jetbrains.mps.generator.impl.dependencies.IncrementalDependenciesBuilder.reportModelAccess(IncrementalDependenciesBuilder.java:115)
			at jetbrains.mps.generator.impl.dependencies.RootDependenciesBuilder.addModelAccess(RootDependenciesBuilder.java:94)
			at jetbrains.mps.generator.impl.dependencies.RootDependenciesBuilder.modelNodesReadAccess(RootDependenciesBuilder.java:227)
			at jetbrains.mps.smodel.NodeReadEventsCaster$ListenersContainer.fireModelNodesReadAccess(NodeReadEventsCaster.java:133)
			at jetbrains.mps.smodel.NodeReadEventsCaster.fireModelNodesReadAccess(NodeReadEventsCaster.java:58)
			at jetbrains.mps.smodel.SModel.fireModelNodesReadAccess(SModel.java:260)
			at jetbrains.mps.smodel.SModel.getRootNodes(SModel.java:106)
			at jetbrains.mps.extapi.model.SModelBase.getRootNodes(SModelBase.java:107)
			at jetbrains.mps.lang.smodel.generator.smodelAdapter.SModelOperations.getRoots(SModelOperations.java:40)
			at jetbrains.mps.lang.descriptor.generator.template.utils.LanguageRuntimeGeneratorUtils.isAspectOfLanguage(LanguageRuntimeGeneratorUtils.java:40)
			at jetbrains.mps.lang.descriptor.generator.template.main.QueriesGenerated.baseMappingRule_Condition_4565427742314546853(QueriesGenerated.java:79)
			at jetbrains.mps.lang.descriptor.generator.template.main.SwitchlanguageAspectDescriptorVariable$ReductionRule0.tryToApply(SwitchlanguageAspectDescriptorVariable.java:71)
			at jetbrains.mps.generator.template.DefaultQueryExecutionContext.tryToApply(DefaultQueryExecutionContext.java:381)
			at jetbrains.mps.generator.impl.template.QueryExecutionContextWithDependencyRecording.tryToApply(QueryExecutionContextWithDependencyRecording.java:204)
			at jetbrains.mps.generator.impl.TemplateGenerator.tryToReduce(TemplateGenerator.java:530)
			at jetbrains.mps.generator.impl.TemplateGenerator.tryToReduce(TemplateGenerator.java:500)
			at jetbrains.mps.generator.impl.TemplateExecutionEnvironmentImpl.trySwitch(TemplateExecutionEnvironmentImpl.java:147)
			at jetbrains.mps.lang.descriptor.generator.template.main.TemplateLanguage.apply(TemplateLanguage.java:306)
			at jetbrains.mps.lang.descriptor.generator.template.main.Mappingmain$RootMappingRule0.apply(Mappingmain.java:704)
			at jetbrains.mps.generator.template.DefaultQueryExecutionContext.applyRule(DefaultQueryExecutionContext.java:391)
			at jetbrains.mps.generator.impl.template.QueryExecutionContextWithDependencyRecording.applyRule(QueryExecutionContextWithDependencyRecording.java:227)
			at jetbrains.mps.generator.impl.TemplateGenerator.createRootNodeByRule(TemplateGenerator.java:365)
			at jetbrains.mps.generator.impl.ParallelTemplateGenerator.access$101(ParallelTemplateGenerator.java:48)
			at jetbrains.mps.generator.impl.ParallelTemplateGenerator$2.run(ParallelTemplateGenerator.java:94)
			at jetbrains.mps.generator.impl.ParallelTemplateGenerator$CompositeGenerationTask.run(ParallelTemplateGenerator.java:252)
			at jetbrains.mps.generator.impl.GenerationTaskPool$GenerationTaskAdapter.runInternal(GenerationTaskPool.java:69)
			at jetbrains.mps.generator.impl.GenerationTaskPool$GenerationTaskAdapter.run(GenerationTaskPool.java:86)
			at java.util.concurrent.ThreadPoolExecutor$Worker.runTask(ThreadPoolExecutor.java:895)
			at java.util.concurrent.ThreadPoolExecutor$Worker.run(ThreadPoolExecutor.java:918)
			at java.lang.Thread.run(Thread.java:695)

-------------------------
r:9fe9a922-158f-4808-af65-cc006820ee69(jetbrains.mps.core.gen.typesystem) in common
		java.lang.Throwable
			at jetbrains.mps.generator.impl.dependencies.IncrementalDependenciesBuilder.reportModelAccess(IncrementalDependenciesBuilder.java:115)
			at jetbrains.mps.generator.impl.dependencies.RootDependenciesBuilder.addModelAccess(RootDependenciesBuilder.java:94)
			at jetbrains.mps.generator.impl.dependencies.RootDependenciesBuilder.modelNodesReadAccess(RootDependenciesBuilder.java:227)
			at jetbrains.mps.smodel.NodeReadEventsCaster$ListenersContainer.fireModelNodesReadAccess(NodeReadEventsCaster.java:133)
			at jetbrains.mps.smodel.NodeReadEventsCaster.fireModelNodesReadAccess(NodeReadEventsCaster.java:58)
			at jetbrains.mps.smodel.SModel.fireModelNodesReadAccess(SModel.java:260)
			at jetbrains.mps.smodel.SModel.getRootNodes(SModel.java:106)
			at jetbrains.mps.extapi.model.SModelBase.getRootNodes(SModelBase.java:107)
			at jetbrains.mps.lang.smodel.generator.smodelAdapter.SModelOperations.getRoots(SModelOperations.java:40)
			at jetbrains.mps.lang.descriptor.generator.template.main.QueriesGenerated.ifMacro_Condition_5828571963818937566(QueriesGenerated.java:192)
			at jetbrains.mps.lang.descriptor.generator.template.main.TemplateLanguage.apply(TemplateLanguage.java:748)
			at jetbrains.mps.lang.descriptor.generator.template.main.Mappingmain$RootMappingRule0.apply(Mappingmain.java:704)
			at jetbrains.mps.generator.template.DefaultQueryExecutionContext.applyRule(DefaultQueryExecutionContext.java:391)
			at jetbrains.mps.generator.impl.template.QueryExecutionContextWithDependencyRecording.applyRule(QueryExecutionContextWithDependencyRecording.java:227)
			at jetbrains.mps.generator.impl.TemplateGenerator.createRootNodeByRule(TemplateGenerator.java:365)
			at jetbrains.mps.generator.impl.ParallelTemplateGenerator.access$101(ParallelTemplateGenerator.java:48)
			at jetbrains.mps.generator.impl.ParallelTemplateGenerator$2.run(ParallelTemplateGenerator.java:94)
			at jetbrains.mps.generator.impl.ParallelTemplateGenerator$CompositeGenerationTask.run(ParallelTemplateGenerator.java:252)
			at jetbrains.mps.generator.impl.GenerationTaskPool$GenerationTaskAdapter.runInternal(GenerationTaskPool.java:69)
			at jetbrains.mps.generator.impl.GenerationTaskPool$GenerationTaskAdapter.run(GenerationTaskPool.java:86)
			at java.util.concurrent.ThreadPoolExecutor$Worker.runTask(ThreadPoolExecutor.java:895)
			at java.util.concurrent.ThreadPoolExecutor$Worker.run(ThreadPoolExecutor.java:918)
			at java.lang.Thread.run(Thread.java:695)

