-------------------------
f:java_stub#6ed54515-acc8-4d1e-a16c-9fd6cfe951ea#jetbrains.mps.smodel.runtime.impl(MPS.Core/jetbrains.mps.smodel.runtime.impl@java_stub) in common
		java.lang.Throwable
			at jetbrains.mps.generator.impl.dependencies.IncrementalDependenciesBuilder.reportModelAccess(IncrementalDependenciesBuilder.java:115)
			at jetbrains.mps.generator.impl.dependencies.RootDependenciesBuilder.addModelAccess(RootDependenciesBuilder.java:94)
			at jetbrains.mps.generator.impl.dependencies.RootDependenciesBuilder.nodeUnclassifiedReadAccess(RootDependenciesBuilder.java:215)
			at jetbrains.mps.smodel.NodeReadEventsCaster$ListenersContainer.fireNodeUnclassifiedReadAccess(NodeReadEventsCaster.java:128)
			at jetbrains.mps.smodel.NodeReadEventsCaster.fireNodeUnclassifiedReadAccess(NodeReadEventsCaster.java:51)
			at jetbrains.mps.smodel.SNode.fireNodeUnclassifiedReadAccess(SNode.java:1023)
			at jetbrains.mps.smodel.SModel.getNode(SModel.java:204)
			at jetbrains.mps.extapi.model.SModelBase.getNode(SModelBase.java:118)
			at jetbrains.mps.smodel.StaticReference.getTargetNode_internal(StaticReference.java:118)
			at jetbrains.mps.smodel.SReference.getTargetNode(SReference.java:67)
			at jetbrains.mps.util.SNodeOperations.getTargetNodeSilently(SNodeOperations.java:315)
			at jetbrains.mps.smodel.SReferenceBase.makeDirect(SReferenceBase.java:85)
			at jetbrains.mps.smodel.SNode.unRegisterFromModel(SNode.java:877)
			at jetbrains.mps.smodel.SNode.unRegisterFromModel(SNode.java:884)
			at jetbrains.mps.smodel.SNode.unRegisterFromModel(SNode.java:884)
			at jetbrains.mps.smodel.SNode.removeChild(SNode.java:332)
			at org.jetbrains.mps.openapi.model.SNodeUtil.replaceWithAnother(SNodeUtil.java:79)
			at jetbrains.mps.lang.smodel.generator.smodelAdapter.SNodeOperations.replaceWithAnother(SNodeOperations.java:547)
			at jetbrains.mps.lang.structure.generator_new.baseLanguage.QueriesGenerated.mapSrcMacro_post_mapper_4891130965839637416(QueriesGenerated.java:338)
			at sun.reflect.GeneratedMethodAccessor1427.invoke(Unknown Source)
			at sun.reflect.DelegatingMethodAccessorImpl.invoke(DelegatingMethodAccessorImpl.java:25)
			at java.lang.reflect.Method.invoke(Method.java:597)
			at jetbrains.mps.util.QueryMethodGenerated.invoke(QueryMethodGenerated.java:166)
			at jetbrains.mps.util.QueryMethodGenerated.invoke(QueryMethodGenerated.java:153)
			at jetbrains.mps.util.QueryMethodGenerated.invoke(QueryMethodGenerated.java:150)
			at jetbrains.mps.generator.template.DefaultQueryExecutionContext.executeMapSrcNodeMacro_PostProc(DefaultQueryExecutionContext.java:168)
			at jetbrains.mps.generator.impl.template.QueryExecutionContextWithDependencyRecording.executeMapSrcNodeMacro_PostProc(QueryExecutionContextWithDependencyRecording.java:90)
			at jetbrains.mps.generator.impl.DelayedChanges$ExecuteMapSrcNodeMacroPostProcChange.doChange(DelayedChanges.java:213)
			at jetbrains.mps.generator.impl.DelayedChanges.doAllChanges(DelayedChanges.java:87)
			at jetbrains.mps.generator.impl.TemplateGenerator.apply(TemplateGenerator.java:176)
			at jetbrains.mps.generator.impl.GenerationSession.applyRules(GenerationSession.java:460)
			at jetbrains.mps.generator.impl.GenerationSession.executeMajorStepInternal(GenerationSession.java:382)
			at jetbrains.mps.generator.impl.GenerationSession.executeMajorStep(GenerationSession.java:349)
			at jetbrains.mps.generator.impl.GenerationSession.generateModel(GenerationSession.java:229)
			at jetbrains.mps.generator.impl.GenerationController.generateModel(GenerationController.java:187)
			at jetbrains.mps.generator.impl.GenerationController.generateModelsInModule(GenerationController.java:148)
			at jetbrains.mps.generator.impl.GenerationController.generate(GenerationController.java:101)
			at jetbrains.mps.generator.GenerationFacade$2$1.compute(GenerationFacade.java:156)
			at jetbrains.mps.generator.GenerationFacade$2$1.compute(GenerationFacade.java:153)
			at jetbrains.mps.ide.undo.WorkbenchUndoHandler.runNonUndoableAction(WorkbenchUndoHandler.java:46)
			at jetbrains.mps.smodel.UndoHelper.runNonUndoableAction(UndoHelper.java:62)
			at jetbrains.mps.generator.GenerationFacade$2.run(GenerationFacade.java:153)
			at jetbrains.mps.ide.smodel.WorkbenchModelAccess$8.compute(WorkbenchModelAccess.java:312)
			at jetbrains.mps.ide.smodel.WorkbenchModelAccess$8.compute(WorkbenchModelAccess.java:307)
			at com.intellij.openapi.application.impl.ApplicationImpl.runReadAction(ApplicationImpl.java:934)
			at jetbrains.mps.ide.smodel.WorkbenchModelAccess.tryRead(WorkbenchModelAccess.java:307)
			at jetbrains.mps.ide.smodel.WorkbenchModelAccess.requireRead(WorkbenchModelAccess.java:357)
			at jetbrains.mps.generator.GenerationFacade.generateModels(GenerationFacade.java:150)
			at jetbrains.mps.lang.core.plugin.Generate_Facet$Target_generate$1.execute(Generate_Facet.java:554)
			at jetbrains.mps.internal.make.runtime.script.Script$3.invoke(Script.java:306)
			at jetbrains.mps.internal.make.runtime.script.Script$3.invoke(Script.java:250)
			at jetbrains.mps.ide.make.WorkbenchMakeService$Controller.runJobWithMonitor(WorkbenchMakeService.java:391)
			at jetbrains.mps.internal.make.runtime.script.Script.executeTargets(Script.java:250)
			at jetbrains.mps.internal.make.runtime.script.Script.execute(Script.java:226)
			at jetbrains.mps.make.service.CoreMakeTask.doRun(CoreMakeTask.java:111)
			at jetbrains.mps.ide.make.MakeTask$WorkbenchMakeTask.doRun(MakeTask.java:140)
			at jetbrains.mps.make.service.CoreMakeTask.run(CoreMakeTask.java:60)
			at jetbrains.mps.ide.make.MakeTask$1.run(MakeTask.java:57)
			at java.lang.Thread.run(Thread.java:695)

-------------------------
r:00000000-0000-4000-0000-011c89590288(jetbrains.mps.lang.core.structure) in common
		java.lang.Throwable
			at jetbrains.mps.generator.impl.dependencies.IncrementalDependenciesBuilder.reportModelAccess(IncrementalDependenciesBuilder.java:115)
			at jetbrains.mps.generator.impl.dependencies.RootDependenciesBuilder.addModelAccess(RootDependenciesBuilder.java:94)
			at jetbrains.mps.generator.impl.dependencies.RootDependenciesBuilder.nodeUnclassifiedReadAccess(RootDependenciesBuilder.java:215)
			at jetbrains.mps.smodel.NodeReadEventsCaster$ListenersContainer.fireNodeUnclassifiedReadAccess(NodeReadEventsCaster.java:128)
			at jetbrains.mps.smodel.NodeReadEventsCaster.fireNodeUnclassifiedReadAccess(NodeReadEventsCaster.java:51)
			at jetbrains.mps.smodel.SNode.fireNodeUnclassifiedReadAccess(SNode.java:1023)
			at jetbrains.mps.smodel.SModel.getNode(SModel.java:204)
			at jetbrains.mps.extapi.model.SModelBase.getNode(SModelBase.java:118)
			at jetbrains.mps.smodel.StaticReference.getTargetNode_internal(StaticReference.java:118)
			at jetbrains.mps.smodel.SReference.getTargetNode(SReference.java:67)
			at jetbrains.mps.smodel.SNode.getReferenceTarget(SNode.java:411)
			at jetbrains.mps.smodel.SNode.getReferenceTarget(SNode.java:50)
			at jetbrains.mps.lang.smodel.generator.smodelAdapter.SLinkOperations.getTarget(SLinkOperations.java:34)
			at jetbrains.mps.lang.structure.behavior.ConceptDeclaration_Behavior.virtual_getImmediateSuperconcepts_1222430305282(ConceptDeclaration_Behavior.java:26)
			at jetbrains.mps.lang.structure.behavior.ConceptDeclaration_BehaviorDescriptor.virtual_getImmediateSuperconcepts_1222430305282(ConceptDeclaration_BehaviorDescriptor.java:13)
			at sun.reflect.GeneratedMethodAccessor1418.invoke(Unknown Source)
			at sun.reflect.DelegatingMethodAccessorImpl.invoke(DelegatingMethodAccessorImpl.java:25)
			at java.lang.reflect.Method.invoke(Method.java:597)
			at jetbrains.mps.smodel.runtime.impl.CompiledBehaviorDescriptor.genericInvoke(CompiledBehaviorDescriptor.java:83)
			at jetbrains.mps.smodel.runtime.impl.CompiledBehaviorDescriptor.invoke(CompiledBehaviorDescriptor.java:64)
			at jetbrains.mps.smodel.behaviour.BehaviorReflection.invokeVirtual(BehaviorReflection.java:61)
			at jetbrains.mps.smodel.behaviour.BehaviorReflection.invokeVirtual(BehaviorReflection.java:86)
			at jetbrains.mps.lang.structure.generator_new.baseLanguage.QueriesGenerated.insertMacro_varValue_2225291943437352919(QueriesGenerated.java:385)
			at sun.reflect.GeneratedMethodAccessor1417.invoke(Unknown Source)
			at sun.reflect.DelegatingMethodAccessorImpl.invoke(DelegatingMethodAccessorImpl.java:25)
			at java.lang.reflect.Method.invoke(Method.java:597)
			at jetbrains.mps.util.QueryMethodGenerated.invoke(QueryMethodGenerated.java:166)
			at jetbrains.mps.util.QueryMethodGenerated.invoke(QueryMethodGenerated.java:153)
			at jetbrains.mps.util.QueryMethodGenerated.invoke(QueryMethodGenerated.java:150)
			at jetbrains.mps.generator.template.DefaultQueryExecutionContext.evaluateVariableQuery(DefaultQueryExecutionContext.java:249)
			at jetbrains.mps.generator.impl.template.QueryExecutionContextWithDependencyRecording.evaluateVariableQuery(QueryExecutionContextWithDependencyRecording.java:130)
			at jetbrains.mps.generator.impl.TemplateProcessor$VarMacro.apply(TemplateProcessor.java:478)
			at jetbrains.mps.generator.impl.TemplateProcessor.applyTemplate(TemplateProcessor.java:151)
			at jetbrains.mps.generator.impl.TemplateProcessor.applyTemplate(TemplateProcessor.java:245)
			at jetbrains.mps.generator.impl.TemplateProcessor.applyTemplate(TemplateProcessor.java:245)
			at jetbrains.mps.generator.impl.TemplateProcessor.applyTemplate(TemplateProcessor.java:245)
			at jetbrains.mps.generator.impl.TemplateProcessor.applyTemplate(TemplateProcessor.java:245)
			at jetbrains.mps.generator.impl.TemplateProcessor.applyTemplate(TemplateProcessor.java:245)
			at jetbrains.mps.generator.impl.TemplateProcessor.applyTemplate(TemplateProcessor.java:245)
			at jetbrains.mps.generator.impl.TemplateProcessor.applyTemplate(TemplateProcessor.java:245)
			at jetbrains.mps.generator.impl.TemplateProcessor.applyTemplate(TemplateProcessor.java:245)
			at jetbrains.mps.generator.impl.TemplateProcessor.applyTemplate(TemplateProcessor.java:245)
			at jetbrains.mps.generator.impl.TemplateProcessor.applyTemplate(TemplateProcessor.java:245)
			at jetbrains.mps.generator.impl.TemplateProcessor.applyTemplate(TemplateProcessor.java:245)
			at jetbrains.mps.generator.impl.TemplateProcessor$MapSrcMacros.apply(TemplateProcessor.java:551)
			at jetbrains.mps.generator.impl.TemplateProcessor.applyTemplate(TemplateProcessor.java:151)
			at jetbrains.mps.generator.impl.TemplateProcessor.applyTemplate(TemplateProcessor.java:245)
			at jetbrains.mps.generator.impl.TemplateProcessor.applyTemplate(TemplateProcessor.java:245)
			at jetbrains.mps.generator.impl.TemplateProcessor.applyTemplate(TemplateProcessor.java:245)
			at jetbrains.mps.generator.impl.TemplateProcessor$LoopMacro.apply(TemplateProcessor.java:351)
			at jetbrains.mps.generator.impl.TemplateProcessor.applyTemplate(TemplateProcessor.java:151)
			at jetbrains.mps.generator.impl.TemplateProcessor.applyTemplate(TemplateProcessor.java:245)
			at jetbrains.mps.generator.impl.TemplateProcessor.applyTemplate(TemplateProcessor.java:245)
			at jetbrains.mps.generator.impl.TemplateProcessor.applyTemplate(TemplateProcessor.java:245)
			at jetbrains.mps.generator.impl.TemplateProcessor.applyTemplate(TemplateProcessor.java:245)
			at jetbrains.mps.generator.impl.TemplateProcessor.apply(TemplateProcessor.java:97)
			at jetbrains.mps.generator.impl.interpreted.TemplateCreateRootRuleInterpreted.apply(TemplateCreateRootRuleInterpreted.java:76)
			at jetbrains.mps.generator.template.DefaultQueryExecutionContext.applyRule(DefaultQueryExecutionContext.java:396)
			at jetbrains.mps.generator.impl.template.QueryExecutionContextWithDependencyRecording.applyRule(QueryExecutionContextWithDependencyRecording.java:236)
			at jetbrains.mps.generator.impl.TemplateGenerator.createRootNodeByRule(TemplateGenerator.java:342)
			at jetbrains.mps.generator.impl.ParallelTemplateGenerator.access$001(ParallelTemplateGenerator.java:48)
			at jetbrains.mps.generator.impl.ParallelTemplateGenerator$1.run(ParallelTemplateGenerator.java:84)
			at jetbrains.mps.generator.impl.ParallelTemplateGenerator$CompositeGenerationTask.run(ParallelTemplateGenerator.java:252)
			at jetbrains.mps.generator.impl.GenerationTaskPool$GenerationTaskAdapter.runInternal(GenerationTaskPool.java:69)
			at jetbrains.mps.generator.impl.GenerationTaskPool$GenerationTaskAdapter.run(GenerationTaskPool.java:86)
			at java.util.concurrent.ThreadPoolExecutor$Worker.runTask(ThreadPoolExecutor.java:895)
			at java.util.concurrent.ThreadPoolExecutor$Worker.run(ThreadPoolExecutor.java:918)
			at java.lang.Thread.run(Thread.java:695)

-------------------------
r:00000000-0000-4000-0000-011c89590293(jetbrains.mps.lang.structure.generator_new.baseLanguage@generator) in common
		java.lang.Throwable
			at jetbrains.mps.generator.impl.dependencies.IncrementalDependenciesBuilder.reportModelAccess(IncrementalDependenciesBuilder.java:115)
			at jetbrains.mps.generator.impl.dependencies.RootDependenciesBuilder.addModelAccess(RootDependenciesBuilder.java:94)
			at jetbrains.mps.generator.impl.dependencies.RootDependenciesBuilder.nodeUnclassifiedReadAccess(RootDependenciesBuilder.java:215)
			at jetbrains.mps.smodel.NodeReadEventsCaster$ListenersContainer.fireNodeUnclassifiedReadAccess(NodeReadEventsCaster.java:128)
			at jetbrains.mps.smodel.NodeReadEventsCaster.fireNodeUnclassifiedReadAccess(NodeReadEventsCaster.java:51)
			at jetbrains.mps.smodel.SNode.fireNodeUnclassifiedReadAccess(SNode.java:1023)
			at jetbrains.mps.smodel.SNode$ChildrenList$ChildrenIterator.readNode(SNode.java:1125)
			at jetbrains.mps.smodel.SNode$ChildrenList$ChildrenIterator.getCurrent(SNode.java:1113)
			at jetbrains.mps.smodel.SNode$ChildrenList$ChildrenIterator.getCurrent(SNode.java:1077)
			at jetbrains.mps.util.AbstractSequentialList$AbstractSequentialIterator.hasNext(AbstractSequentialList.java:100)
			at jetbrains.mps.lang.smodel.generator.smodelAdapter.SLinkOperations.getTarget(SLinkOperations.java:32)
			at jetbrains.mps.generator.impl.RuleUtil.getIfMacro_ConditionFunction(RuleUtil.java:216)
			at jetbrains.mps.generator.template.DefaultQueryExecutionContext.checkConditionForIfMacro(DefaultQueryExecutionContext.java:115)
			at jetbrains.mps.generator.impl.template.QueryExecutionContextWithDependencyRecording.checkConditionForIfMacro(QueryExecutionContextWithDependencyRecording.java:70)
			at jetbrains.mps.generator.impl.TemplateProcessor$IfMacro.apply(TemplateProcessor.java:500)
			at jetbrains.mps.generator.impl.TemplateProcessor.applyTemplate(TemplateProcessor.java:151)
			at jetbrains.mps.generator.impl.TemplateProcessor.applyTemplate(TemplateProcessor.java:245)
			at jetbrains.mps.generator.impl.TemplateProcessor.applyTemplate(TemplateProcessor.java:245)
			at jetbrains.mps.generator.impl.TemplateProcessor$MapSrcMacros.apply(TemplateProcessor.java:551)
			at jetbrains.mps.generator.impl.TemplateProcessor.applyTemplate(TemplateProcessor.java:151)
			at jetbrains.mps.generator.impl.TemplateProcessor.applyTemplate(TemplateProcessor.java:245)
			at jetbrains.mps.generator.impl.TemplateProcessor.applyTemplate(TemplateProcessor.java:245)
			at jetbrains.mps.generator.impl.TemplateProcessor.applyTemplate(TemplateProcessor.java:245)
			at jetbrains.mps.generator.impl.TemplateProcessor$LoopMacro.apply(TemplateProcessor.java:351)
			at jetbrains.mps.generator.impl.TemplateProcessor.applyTemplate(TemplateProcessor.java:151)
			at jetbrains.mps.generator.impl.TemplateProcessor.applyTemplate(TemplateProcessor.java:245)
			at jetbrains.mps.generator.impl.TemplateProcessor.applyTemplate(TemplateProcessor.java:245)
			at jetbrains.mps.generator.impl.TemplateProcessor.applyTemplate(TemplateProcessor.java:245)
			at jetbrains.mps.generator.impl.TemplateProcessor.applyTemplate(TemplateProcessor.java:245)
			at jetbrains.mps.generator.impl.TemplateProcessor.apply(TemplateProcessor.java:97)
			at jetbrains.mps.generator.impl.interpreted.TemplateCreateRootRuleInterpreted.apply(TemplateCreateRootRuleInterpreted.java:76)
			at jetbrains.mps.generator.template.DefaultQueryExecutionContext.applyRule(DefaultQueryExecutionContext.java:396)
			at jetbrains.mps.generator.impl.template.QueryExecutionContextWithDependencyRecording.applyRule(QueryExecutionContextWithDependencyRecording.java:236)
			at jetbrains.mps.generator.impl.TemplateGenerator.createRootNodeByRule(TemplateGenerator.java:342)
			at jetbrains.mps.generator.impl.ParallelTemplateGenerator.access$001(ParallelTemplateGenerator.java:48)
			at jetbrains.mps.generator.impl.ParallelTemplateGenerator$1.run(ParallelTemplateGenerator.java:84)
			at jetbrains.mps.generator.impl.ParallelTemplateGenerator$CompositeGenerationTask.run(ParallelTemplateGenerator.java:252)
			at jetbrains.mps.generator.impl.GenerationTaskPool$GenerationTaskAdapter.runInternal(GenerationTaskPool.java:69)
			at jetbrains.mps.generator.impl.GenerationTaskPool$GenerationTaskAdapter.run(GenerationTaskPool.java:86)
			at java.util.concurrent.ThreadPoolExecutor$Worker.runTask(ThreadPoolExecutor.java:895)
			at java.util.concurrent.ThreadPoolExecutor$Worker.run(ThreadPoolExecutor.java:918)
			at java.lang.Thread.run(Thread.java:695)

-------------------------
r:00000000-0000-4000-0000-011c895902ca(jetbrains.mps.baseLanguage.structure) in common
		java.lang.Throwable
			at jetbrains.mps.generator.impl.dependencies.IncrementalDependenciesBuilder.reportModelAccess(IncrementalDependenciesBuilder.java:115)
			at jetbrains.mps.generator.impl.dependencies.RootDependenciesBuilder.addModelAccess(RootDependenciesBuilder.java:94)
			at jetbrains.mps.generator.impl.dependencies.RootDependenciesBuilder.nodeUnclassifiedReadAccess(RootDependenciesBuilder.java:215)
			at jetbrains.mps.smodel.NodeReadEventsCaster$ListenersContainer.fireNodeUnclassifiedReadAccess(NodeReadEventsCaster.java:128)
			at jetbrains.mps.smodel.NodeReadEventsCaster.fireNodeUnclassifiedReadAccess(NodeReadEventsCaster.java:51)
			at jetbrains.mps.smodel.SNode.fireNodeUnclassifiedReadAccess(SNode.java:1023)
			at jetbrains.mps.smodel.SModel.getNode(SModel.java:204)
			at jetbrains.mps.extapi.model.SModelBase.getNode(SModelBase.java:118)
			at jetbrains.mps.smodel.StaticReference.getTargetNode_internal(StaticReference.java:118)
			at jetbrains.mps.smodel.SReference.getTargetNode(SReference.java:67)
			at jetbrains.mps.smodel.SNode.getReferenceTarget(SNode.java:411)
			at jetbrains.mps.smodel.SNode.getReferenceTarget(SNode.java:50)
			at jetbrains.mps.lang.smodel.generator.smodelAdapter.SLinkOperations.getTarget(SLinkOperations.java:34)
			at jetbrains.mps.lang.structure.behavior.ConceptDeclaration_Behavior.virtual_getImmediateSuperconcepts_1222430305282(ConceptDeclaration_Behavior.java:24)
			at jetbrains.mps.lang.structure.behavior.ConceptDeclaration_BehaviorDescriptor.virtual_getImmediateSuperconcepts_1222430305282(ConceptDeclaration_BehaviorDescriptor.java:13)
			at sun.reflect.GeneratedMethodAccessor1418.invoke(Unknown Source)
			at sun.reflect.DelegatingMethodAccessorImpl.invoke(DelegatingMethodAccessorImpl.java:25)
			at java.lang.reflect.Method.invoke(Method.java:597)
			at jetbrains.mps.smodel.runtime.impl.CompiledBehaviorDescriptor.genericInvoke(CompiledBehaviorDescriptor.java:83)
			at jetbrains.mps.smodel.runtime.impl.CompiledBehaviorDescriptor.invoke(CompiledBehaviorDescriptor.java:64)
			at jetbrains.mps.smodel.behaviour.BehaviorReflection.invokeVirtual(BehaviorReflection.java:61)
			at jetbrains.mps.smodel.behaviour.BehaviorReflection.invokeVirtual(BehaviorReflection.java:86)
			at jetbrains.mps.lang.structure.generator_new.baseLanguage.QueriesGenerated.insertMacro_varValue_2225291943437352919(QueriesGenerated.java:385)
			at sun.reflect.GeneratedMethodAccessor1417.invoke(Unknown Source)
			at sun.reflect.DelegatingMethodAccessorImpl.invoke(DelegatingMethodAccessorImpl.java:25)
			at java.lang.reflect.Method.invoke(Method.java:597)
			at jetbrains.mps.util.QueryMethodGenerated.invoke(QueryMethodGenerated.java:166)
			at jetbrains.mps.util.QueryMethodGenerated.invoke(QueryMethodGenerated.java:153)
			at jetbrains.mps.util.QueryMethodGenerated.invoke(QueryMethodGenerated.java:150)
			at jetbrains.mps.generator.template.DefaultQueryExecutionContext.evaluateVariableQuery(DefaultQueryExecutionContext.java:249)
			at jetbrains.mps.generator.impl.template.QueryExecutionContextWithDependencyRecording.evaluateVariableQuery(QueryExecutionContextWithDependencyRecording.java:130)
			at jetbrains.mps.generator.impl.TemplateProcessor$VarMacro.apply(TemplateProcessor.java:478)
			at jetbrains.mps.generator.impl.TemplateProcessor.applyTemplate(TemplateProcessor.java:151)
			at jetbrains.mps.generator.impl.TemplateProcessor.applyTemplate(TemplateProcessor.java:245)
			at jetbrains.mps.generator.impl.TemplateProcessor.applyTemplate(TemplateProcessor.java:245)
			at jetbrains.mps.generator.impl.TemplateProcessor.applyTemplate(TemplateProcessor.java:245)
			at jetbrains.mps.generator.impl.TemplateProcessor.applyTemplate(TemplateProcessor.java:245)
			at jetbrains.mps.generator.impl.TemplateProcessor.applyTemplate(TemplateProcessor.java:245)
			at jetbrains.mps.generator.impl.TemplateProcessor.applyTemplate(TemplateProcessor.java:245)
			at jetbrains.mps.generator.impl.TemplateProcessor.applyTemplate(TemplateProcessor.java:245)
			at jetbrains.mps.generator.impl.TemplateProcessor.applyTemplate(TemplateProcessor.java:245)
			at jetbrains.mps.generator.impl.TemplateProcessor.applyTemplate(TemplateProcessor.java:245)
			at jetbrains.mps.generator.impl.TemplateProcessor.applyTemplate(TemplateProcessor.java:245)
			at jetbrains.mps.generator.impl.TemplateProcessor.applyTemplate(TemplateProcessor.java:245)
			at jetbrains.mps.generator.impl.TemplateProcessor$MapSrcMacros.apply(TemplateProcessor.java:551)
			at jetbrains.mps.generator.impl.TemplateProcessor.applyTemplate(TemplateProcessor.java:151)
			at jetbrains.mps.generator.impl.TemplateProcessor.applyTemplate(TemplateProcessor.java:245)
			at jetbrains.mps.generator.impl.TemplateProcessor.applyTemplate(TemplateProcessor.java:245)
			at jetbrains.mps.generator.impl.TemplateProcessor.applyTemplate(TemplateProcessor.java:245)
			at jetbrains.mps.generator.impl.TemplateProcessor$LoopMacro.apply(TemplateProcessor.java:351)
			at jetbrains.mps.generator.impl.TemplateProcessor.applyTemplate(TemplateProcessor.java:151)
			at jetbrains.mps.generator.impl.TemplateProcessor.applyTemplate(TemplateProcessor.java:245)
			at jetbrains.mps.generator.impl.TemplateProcessor.applyTemplate(TemplateProcessor.java:245)
			at jetbrains.mps.generator.impl.TemplateProcessor.applyTemplate(TemplateProcessor.java:245)
			at jetbrains.mps.generator.impl.TemplateProcessor.applyTemplate(TemplateProcessor.java:245)
			at jetbrains.mps.generator.impl.TemplateProcessor.apply(TemplateProcessor.java:97)
			at jetbrains.mps.generator.impl.interpreted.TemplateCreateRootRuleInterpreted.apply(TemplateCreateRootRuleInterpreted.java:76)
			at jetbrains.mps.generator.template.DefaultQueryExecutionContext.applyRule(DefaultQueryExecutionContext.java:396)
			at jetbrains.mps.generator.impl.template.QueryExecutionContextWithDependencyRecording.applyRule(QueryExecutionContextWithDependencyRecording.java:236)
			at jetbrains.mps.generator.impl.TemplateGenerator.createRootNodeByRule(TemplateGenerator.java:342)
			at jetbrains.mps.generator.impl.ParallelTemplateGenerator.access$001(ParallelTemplateGenerator.java:48)
			at jetbrains.mps.generator.impl.ParallelTemplateGenerator$1.run(ParallelTemplateGenerator.java:84)
			at jetbrains.mps.generator.impl.ParallelTemplateGenerator$CompositeGenerationTask.run(ParallelTemplateGenerator.java:252)
			at jetbrains.mps.generator.impl.GenerationTaskPool$GenerationTaskAdapter.runInternal(GenerationTaskPool.java:69)
			at jetbrains.mps.generator.impl.GenerationTaskPool$GenerationTaskAdapter.run(GenerationTaskPool.java:86)
			at java.util.concurrent.ThreadPoolExecutor$Worker.runTask(ThreadPoolExecutor.java:895)
			at java.util.concurrent.ThreadPoolExecutor$Worker.run(ThreadPoolExecutor.java:918)
			at java.lang.Thread.run(Thread.java:695)

-------------------------
r:00000000-0000-4000-0000-011c8959032f(jetbrains.mps.baseLanguage.collections.generator.baseLanguage.template.main@generator) in common
		java.lang.Throwable
			at jetbrains.mps.generator.impl.dependencies.IncrementalDependenciesBuilder.reportModelAccess(IncrementalDependenciesBuilder.java:115)
			at jetbrains.mps.generator.impl.dependencies.RootDependenciesBuilder.addModelAccess(RootDependenciesBuilder.java:94)
			at jetbrains.mps.generator.impl.dependencies.RootDependenciesBuilder.nodeUnclassifiedReadAccess(RootDependenciesBuilder.java:215)
			at jetbrains.mps.smodel.NodeReadEventsCaster$ListenersContainer.fireNodeUnclassifiedReadAccess(NodeReadEventsCaster.java:128)
			at jetbrains.mps.smodel.NodeReadEventsCaster.fireNodeUnclassifiedReadAccess(NodeReadEventsCaster.java:51)
			at jetbrains.mps.smodel.SNode.fireNodeUnclassifiedReadAccess(SNode.java:1023)
			at jetbrains.mps.smodel.SNode.getParent(SNode.java:280)
			at jetbrains.mps.smodel.SNode.getParent(SNode.java:50)
			at jetbrains.mps.generator.template.DefaultQueryExecutionContext.evaluateArgumentQuery(DefaultQueryExecutionContext.java:230)
			at jetbrains.mps.generator.impl.template.QueryExecutionContextWithDependencyRecording.evaluateArgumentQuery(QueryExecutionContextWithDependencyRecording.java:120)
			at jetbrains.mps.generator.impl.GeneratorUtil.createTemplateCallContext(GeneratorUtil.java:110)
			at jetbrains.mps.generator.impl.TemplateProcessor$SwitchWithArgMacro.prepareContext(TemplateProcessor.java:649)
			at jetbrains.mps.generator.impl.TemplateProcessor$SwitchMacro.apply(TemplateProcessor.java:606)
			at jetbrains.mps.generator.impl.TemplateProcessor.applyTemplate(TemplateProcessor.java:151)
			at jetbrains.mps.generator.impl.TemplateContainer.apply(TemplateContainer.java:73)
			at jetbrains.mps.generator.impl.RuleConsequenceProcessor.processRuleConsequence(RuleConsequenceProcessor.java:66)
			at jetbrains.mps.generator.impl.interpreted.TemplateReductionRuleInterpreted.apply(TemplateReductionRuleInterpreted.java:130)
			at jetbrains.mps.generator.impl.interpreted.TemplateReductionRuleInterpreted.tryToApply(TemplateReductionRuleInterpreted.java:90)
			at jetbrains.mps.generator.template.DefaultQueryExecutionContext.tryToApply(DefaultQueryExecutionContext.java:381)
			at jetbrains.mps.generator.impl.template.QueryExecutionContextWithDependencyRecording.tryToApply(QueryExecutionContextWithDependencyRecording.java:204)
			at jetbrains.mps.generator.impl.TemplateGenerator.tryToReduce(TemplateGenerator.java:530)
			at jetbrains.mps.generator.impl.TemplateGenerator.tryToReduce(TemplateGenerator.java:478)
			at jetbrains.mps.generator.impl.TemplateGenerator$FullCopyFacility.copyInputNode(TemplateGenerator.java:986)
			at jetbrains.mps.generator.impl.TemplateGenerator$FullCopyFacility.copyInputNode(TemplateGenerator.java:1000)
			at jetbrains.mps.generator.impl.TemplateGenerator$FullCopyFacility.copyInputNode(TemplateGenerator.java:1000)
			at jetbrains.mps.generator.impl.TemplateGenerator$FullCopyFacility.copyInputNode(TemplateGenerator.java:1000)
			at jetbrains.mps.generator.impl.TemplateGenerator$FullCopyFacility.copyInputNode(TemplateGenerator.java:1000)
			at jetbrains.mps.generator.impl.TemplateGenerator$FullCopyFacility.copyInputNode(TemplateGenerator.java:1000)
			at jetbrains.mps.generator.impl.TemplateGenerator$FullCopyFacility.copyInputNode(TemplateGenerator.java:1000)
			at jetbrains.mps.generator.impl.TemplateGenerator$FullCopyFacility.copyRootInputNode(TemplateGenerator.java:887)
			at jetbrains.mps.generator.impl.TemplateGenerator.copyRootInputNode(TemplateGenerator.java:409)
			at jetbrains.mps.generator.impl.ParallelTemplateGenerator.access$201(ParallelTemplateGenerator.java:48)
			at jetbrains.mps.generator.impl.ParallelTemplateGenerator$3.run(ParallelTemplateGenerator.java:104)
			at jetbrains.mps.generator.impl.ParallelTemplateGenerator$CompositeGenerationTask.run(ParallelTemplateGenerator.java:252)
			at jetbrains.mps.generator.impl.GenerationTaskPool$GenerationTaskAdapter.runInternal(GenerationTaskPool.java:69)
			at jetbrains.mps.generator.impl.GenerationTaskPool$GenerationTaskAdapter.run(GenerationTaskPool.java:86)
			at java.util.concurrent.ThreadPoolExecutor$Worker.runTask(ThreadPoolExecutor.java:895)
			at java.util.concurrent.ThreadPoolExecutor$Worker.run(ThreadPoolExecutor.java:918)
			at java.lang.Thread.run(Thread.java:695)

-------------------------
r:359b1d2b-77c4-46df-9bf2-b25cbea32254(jetbrains.mps.console.base.structure) in common
		java.lang.Throwable
			at jetbrains.mps.generator.impl.dependencies.IncrementalDependenciesBuilder.reportModelAccess(IncrementalDependenciesBuilder.java:115)
			at jetbrains.mps.generator.impl.dependencies.RootDependenciesBuilder.addModelAccess(RootDependenciesBuilder.java:94)
			at jetbrains.mps.generator.impl.dependencies.RootDependenciesBuilder.nodeUnclassifiedReadAccess(RootDependenciesBuilder.java:215)
			at jetbrains.mps.smodel.NodeReadEventsCaster$ListenersContainer.fireNodeUnclassifiedReadAccess(NodeReadEventsCaster.java:128)
			at jetbrains.mps.smodel.NodeReadEventsCaster.fireNodeUnclassifiedReadAccess(NodeReadEventsCaster.java:51)
			at jetbrains.mps.smodel.SNode.fireNodeUnclassifiedReadAccess(SNode.java:1023)
			at jetbrains.mps.smodel.SModel.getNode(SModel.java:204)
			at jetbrains.mps.extapi.model.SModelBase.getNode(SModelBase.java:118)
			at jetbrains.mps.smodel.StaticReference.getTargetNode_internal(StaticReference.java:118)
			at jetbrains.mps.smodel.SReference.getTargetNode(SReference.java:67)
			at jetbrains.mps.smodel.SNode.getReferenceTarget(SNode.java:411)
			at jetbrains.mps.smodel.SNode.getReferenceTarget(SNode.java:50)
			at jetbrains.mps.lang.smodel.generator.smodelAdapter.SLinkOperations.getTarget(SLinkOperations.java:34)
			at jetbrains.mps.lang.structure.behavior.ConceptDeclaration_Behavior.virtual_getImmediateSuperconcepts_1222430305282(ConceptDeclaration_Behavior.java:24)
			at jetbrains.mps.lang.structure.behavior.ConceptDeclaration_BehaviorDescriptor.virtual_getImmediateSuperconcepts_1222430305282(ConceptDeclaration_BehaviorDescriptor.java:13)
			at sun.reflect.GeneratedMethodAccessor1418.invoke(Unknown Source)
			at sun.reflect.DelegatingMethodAccessorImpl.invoke(DelegatingMethodAccessorImpl.java:25)
			at java.lang.reflect.Method.invoke(Method.java:597)
			at jetbrains.mps.smodel.runtime.impl.CompiledBehaviorDescriptor.genericInvoke(CompiledBehaviorDescriptor.java:83)
			at jetbrains.mps.smodel.runtime.impl.CompiledBehaviorDescriptor.invoke(CompiledBehaviorDescriptor.java:64)
			at jetbrains.mps.smodel.behaviour.BehaviorReflection.invokeVirtual(BehaviorReflection.java:61)
			at jetbrains.mps.smodel.behaviour.BehaviorReflection.invokeVirtual(BehaviorReflection.java:86)
			at jetbrains.mps.lang.structure.generator_new.baseLanguage.QueriesGenerated.insertMacro_varValue_2225291943437352919(QueriesGenerated.java:385)
			at sun.reflect.GeneratedMethodAccessor1417.invoke(Unknown Source)
			at sun.reflect.DelegatingMethodAccessorImpl.invoke(DelegatingMethodAccessorImpl.java:25)
			at java.lang.reflect.Method.invoke(Method.java:597)
			at jetbrains.mps.util.QueryMethodGenerated.invoke(QueryMethodGenerated.java:166)
			at jetbrains.mps.util.QueryMethodGenerated.invoke(QueryMethodGenerated.java:153)
			at jetbrains.mps.util.QueryMethodGenerated.invoke(QueryMethodGenerated.java:150)
			at jetbrains.mps.generator.template.DefaultQueryExecutionContext.evaluateVariableQuery(DefaultQueryExecutionContext.java:249)
			at jetbrains.mps.generator.impl.template.QueryExecutionContextWithDependencyRecording.evaluateVariableQuery(QueryExecutionContextWithDependencyRecording.java:130)
			at jetbrains.mps.generator.impl.TemplateProcessor$VarMacro.apply(TemplateProcessor.java:478)
			at jetbrains.mps.generator.impl.TemplateProcessor.applyTemplate(TemplateProcessor.java:151)
			at jetbrains.mps.generator.impl.TemplateProcessor.applyTemplate(TemplateProcessor.java:245)
			at jetbrains.mps.generator.impl.TemplateProcessor.applyTemplate(TemplateProcessor.java:245)
			at jetbrains.mps.generator.impl.TemplateProcessor.applyTemplate(TemplateProcessor.java:245)
			at jetbrains.mps.generator.impl.TemplateProcessor.applyTemplate(TemplateProcessor.java:245)
			at jetbrains.mps.generator.impl.TemplateProcessor.applyTemplate(TemplateProcessor.java:245)
			at jetbrains.mps.generator.impl.TemplateProcessor.applyTemplate(TemplateProcessor.java:245)
			at jetbrains.mps.generator.impl.TemplateProcessor.applyTemplate(TemplateProcessor.java:245)
			at jetbrains.mps.generator.impl.TemplateProcessor.applyTemplate(TemplateProcessor.java:245)
			at jetbrains.mps.generator.impl.TemplateProcessor.applyTemplate(TemplateProcessor.java:245)
			at jetbrains.mps.generator.impl.TemplateProcessor.applyTemplate(TemplateProcessor.java:245)
			at jetbrains.mps.generator.impl.TemplateProcessor.applyTemplate(TemplateProcessor.java:245)
			at jetbrains.mps.generator.impl.TemplateProcessor$MapSrcMacros.apply(TemplateProcessor.java:551)
			at jetbrains.mps.generator.impl.TemplateProcessor.applyTemplate(TemplateProcessor.java:151)
			at jetbrains.mps.generator.impl.TemplateProcessor.applyTemplate(TemplateProcessor.java:245)
			at jetbrains.mps.generator.impl.TemplateProcessor.applyTemplate(TemplateProcessor.java:245)
			at jetbrains.mps.generator.impl.TemplateProcessor.applyTemplate(TemplateProcessor.java:245)
			at jetbrains.mps.generator.impl.TemplateProcessor$LoopMacro.apply(TemplateProcessor.java:351)
			at jetbrains.mps.generator.impl.TemplateProcessor.applyTemplate(TemplateProcessor.java:151)
			at jetbrains.mps.generator.impl.TemplateProcessor.applyTemplate(TemplateProcessor.java:245)
			at jetbrains.mps.generator.impl.TemplateProcessor.applyTemplate(TemplateProcessor.java:245)
			at jetbrains.mps.generator.impl.TemplateProcessor.applyTemplate(TemplateProcessor.java:245)
			at jetbrains.mps.generator.impl.TemplateProcessor.applyTemplate(TemplateProcessor.java:245)
			at jetbrains.mps.generator.impl.TemplateProcessor.apply(TemplateProcessor.java:97)
			at jetbrains.mps.generator.impl.interpreted.TemplateCreateRootRuleInterpreted.apply(TemplateCreateRootRuleInterpreted.java:76)
			at jetbrains.mps.generator.template.DefaultQueryExecutionContext.applyRule(DefaultQueryExecutionContext.java:396)
			at jetbrains.mps.generator.impl.template.QueryExecutionContextWithDependencyRecording.applyRule(QueryExecutionContextWithDependencyRecording.java:236)
			at jetbrains.mps.generator.impl.TemplateGenerator.createRootNodeByRule(TemplateGenerator.java:342)
			at jetbrains.mps.generator.impl.ParallelTemplateGenerator.access$001(ParallelTemplateGenerator.java:48)
			at jetbrains.mps.generator.impl.ParallelTemplateGenerator$1.run(ParallelTemplateGenerator.java:84)
			at jetbrains.mps.generator.impl.ParallelTemplateGenerator$CompositeGenerationTask.run(ParallelTemplateGenerator.java:252)
			at jetbrains.mps.generator.impl.GenerationTaskPool$GenerationTaskAdapter.runInternal(GenerationTaskPool.java:69)
			at jetbrains.mps.generator.impl.GenerationTaskPool$GenerationTaskAdapter.run(GenerationTaskPool.java:86)
			at java.util.concurrent.ThreadPoolExecutor$Worker.runTask(ThreadPoolExecutor.java:895)
			at java.util.concurrent.ThreadPoolExecutor$Worker.run(ThreadPoolExecutor.java:918)
			at java.lang.Thread.run(Thread.java:695)

-------------------------
r:935ba0ee-7291-4caa-a807-d76e8fc69391(jetbrains.mps.console.blCommand.structure) in common
		java.lang.Throwable
			at jetbrains.mps.generator.impl.dependencies.IncrementalDependenciesBuilder.reportModelAccess(IncrementalDependenciesBuilder.java:115)
			at jetbrains.mps.generator.impl.dependencies.RootDependenciesBuilder.addModelAccess(RootDependenciesBuilder.java:94)
			at jetbrains.mps.generator.impl.dependencies.RootDependenciesBuilder.nodeUnclassifiedReadAccess(RootDependenciesBuilder.java:215)
			at jetbrains.mps.smodel.NodeReadEventsCaster$ListenersContainer.fireNodeUnclassifiedReadAccess(NodeReadEventsCaster.java:128)
			at jetbrains.mps.smodel.NodeReadEventsCaster.fireNodeUnclassifiedReadAccess(NodeReadEventsCaster.java:51)
			at jetbrains.mps.smodel.SNode.fireNodeUnclassifiedReadAccess(SNode.java:1023)
			at jetbrains.mps.smodel.SModel.getNode(SModel.java:204)
			at jetbrains.mps.extapi.model.SModelBase.getNode(SModelBase.java:118)
			at jetbrains.mps.smodel.StaticReference.getTargetNode_internal(StaticReference.java:118)
			at jetbrains.mps.smodel.SReference.getTargetNode(SReference.java:67)
			at jetbrains.mps.smodel.SNode.getReferenceTarget(SNode.java:411)
			at jetbrains.mps.smodel.SNode.getReferenceTarget(SNode.java:50)
			at jetbrains.mps.lang.smodel.generator.smodelAdapter.SLinkOperations.getTarget(SLinkOperations.java:34)
			at jetbrains.mps.lang.structure.behavior.ConceptDeclaration_Behavior.virtual_getImmediateSuperconcepts_1222430305282(ConceptDeclaration_Behavior.java:24)
			at jetbrains.mps.lang.structure.behavior.ConceptDeclaration_BehaviorDescriptor.virtual_getImmediateSuperconcepts_1222430305282(ConceptDeclaration_BehaviorDescriptor.java:13)
			at sun.reflect.GeneratedMethodAccessor1418.invoke(Unknown Source)
			at sun.reflect.DelegatingMethodAccessorImpl.invoke(DelegatingMethodAccessorImpl.java:25)
			at java.lang.reflect.Method.invoke(Method.java:597)
			at jetbrains.mps.smodel.runtime.impl.CompiledBehaviorDescriptor.genericInvoke(CompiledBehaviorDescriptor.java:83)
			at jetbrains.mps.smodel.runtime.impl.CompiledBehaviorDescriptor.invoke(CompiledBehaviorDescriptor.java:64)
			at jetbrains.mps.smodel.behaviour.BehaviorReflection.invokeVirtual(BehaviorReflection.java:61)
			at jetbrains.mps.smodel.behaviour.BehaviorReflection.invokeVirtual(BehaviorReflection.java:86)
			at jetbrains.mps.lang.structure.generator_new.baseLanguage.QueriesGenerated.insertMacro_varValue_2225291943437352919(QueriesGenerated.java:385)
			at sun.reflect.GeneratedMethodAccessor1417.invoke(Unknown Source)
			at sun.reflect.DelegatingMethodAccessorImpl.invoke(DelegatingMethodAccessorImpl.java:25)
			at java.lang.reflect.Method.invoke(Method.java:597)
			at jetbrains.mps.util.QueryMethodGenerated.invoke(QueryMethodGenerated.java:166)
			at jetbrains.mps.util.QueryMethodGenerated.invoke(QueryMethodGenerated.java:153)
			at jetbrains.mps.util.QueryMethodGenerated.invoke(QueryMethodGenerated.java:150)
			at jetbrains.mps.generator.template.DefaultQueryExecutionContext.evaluateVariableQuery(DefaultQueryExecutionContext.java:249)
			at jetbrains.mps.generator.impl.template.QueryExecutionContextWithDependencyRecording.evaluateVariableQuery(QueryExecutionContextWithDependencyRecording.java:130)
			at jetbrains.mps.generator.impl.TemplateProcessor$VarMacro.apply(TemplateProcessor.java:478)
			at jetbrains.mps.generator.impl.TemplateProcessor.applyTemplate(TemplateProcessor.java:151)
			at jetbrains.mps.generator.impl.TemplateProcessor.applyTemplate(TemplateProcessor.java:245)
			at jetbrains.mps.generator.impl.TemplateProcessor.applyTemplate(TemplateProcessor.java:245)
			at jetbrains.mps.generator.impl.TemplateProcessor.applyTemplate(TemplateProcessor.java:245)
			at jetbrains.mps.generator.impl.TemplateProcessor.applyTemplate(TemplateProcessor.java:245)
			at jetbrains.mps.generator.impl.TemplateProcessor.applyTemplate(TemplateProcessor.java:245)
			at jetbrains.mps.generator.impl.TemplateProcessor.applyTemplate(TemplateProcessor.java:245)
			at jetbrains.mps.generator.impl.TemplateProcessor.applyTemplate(TemplateProcessor.java:245)
			at jetbrains.mps.generator.impl.TemplateProcessor.applyTemplate(TemplateProcessor.java:245)
			at jetbrains.mps.generator.impl.TemplateProcessor.applyTemplate(TemplateProcessor.java:245)
			at jetbrains.mps.generator.impl.TemplateProcessor.applyTemplate(TemplateProcessor.java:245)
			at jetbrains.mps.generator.impl.TemplateProcessor.applyTemplate(TemplateProcessor.java:245)
			at jetbrains.mps.generator.impl.TemplateProcessor$MapSrcMacros.apply(TemplateProcessor.java:551)
			at jetbrains.mps.generator.impl.TemplateProcessor.applyTemplate(TemplateProcessor.java:151)
			at jetbrains.mps.generator.impl.TemplateProcessor.applyTemplate(TemplateProcessor.java:245)
			at jetbrains.mps.generator.impl.TemplateProcessor.applyTemplate(TemplateProcessor.java:245)
			at jetbrains.mps.generator.impl.TemplateProcessor.applyTemplate(TemplateProcessor.java:245)
			at jetbrains.mps.generator.impl.TemplateProcessor$LoopMacro.apply(TemplateProcessor.java:351)
			at jetbrains.mps.generator.impl.TemplateProcessor.applyTemplate(TemplateProcessor.java:151)
			at jetbrains.mps.generator.impl.TemplateProcessor.applyTemplate(TemplateProcessor.java:245)
			at jetbrains.mps.generator.impl.TemplateProcessor.applyTemplate(TemplateProcessor.java:245)
			at jetbrains.mps.generator.impl.TemplateProcessor.applyTemplate(TemplateProcessor.java:245)
			at jetbrains.mps.generator.impl.TemplateProcessor.applyTemplate(TemplateProcessor.java:245)
			at jetbrains.mps.generator.impl.TemplateProcessor.apply(TemplateProcessor.java:97)
			at jetbrains.mps.generator.impl.interpreted.TemplateCreateRootRuleInterpreted.apply(TemplateCreateRootRuleInterpreted.java:76)
			at jetbrains.mps.generator.template.DefaultQueryExecutionContext.applyRule(DefaultQueryExecutionContext.java:396)
			at jetbrains.mps.generator.impl.template.QueryExecutionContextWithDependencyRecording.applyRule(QueryExecutionContextWithDependencyRecording.java:236)
			at jetbrains.mps.generator.impl.TemplateGenerator.createRootNodeByRule(TemplateGenerator.java:342)
			at jetbrains.mps.generator.impl.ParallelTemplateGenerator.access$001(ParallelTemplateGenerator.java:48)
			at jetbrains.mps.generator.impl.ParallelTemplateGenerator$1.run(ParallelTemplateGenerator.java:84)
			at jetbrains.mps.generator.impl.ParallelTemplateGenerator$CompositeGenerationTask.run(ParallelTemplateGenerator.java:252)
			at jetbrains.mps.generator.impl.GenerationTaskPool$GenerationTaskAdapter.runInternal(GenerationTaskPool.java:69)
			at jetbrains.mps.generator.impl.GenerationTaskPool$GenerationTaskAdapter.run(GenerationTaskPool.java:86)
			at java.util.concurrent.ThreadPoolExecutor$Worker.runTask(ThreadPoolExecutor.java:895)
			at java.util.concurrent.ThreadPoolExecutor$Worker.run(ThreadPoolExecutor.java:918)
			at java.lang.Thread.run(Thread.java:695)

-------------------------
r:f04c1476-2f91-4f59-be13-c8e009abebee(jetbrains.mps.baseLanguageInternal.generator.template.main@generator) in common
		java.lang.Throwable
			at jetbrains.mps.generator.impl.dependencies.IncrementalDependenciesBuilder.reportModelAccess(IncrementalDependenciesBuilder.java:115)
			at jetbrains.mps.generator.impl.dependencies.RootDependenciesBuilder.addModelAccess(RootDependenciesBuilder.java:94)
			at jetbrains.mps.generator.impl.dependencies.RootDependenciesBuilder.nodeUnclassifiedReadAccess(RootDependenciesBuilder.java:215)
			at jetbrains.mps.smodel.NodeReadEventsCaster$ListenersContainer.fireNodeUnclassifiedReadAccess(NodeReadEventsCaster.java:128)
			at jetbrains.mps.smodel.NodeReadEventsCaster.fireNodeUnclassifiedReadAccess(NodeReadEventsCaster.java:51)
			at jetbrains.mps.smodel.SNode.fireNodeUnclassifiedReadAccess(SNode.java:1023)
			at jetbrains.mps.smodel.SNode$ChildrenList$ChildrenIterator.readNode(SNode.java:1125)
			at jetbrains.mps.smodel.SNode$ChildrenList$ChildrenIterator.getCurrent(SNode.java:1113)
			at jetbrains.mps.smodel.SNode$ChildrenList$ChildrenIterator.getCurrent(SNode.java:1077)
			at jetbrains.mps.util.AbstractSequentialList$AbstractSequentialIterator.hasNext(AbstractSequentialList.java:100)
			at jetbrains.mps.lang.smodel.generator.smodelAdapter.SLinkOperations.getTarget(SLinkOperations.java:32)
			at jetbrains.mps.generator.impl.RuleUtil.getIfMacro_ConditionFunction(RuleUtil.java:216)
			at jetbrains.mps.generator.template.DefaultQueryExecutionContext.checkConditionForIfMacro(DefaultQueryExecutionContext.java:115)
			at jetbrains.mps.generator.impl.template.QueryExecutionContextWithDependencyRecording.checkConditionForIfMacro(QueryExecutionContextWithDependencyRecording.java:70)
			at jetbrains.mps.generator.impl.TemplateProcessor$IfMacro.apply(TemplateProcessor.java:500)
			at jetbrains.mps.generator.impl.TemplateProcessor.applyTemplate(TemplateProcessor.java:151)
			at jetbrains.mps.generator.impl.TemplateContainer.apply(TemplateContainer.java:73)
			at jetbrains.mps.generator.impl.RuleConsequenceProcessor.processRuleConsequence(RuleConsequenceProcessor.java:66)
			at jetbrains.mps.generator.impl.interpreted.TemplateReductionRuleInterpreted.apply(TemplateReductionRuleInterpreted.java:130)
			at jetbrains.mps.generator.impl.interpreted.TemplateReductionRuleInterpreted.tryToApply(TemplateReductionRuleInterpreted.java:90)
			at jetbrains.mps.generator.template.DefaultQueryExecutionContext.tryToApply(DefaultQueryExecutionContext.java:381)
			at jetbrains.mps.generator.impl.template.QueryExecutionContextWithDependencyRecording.tryToApply(QueryExecutionContextWithDependencyRecording.java:204)
			at jetbrains.mps.generator.impl.TemplateGenerator.tryToReduce(TemplateGenerator.java:530)
			at jetbrains.mps.generator.impl.TemplateGenerator.tryToReduce(TemplateGenerator.java:478)
			at jetbrains.mps.generator.impl.TemplateGenerator$FullCopyFacility.copyInputNode(TemplateGenerator.java:986)
			at jetbrains.mps.generator.impl.TemplateGenerator$FullCopyFacility.copyInputNode(TemplateGenerator.java:1000)
			at jetbrains.mps.generator.impl.TemplateGenerator$FullCopyFacility.copyInputNode(TemplateGenerator.java:1000)
			at jetbrains.mps.generator.impl.TemplateGenerator$FullCopyFacility.copyInputNode(TemplateGenerator.java:1000)
			at jetbrains.mps.generator.impl.TemplateGenerator$FullCopyFacility.copyInputNode(TemplateGenerator.java:1000)
			at jetbrains.mps.generator.impl.TemplateGenerator$FullCopyFacility.copyRootInputNode(TemplateGenerator.java:887)
			at jetbrains.mps.generator.impl.TemplateGenerator.copyRootInputNode(TemplateGenerator.java:409)
			at jetbrains.mps.generator.impl.ParallelTemplateGenerator.access$201(ParallelTemplateGenerator.java:48)
			at jetbrains.mps.generator.impl.ParallelTemplateGenerator$3.run(ParallelTemplateGenerator.java:104)
			at jetbrains.mps.generator.impl.ParallelTemplateGenerator$CompositeGenerationTask.run(ParallelTemplateGenerator.java:252)
			at jetbrains.mps.generator.impl.GenerationTaskPool$GenerationTaskAdapter.runInternal(GenerationTaskPool.java:69)
			at jetbrains.mps.generator.impl.GenerationTaskPool$GenerationTaskAdapter.run(GenerationTaskPool.java:86)
			at java.util.concurrent.ThreadPoolExecutor$Worker.runTask(ThreadPoolExecutor.java:895)
			at java.util.concurrent.ThreadPoolExecutor$Worker.run(ThreadPoolExecutor.java:918)
			at java.lang.Thread.run(Thread.java:695)

