-------------------------
f:java_stub#1ed103c3-3aa6-49b7-9c21-6765ee11f224#jetbrains.mps.checkedName(MPS.Editor/jetbrains.mps.checkedName@java_stub) in 4844813484172611410
		java.lang.Throwable
			at jetbrains.mps.generator.impl.dependencies.IncrementalDependenciesBuilder.reportModelAccess(IncrementalDependenciesBuilder.java:115)
			at jetbrains.mps.generator.impl.dependencies.RootDependenciesBuilder.addModelAccess(RootDependenciesBuilder.java:94)
			at jetbrains.mps.generator.impl.dependencies.RootDependenciesBuilder.nodeUnclassifiedReadAccess(RootDependenciesBuilder.java:215)
			at jetbrains.mps.smodel.NodeReadEventsCaster$ListenersContainer.fireNodeUnclassifiedReadAccess(NodeReadEventsCaster.java:128)
			at jetbrains.mps.smodel.NodeReadEventsCaster.fireNodeUnclassifiedReadAccess(NodeReadEventsCaster.java:51)
			at jetbrains.mps.smodel.SNode.fireNodeUnclassifiedReadAccess(SNode.java:1023)
			at jetbrains.mps.smodel.SModel.getNode(SModel.java:204)
			at jetbrains.mps.extapi.model.SModelBase.getNode(SModelBase.java:118)
			at jetbrains.mps.smodel.StaticReference.getTargetNode_internal(StaticReference.java:118)
			at jetbrains.mps.smodel.SReference.getTargetNode(SReference.java:67)
			at jetbrains.mps.smodel.SNode.getReferenceTarget(SNode.java:411)
			at jetbrains.mps.smodel.SNode.getReferenceTarget(SNode.java:50)
			at jetbrains.mps.lang.smodel.generator.smodelAdapter.SLinkOperations.getTarget(SLinkOperations.java:34)
			at jetbrains.mps.baseLanguage.closures.constraints.ClassifierTypeUtil.getTypeCoercedToClassifierType(ClassifierTypeUtil.java:51)
			at jetbrains.mps.baseLanguage.collections.generator.baseLanguage.template.main.QueriesGenerated.sourceNodeQuery_1206457244547(QueriesGenerated.java:984)
			at sun.reflect.GeneratedMethodAccessor1553.invoke(Unknown Source)
			at sun.reflect.DelegatingMethodAccessorImpl.invoke(DelegatingMethodAccessorImpl.java:25)
			at java.lang.reflect.Method.invoke(Method.java:597)
			at jetbrains.mps.util.QueryMethodGenerated.invoke(QueryMethodGenerated.java:166)
			at jetbrains.mps.util.QueryMethodGenerated.invoke(QueryMethodGenerated.java:153)
			at jetbrains.mps.util.QueryMethodGenerated.invoke(QueryMethodGenerated.java:150)
			at jetbrains.mps.generator.template.DefaultQueryExecutionContext.evaluateSourceNodeQuery(DefaultQueryExecutionContext.java:211)
			at jetbrains.mps.generator.impl.template.QueryExecutionContextWithDependencyRecording.evaluateSourceNodeQuery(QueryExecutionContextWithDependencyRecording.java:110)
			at jetbrains.mps.generator.impl.template.InputQueryUtil.getNewInputNode(InputQueryUtil.java:115)
			at jetbrains.mps.generator.impl.template.InputQueryUtil.getNewInputNodes(InputQueryUtil.java:72)
			at jetbrains.mps.generator.impl.TemplateProcessor$MacroImpl.getNewInputNodes(TemplateProcessor.java:308)
			at jetbrains.mps.generator.impl.TemplateProcessor$CopySrcMacros.apply(TemplateProcessor.java:372)
			at jetbrains.mps.generator.impl.TemplateProcessor.applyTemplate(TemplateProcessor.java:151)
			at jetbrains.mps.generator.impl.TemplateProcessor.applyTemplate(TemplateProcessor.java:245)
			at jetbrains.mps.generator.impl.TemplateContainer.apply(TemplateContainer.java:73)
			at jetbrains.mps.generator.impl.RuleConsequenceProcessor.processRuleConsequence(RuleConsequenceProcessor.java:66)
			at jetbrains.mps.generator.impl.interpreted.TemplateReductionRuleInterpreted.apply(TemplateReductionRuleInterpreted.java:130)
			at jetbrains.mps.generator.impl.interpreted.TemplateReductionRuleInterpreted.tryToApply(TemplateReductionRuleInterpreted.java:90)
			at jetbrains.mps.generator.template.DefaultQueryExecutionContext.tryToApply(DefaultQueryExecutionContext.java:381)
			at jetbrains.mps.generator.impl.template.QueryExecutionContextWithDependencyRecording.tryToApply(QueryExecutionContextWithDependencyRecording.java:204)
			at jetbrains.mps.generator.impl.TemplateGenerator.tryToReduce(TemplateGenerator.java:530)
			at jetbrains.mps.generator.impl.TemplateGenerator.tryToReduce(TemplateGenerator.java:478)
			at jetbrains.mps.generator.impl.TemplateGenerator$FullCopyFacility.copyInputNode(TemplateGenerator.java:986)
			at jetbrains.mps.generator.impl.TemplateGenerator$FullCopyFacility.copyInputNode(TemplateGenerator.java:1000)
			at jetbrains.mps.generator.impl.TemplateGenerator$FullCopyFacility.copyInputNode(TemplateGenerator.java:1000)
			at jetbrains.mps.generator.impl.TemplateGenerator$FullCopyFacility.copyInputNode(TemplateGenerator.java:1000)
			at jetbrains.mps.generator.impl.TemplateGenerator$FullCopyFacility.copyInputNode(TemplateGenerator.java:1000)
			at jetbrains.mps.generator.impl.TemplateGenerator$FullCopyFacility.copyRootInputNode(TemplateGenerator.java:887)
			at jetbrains.mps.generator.impl.TemplateGenerator.copyRootInputNode(TemplateGenerator.java:409)
			at jetbrains.mps.generator.impl.ParallelTemplateGenerator.access$201(ParallelTemplateGenerator.java:48)
			at jetbrains.mps.generator.impl.ParallelTemplateGenerator$3.run(ParallelTemplateGenerator.java:104)
			at jetbrains.mps.generator.impl.ParallelTemplateGenerator$CompositeGenerationTask.run(ParallelTemplateGenerator.java:252)
			at jetbrains.mps.generator.impl.GenerationTaskPool$GenerationTaskAdapter.runInternal(GenerationTaskPool.java:69)
			at jetbrains.mps.generator.impl.GenerationTaskPool$GenerationTaskAdapter.run(GenerationTaskPool.java:86)
			at java.util.concurrent.ThreadPoolExecutor$Worker.runTask(ThreadPoolExecutor.java:895)
			at java.util.concurrent.ThreadPoolExecutor$Worker.run(ThreadPoolExecutor.java:918)
			at java.lang.Thread.run(Thread.java:695)

-------------------------
f:java_stub#1ed103c3-3aa6-49b7-9c21-6765ee11f224#jetbrains.mps.checkedName(MPS.Editor/jetbrains.mps.checkedName@java_stub) in common
		java.lang.Throwable
			at jetbrains.mps.generator.impl.dependencies.IncrementalDependenciesBuilder.reportModelAccess(IncrementalDependenciesBuilder.java:115)
			at jetbrains.mps.generator.impl.dependencies.RootDependenciesBuilder.addModelAccess(RootDependenciesBuilder.java:94)
			at jetbrains.mps.generator.impl.dependencies.RootDependenciesBuilder.nodeUnclassifiedReadAccess(RootDependenciesBuilder.java:215)
			at jetbrains.mps.smodel.NodeReadEventsCaster$ListenersContainer.fireNodeUnclassifiedReadAccess(NodeReadEventsCaster.java:128)
			at jetbrains.mps.smodel.NodeReadEventsCaster.fireNodeUnclassifiedReadAccess(NodeReadEventsCaster.java:51)
			at jetbrains.mps.smodel.SNode.fireNodeUnclassifiedReadAccess(SNode.java:1023)
			at jetbrains.mps.smodel.SModel.getNode(SModel.java:204)
			at jetbrains.mps.extapi.model.SModelBase.getNode(SModelBase.java:118)
			at jetbrains.mps.smodel.StaticReference.getTargetNode_internal(StaticReference.java:118)
			at jetbrains.mps.smodel.SReference.getTargetNode(SReference.java:67)
			at jetbrains.mps.smodel.SNode.getReferenceTarget(SNode.java:411)
			at jetbrains.mps.smodel.SNode.getReferenceTarget(SNode.java:50)
			at jetbrains.mps.lang.smodel.generator.smodelAdapter.SLinkOperations.getTarget(SLinkOperations.java:34)
			at jetbrains.mps.baseLanguage.closures.constraints.ClassifierTypeUtil.getTypeCoercedToClassifierType(ClassifierTypeUtil.java:51)
			at jetbrains.mps.baseLanguage.collections.generator.baseLanguage.template.main.QueriesGenerated.sourceNodeQuery_1206457244547(QueriesGenerated.java:984)
			at sun.reflect.GeneratedMethodAccessor1553.invoke(Unknown Source)
			at sun.reflect.DelegatingMethodAccessorImpl.invoke(DelegatingMethodAccessorImpl.java:25)
			at java.lang.reflect.Method.invoke(Method.java:597)
			at jetbrains.mps.util.QueryMethodGenerated.invoke(QueryMethodGenerated.java:166)
			at jetbrains.mps.util.QueryMethodGenerated.invoke(QueryMethodGenerated.java:153)
			at jetbrains.mps.util.QueryMethodGenerated.invoke(QueryMethodGenerated.java:150)
			at jetbrains.mps.generator.template.DefaultQueryExecutionContext.evaluateSourceNodeQuery(DefaultQueryExecutionContext.java:211)
			at jetbrains.mps.generator.impl.template.QueryExecutionContextWithDependencyRecording.evaluateSourceNodeQuery(QueryExecutionContextWithDependencyRecording.java:110)
			at jetbrains.mps.generator.impl.template.InputQueryUtil.getNewInputNode(InputQueryUtil.java:115)
			at jetbrains.mps.generator.impl.template.InputQueryUtil.getNewInputNodes(InputQueryUtil.java:72)
			at jetbrains.mps.generator.impl.TemplateProcessor$MacroImpl.getNewInputNodes(TemplateProcessor.java:308)
			at jetbrains.mps.generator.impl.TemplateProcessor$CopySrcMacros.apply(TemplateProcessor.java:372)
			at jetbrains.mps.generator.impl.TemplateProcessor.applyTemplate(TemplateProcessor.java:151)
			at jetbrains.mps.generator.impl.TemplateProcessor.applyTemplate(TemplateProcessor.java:245)
			at jetbrains.mps.generator.impl.TemplateContainer.apply(TemplateContainer.java:73)
			at jetbrains.mps.generator.impl.RuleConsequenceProcessor.processRuleConsequence(RuleConsequenceProcessor.java:66)
			at jetbrains.mps.generator.impl.interpreted.TemplateReductionRuleInterpreted.apply(TemplateReductionRuleInterpreted.java:130)
			at jetbrains.mps.generator.impl.interpreted.TemplateReductionRuleInterpreted.tryToApply(TemplateReductionRuleInterpreted.java:90)
			at jetbrains.mps.generator.template.DefaultQueryExecutionContext.tryToApply(DefaultQueryExecutionContext.java:381)
			at jetbrains.mps.generator.impl.template.QueryExecutionContextWithDependencyRecording.tryToApply(QueryExecutionContextWithDependencyRecording.java:204)
			at jetbrains.mps.generator.impl.TemplateGenerator.tryToReduce(TemplateGenerator.java:530)
			at jetbrains.mps.generator.impl.TemplateGenerator.tryToReduce(TemplateGenerator.java:478)
			at jetbrains.mps.generator.impl.TemplateGenerator$FullCopyFacility.copyInputNode(TemplateGenerator.java:986)
			at jetbrains.mps.generator.impl.TemplateGenerator$FullCopyFacility.copyInputNode(TemplateGenerator.java:1000)
			at jetbrains.mps.generator.impl.TemplateGenerator$FullCopyFacility.copyRootInputNode(TemplateGenerator.java:887)
			at jetbrains.mps.generator.impl.TemplateGenerator.copyRootInputNode(TemplateGenerator.java:409)
			at jetbrains.mps.generator.impl.ParallelTemplateGenerator.access$201(ParallelTemplateGenerator.java:48)
			at jetbrains.mps.generator.impl.ParallelTemplateGenerator$3.run(ParallelTemplateGenerator.java:104)
			at jetbrains.mps.generator.impl.ParallelTemplateGenerator$CompositeGenerationTask.run(ParallelTemplateGenerator.java:252)
			at jetbrains.mps.generator.impl.GenerationTaskPool$GenerationTaskAdapter.runInternal(GenerationTaskPool.java:69)
			at jetbrains.mps.generator.impl.GenerationTaskPool$GenerationTaskAdapter.run(GenerationTaskPool.java:86)
			at java.util.concurrent.ThreadPoolExecutor$Worker.runTask(ThreadPoolExecutor.java:895)
			at java.util.concurrent.ThreadPoolExecutor$Worker.run(ThreadPoolExecutor.java:918)
			at java.lang.Thread.run(Thread.java:695)

-------------------------
f:java_stub#6354ebe7-c22a-4a0f-ac54-50b52ab9b065#java.lang(JDK/java.lang@java_stub) in 4844813484172611410
		java.lang.Throwable
			at jetbrains.mps.generator.impl.dependencies.IncrementalDependenciesBuilder.reportModelAccess(IncrementalDependenciesBuilder.java:115)
			at jetbrains.mps.generator.impl.dependencies.RootDependenciesBuilder.addModelAccess(RootDependenciesBuilder.java:94)
			at jetbrains.mps.generator.impl.dependencies.RootDependenciesBuilder.nodeUnclassifiedReadAccess(RootDependenciesBuilder.java:215)
			at jetbrains.mps.smodel.NodeReadEventsCaster$ListenersContainer.fireNodeUnclassifiedReadAccess(NodeReadEventsCaster.java:128)
			at jetbrains.mps.smodel.NodeReadEventsCaster.fireNodeUnclassifiedReadAccess(NodeReadEventsCaster.java:51)
			at jetbrains.mps.smodel.SNode.fireNodeUnclassifiedReadAccess(SNode.java:1023)
			at jetbrains.mps.smodel.SModel.getNode(SModel.java:204)
			at jetbrains.mps.extapi.model.SModelBase.getNode(SModelBase.java:118)
			at jetbrains.mps.smodel.StaticReference.getTargetNode_internal(StaticReference.java:118)
			at jetbrains.mps.smodel.SReference.getTargetNode(SReference.java:67)
			at jetbrains.mps.util.SNodeOperations.getTargetNodeSilently(SNodeOperations.java:315)
			at jetbrains.mps.smodel.CopyUtil.addReferences(CopyUtil.java:151)
			at jetbrains.mps.smodel.CopyUtil.copy(CopyUtil.java:113)
			at jetbrains.mps.smodel.CopyUtil.copy(CopyUtil.java:90)
			at jetbrains.mps.lang.smodel.generator.smodelAdapter.SNodeOperations.copyNode(SNodeOperations.java:43)
			at jetbrains.mps.baseLanguage.typesystem.typeOf_ArrayCreatorWithInitializer_InferenceRule.applyRule(typeOf_ArrayCreatorWithInitializer_InferenceRule.java:34)
			at jetbrains.mps.newTypesystem.operation.ApplyRuleOperation.execute(ApplyRuleOperation.java:47)
			at jetbrains.mps.newTypesystem.state.State.executeOperation(State.java:301)
			at jetbrains.mps.newTypesystem.state.TargetState.executeOperation(TargetState.java:56)
			at jetbrains.mps.newTypesystem.state.State.applyRuleToNode(State.java:159)
			at jetbrains.mps.newTypesystem.context.component.SimpleTypecheckingComponent.applyRulesToNode(SimpleTypecheckingComponent.java:149)
			at jetbrains.mps.newTypesystem.context.component.SimpleTypecheckingComponent.applyRulesToNode(SimpleTypecheckingComponent.java:156)
			at jetbrains.mps.newTypesystem.context.component.SimpleTypecheckingComponent.drainQueue(SimpleTypecheckingComponent.java:193)
			at jetbrains.mps.newTypesystem.context.component.SimpleTypecheckingComponent.computeTypesSpecial(SimpleTypecheckingComponent.java:216)
			at jetbrains.mps.newTypesystem.context.component.SimpleTypecheckingComponent.computeTypesForNode_special__(SimpleTypecheckingComponent.java:232)
			at jetbrains.mps.newTypesystem.context.component.SimpleTypecheckingComponent.computeTypesForNode_special_(SimpleTypecheckingComponent.java:224)
			at jetbrains.mps.newTypesystem.context.component.SimpleTypecheckingComponent.computeTypesForNode_special(SimpleTypecheckingComponent.java:79)
			at jetbrains.mps.newTypesystem.context.typechecking.BaseTypechecking.computeTypesForNode_special(BaseTypechecking.java:69)
			at jetbrains.mps.newTypesystem.context.typechecking.BaseTypechecking.computeTypesForNodeDuringGeneration(BaseTypechecking.java:74)
			at jetbrains.mps.newTypesystem.context.SimpleTypecheckingContext$1.compute(SimpleTypecheckingContext.java:106)
			at jetbrains.mps.newTypesystem.context.SimpleTypecheckingContext$1.compute(SimpleTypecheckingContext.java:103)
			at jetbrains.mps.newTypesystem.rules.LanguageScopeExecutor.execWithModelScope(LanguageScopeExecutor.java:32)
			at jetbrains.mps.newTypesystem.context.SimpleTypecheckingContext.getTypeOf_generationMode(SimpleTypecheckingContext.java:103)
			at jetbrains.mps.typesystem.inference.TypeContextManager.getTypeOf(TypeContextManager.java:298)
			at jetbrains.mps.typesystem.inference.TypeChecker.getTypeOf(TypeChecker.java:232)
			at jetbrains.mps.baseLanguage.closures.generator.baseLanguage.template.main.QueriesGenerated.baseMappingRule_Condition_181303132969132999(QueriesGenerated.java:238)
			at jetbrains.mps.baseLanguage.closures.generator.baseLanguage.template.main.QueriesGenerated.baseMappingRuleCondition(QueriesGenerated.java:3866)
			at jetbrains.mps.baseLanguage.closures.generator.baseLanguage.template.main.QueriesGenerated$9.check(QueriesGenerated.java:3922)
			at jetbrains.mps.generator.impl.interpreted.TemplateReductionRuleInterpreted.checkCondition(TemplateReductionRuleInterpreted.java:110)
			at jetbrains.mps.generator.impl.interpreted.TemplateReductionRuleInterpreted.tryToApply(TemplateReductionRuleInterpreted.java:79)
			at jetbrains.mps.generator.template.DefaultQueryExecutionContext.tryToApply(DefaultQueryExecutionContext.java:381)
			at jetbrains.mps.generator.impl.template.QueryExecutionContextWithDependencyRecording.tryToApply(QueryExecutionContextWithDependencyRecording.java:204)
			at jetbrains.mps.generator.impl.TemplateGenerator.tryToReduce(TemplateGenerator.java:530)
			at jetbrains.mps.generator.impl.TemplateGenerator.tryToReduce(TemplateGenerator.java:478)
			at jetbrains.mps.generator.impl.TemplateGenerator$FullCopyFacility.copyInputNode(TemplateGenerator.java:986)
			at jetbrains.mps.generator.impl.TemplateGenerator$FullCopyFacility.copyInputNode(TemplateGenerator.java:1000)
			at jetbrains.mps.generator.impl.TemplateGenerator$FullCopyFacility.copyInputNode(TemplateGenerator.java:1000)
			at jetbrains.mps.generator.impl.TemplateGenerator$FullCopyFacility.copyRootInputNode(TemplateGenerator.java:887)
			at jetbrains.mps.generator.impl.TemplateGenerator.copyRootInputNode(TemplateGenerator.java:409)
			at jetbrains.mps.generator.impl.ParallelTemplateGenerator.access$201(ParallelTemplateGenerator.java:48)
			at jetbrains.mps.generator.impl.ParallelTemplateGenerator$3.run(ParallelTemplateGenerator.java:104)
			at jetbrains.mps.generator.impl.ParallelTemplateGenerator$CompositeGenerationTask.run(ParallelTemplateGenerator.java:252)
			at jetbrains.mps.generator.impl.GenerationTaskPool$GenerationTaskAdapter.runInternal(GenerationTaskPool.java:69)
			at jetbrains.mps.generator.impl.GenerationTaskPool$GenerationTaskAdapter.run(GenerationTaskPool.java:86)
			at java.util.concurrent.ThreadPoolExecutor$Worker.runTask(ThreadPoolExecutor.java:895)
			at java.util.concurrent.ThreadPoolExecutor$Worker.run(ThreadPoolExecutor.java:918)
			at java.lang.Thread.run(Thread.java:695)

-------------------------
f:java_stub#6354ebe7-c22a-4a0f-ac54-50b52ab9b065#java.util(JDK/java.util@java_stub) in 4844813484172611410
		java.lang.Throwable
			at jetbrains.mps.generator.impl.dependencies.IncrementalDependenciesBuilder.reportModelAccess(IncrementalDependenciesBuilder.java:115)
			at jetbrains.mps.generator.impl.dependencies.RootDependenciesBuilder.addModelAccess(RootDependenciesBuilder.java:94)
			at jetbrains.mps.generator.impl.dependencies.RootDependenciesBuilder.nodeUnclassifiedReadAccess(RootDependenciesBuilder.java:215)
			at jetbrains.mps.smodel.NodeReadEventsCaster$ListenersContainer.fireNodeUnclassifiedReadAccess(NodeReadEventsCaster.java:128)
			at jetbrains.mps.smodel.NodeReadEventsCaster.fireNodeUnclassifiedReadAccess(NodeReadEventsCaster.java:51)
			at jetbrains.mps.smodel.SNode.fireNodeUnclassifiedReadAccess(SNode.java:1023)
			at jetbrains.mps.smodel.SModel.getNode(SModel.java:204)
			at jetbrains.mps.extapi.model.SModelBase.getNode(SModelBase.java:118)
			at jetbrains.mps.smodel.StaticReference.getTargetNode_internal(StaticReference.java:118)
			at jetbrains.mps.smodel.SReference.getTargetNode(SReference.java:67)
			at jetbrains.mps.newTypesystem.TypesUtil.getNodeReferents(TypesUtil.java:121)
			at jetbrains.mps.newTypesystem.TypesUtil.getVariablesInside(TypesUtil.java:106)
			at jetbrains.mps.newTypesystem.TypesUtil.getVariables(TypesUtil.java:88)
			at jetbrains.mps.newTypesystem.state.Equations.processEquation(Equations.java:155)
			at jetbrains.mps.newTypesystem.state.Equations.addEquation(Equations.java:130)
			at jetbrains.mps.newTypesystem.state.State.addEquation(State.java:240)
			at jetbrains.mps.newTypesystem.state.State.addEquation(State.java:245)
			at jetbrains.mps.newTypesystem.context.BaseTypecheckingContext.createEquation(BaseTypecheckingContext.java:106)
			at jetbrains.mps.typesystem.inference.TypeCheckingContext.createEquation(TypeCheckingContext.java:104)
			at jetbrains.mps.baseLanguage.typesystem.typeof_BaseVariableDeclaration_InferenceRule.applyRule(typeof_BaseVariableDeclaration_InferenceRule.java:28)
			at jetbrains.mps.newTypesystem.operation.ApplyRuleOperation.execute(ApplyRuleOperation.java:47)
			at jetbrains.mps.newTypesystem.state.State.executeOperation(State.java:301)
			at jetbrains.mps.newTypesystem.state.TargetState.executeOperation(TargetState.java:56)
			at jetbrains.mps.newTypesystem.state.State.applyRuleToNode(State.java:159)
			at jetbrains.mps.newTypesystem.context.component.SimpleTypecheckingComponent.applyRulesToNode(SimpleTypecheckingComponent.java:149)
			at jetbrains.mps.newTypesystem.context.component.SimpleTypecheckingComponent.applyRulesToNode(SimpleTypecheckingComponent.java:156)
			at jetbrains.mps.newTypesystem.context.component.SimpleTypecheckingComponent.drainQueue(SimpleTypecheckingComponent.java:193)
			at jetbrains.mps.newTypesystem.context.component.SimpleTypecheckingComponent.computeTypesSpecial(SimpleTypecheckingComponent.java:216)
			at jetbrains.mps.newTypesystem.context.component.SimpleTypecheckingComponent.computeTypesForNode_special__(SimpleTypecheckingComponent.java:232)
			at jetbrains.mps.newTypesystem.context.component.SimpleTypecheckingComponent.computeTypesForNode_special_(SimpleTypecheckingComponent.java:224)
			at jetbrains.mps.newTypesystem.context.component.SimpleTypecheckingComponent.computeTypesForNode_special(SimpleTypecheckingComponent.java:79)
			at jetbrains.mps.newTypesystem.context.typechecking.BaseTypechecking.computeTypesForNode_special(BaseTypechecking.java:69)
			at jetbrains.mps.newTypesystem.context.typechecking.BaseTypechecking.computeTypesForNodeDuringGeneration(BaseTypechecking.java:74)
			at jetbrains.mps.newTypesystem.context.SimpleTypecheckingContext$1.compute(SimpleTypecheckingContext.java:106)
			at jetbrains.mps.newTypesystem.context.SimpleTypecheckingContext$1.compute(SimpleTypecheckingContext.java:103)
			at jetbrains.mps.newTypesystem.rules.LanguageScopeExecutor.execWithModelScope(LanguageScopeExecutor.java:32)
			at jetbrains.mps.newTypesystem.context.SimpleTypecheckingContext.getTypeOf_generationMode(SimpleTypecheckingContext.java:103)
			at jetbrains.mps.typesystem.inference.TypeContextManager.getTypeOf(TypeContextManager.java:298)
			at jetbrains.mps.typesystem.inference.TypeChecker.getTypeOf(TypeChecker.java:232)
			at jetbrains.mps.baseLanguage.collections.generator.baseLanguage.template.main.QueriesGenerated.templateArgumentQuery_7880518146485737441(QueriesGenerated.java:2146)
			at sun.reflect.GeneratedMethodAccessor1551.invoke(Unknown Source)
			at sun.reflect.DelegatingMethodAccessorImpl.invoke(DelegatingMethodAccessorImpl.java:25)
			at java.lang.reflect.Method.invoke(Method.java:597)
			at jetbrains.mps.util.QueryMethodGenerated.invoke(QueryMethodGenerated.java:166)
			at jetbrains.mps.util.QueryMethodGenerated.invoke(QueryMethodGenerated.java:153)
			at jetbrains.mps.util.QueryMethodGenerated.invoke(QueryMethodGenerated.java:150)
			at jetbrains.mps.generator.template.DefaultQueryExecutionContext.evaluateArgumentQuery(DefaultQueryExecutionContext.java:230)
			at jetbrains.mps.generator.impl.template.QueryExecutionContextWithDependencyRecording.evaluateArgumentQuery(QueryExecutionContextWithDependencyRecording.java:120)
			at jetbrains.mps.generator.impl.GeneratorUtil.createTemplateCallContext(GeneratorUtil.java:110)
			at jetbrains.mps.generator.impl.TemplateProcessor$SwitchWithArgMacro.prepareContext(TemplateProcessor.java:649)
			at jetbrains.mps.generator.impl.TemplateProcessor$SwitchMacro.apply(TemplateProcessor.java:606)
			at jetbrains.mps.generator.impl.TemplateProcessor.applyTemplate(TemplateProcessor.java:151)
			at jetbrains.mps.generator.impl.TemplateProcessor.applyTemplate(TemplateProcessor.java:245)
			at jetbrains.mps.generator.impl.TemplateContainer.apply(TemplateContainer.java:73)
			at jetbrains.mps.generator.impl.RuleConsequenceProcessor.processRuleConsequence(RuleConsequenceProcessor.java:66)
			at jetbrains.mps.generator.impl.interpreted.TemplateReductionRuleInterpreted.apply(TemplateReductionRuleInterpreted.java:130)
			at jetbrains.mps.generator.impl.interpreted.TemplateReductionRuleInterpreted.tryToApply(TemplateReductionRuleInterpreted.java:90)
			at jetbrains.mps.generator.template.DefaultQueryExecutionContext.tryToApply(DefaultQueryExecutionContext.java:381)
			at jetbrains.mps.generator.impl.template.QueryExecutionContextWithDependencyRecording.tryToApply(QueryExecutionContextWithDependencyRecording.java:204)
			at jetbrains.mps.generator.impl.TemplateGenerator.tryToReduce(TemplateGenerator.java:530)
			at jetbrains.mps.generator.impl.TemplateGenerator.tryToReduce(TemplateGenerator.java:500)
			at jetbrains.mps.generator.impl.TemplateExecutionEnvironmentImpl.trySwitch(TemplateExecutionEnvironmentImpl.java:147)
			at jetbrains.mps.generator.impl.TemplateProcessor$SwitchMacro.apply(TemplateProcessor.java:610)
			at jetbrains.mps.generator.impl.TemplateProcessor.applyTemplate(TemplateProcessor.java:151)
			at jetbrains.mps.generator.impl.TemplateContainer.apply(TemplateContainer.java:73)
			at jetbrains.mps.generator.impl.RuleConsequenceProcessor.processRuleConsequence(RuleConsequenceProcessor.java:66)
			at jetbrains.mps.generator.impl.interpreted.TemplateReductionRuleInterpreted.apply(TemplateReductionRuleInterpreted.java:130)
			at jetbrains.mps.generator.impl.interpreted.TemplateReductionRuleInterpreted.tryToApply(TemplateReductionRuleInterpreted.java:90)
			at jetbrains.mps.generator.template.DefaultQueryExecutionContext.tryToApply(DefaultQueryExecutionContext.java:381)
			at jetbrains.mps.generator.impl.template.QueryExecutionContextWithDependencyRecording.tryToApply(QueryExecutionContextWithDependencyRecording.java:204)
			at jetbrains.mps.generator.impl.TemplateGenerator.tryToReduce(TemplateGenerator.java:530)
			at jetbrains.mps.generator.impl.TemplateGenerator.tryToReduce(TemplateGenerator.java:478)
			at jetbrains.mps.generator.impl.TemplateGenerator$FullCopyFacility.copyInputNode(TemplateGenerator.java:986)
			at jetbrains.mps.generator.impl.TemplateGenerator$FullCopyFacility.copyInputNode(TemplateGenerator.java:1000)
			at jetbrains.mps.generator.impl.TemplateGenerator$FullCopyFacility.copyInputNode(TemplateGenerator.java:1000)
			at jetbrains.mps.generator.impl.TemplateGenerator$FullCopyFacility.copyInputNode(TemplateGenerator.java:1000)
			at jetbrains.mps.generator.impl.TemplateGenerator$FullCopyFacility.copyInputNode(TemplateGenerator.java:1000)
			at jetbrains.mps.generator.impl.TemplateGenerator$FullCopyFacility.copyInputNode(TemplateGenerator.java:1000)
			at jetbrains.mps.generator.impl.TemplateGenerator$FullCopyFacility.copyRootInputNode(TemplateGenerator.java:887)
			at jetbrains.mps.generator.impl.TemplateGenerator.copyRootInputNode(TemplateGenerator.java:409)
			at jetbrains.mps.generator.impl.ParallelTemplateGenerator.access$201(ParallelTemplateGenerator.java:48)
			at jetbrains.mps.generator.impl.ParallelTemplateGenerator$3.run(ParallelTemplateGenerator.java:104)
			at jetbrains.mps.generator.impl.ParallelTemplateGenerator$CompositeGenerationTask.run(ParallelTemplateGenerator.java:252)
			at jetbrains.mps.generator.impl.GenerationTaskPool$GenerationTaskAdapter.runInternal(GenerationTaskPool.java:69)
			at jetbrains.mps.generator.impl.GenerationTaskPool$GenerationTaskAdapter.run(GenerationTaskPool.java:86)
			at java.util.concurrent.ThreadPoolExecutor$Worker.runTask(ThreadPoolExecutor.java:895)
			at java.util.concurrent.ThreadPoolExecutor$Worker.run(ThreadPoolExecutor.java:918)
			at java.lang.Thread.run(Thread.java:695)

-------------------------
f:java_stub#8865b7a8-5271-43d3-884c-6fd1d9cfdd34#org.jetbrains.mps.openapi.model(MPS.OpenAPI/org.jetbrains.mps.openapi.model@java_stub) in 4844813484172611410
		java.lang.Throwable
			at jetbrains.mps.generator.impl.dependencies.IncrementalDependenciesBuilder.reportModelAccess(IncrementalDependenciesBuilder.java:115)
			at jetbrains.mps.generator.impl.dependencies.RootDependenciesBuilder.addModelAccess(RootDependenciesBuilder.java:94)
			at jetbrains.mps.generator.impl.dependencies.RootDependenciesBuilder.nodeUnclassifiedReadAccess(RootDependenciesBuilder.java:215)
			at jetbrains.mps.smodel.NodeReadEventsCaster$ListenersContainer.fireNodeUnclassifiedReadAccess(NodeReadEventsCaster.java:128)
			at jetbrains.mps.smodel.NodeReadEventsCaster.fireNodeUnclassifiedReadAccess(NodeReadEventsCaster.java:51)
			at jetbrains.mps.smodel.SNode.fireNodeUnclassifiedReadAccess(SNode.java:1023)
			at jetbrains.mps.smodel.SModel.getNode(SModel.java:204)
			at jetbrains.mps.extapi.model.SModelBase.getNode(SModelBase.java:118)
			at jetbrains.mps.smodel.StaticReference.getTargetNode_internal(StaticReference.java:118)
			at jetbrains.mps.smodel.SReference.getTargetNode(SReference.java:67)
			at jetbrains.mps.newTypesystem.TypesUtil.getNodeReferents(TypesUtil.java:121)
			at jetbrains.mps.newTypesystem.TypesUtil.getVariablesInside(TypesUtil.java:106)
			at jetbrains.mps.newTypesystem.TypesUtil.getVariablesInside(TypesUtil.java:104)
			at jetbrains.mps.newTypesystem.TypesUtil.getVariables(TypesUtil.java:88)
			at jetbrains.mps.newTypesystem.state.Equations.processEquation(Equations.java:155)
			at jetbrains.mps.newTypesystem.state.Equations.addEquation(Equations.java:130)
			at jetbrains.mps.newTypesystem.state.State.addEquation(State.java:240)
			at jetbrains.mps.newTypesystem.state.State.addEquation(State.java:245)
			at jetbrains.mps.newTypesystem.context.BaseTypecheckingContext.createEquation(BaseTypecheckingContext.java:106)
			at jetbrains.mps.typesystem.inference.TypeCheckingContext.createEquation(TypeCheckingContext.java:104)
			at jetbrains.mps.baseLanguage.typesystem.typeof_BaseVariableDeclaration_InferenceRule.applyRule(typeof_BaseVariableDeclaration_InferenceRule.java:28)
			at jetbrains.mps.newTypesystem.operation.ApplyRuleOperation.execute(ApplyRuleOperation.java:47)
			at jetbrains.mps.newTypesystem.state.State.executeOperation(State.java:301)
			at jetbrains.mps.newTypesystem.state.TargetState.executeOperation(TargetState.java:56)
			at jetbrains.mps.newTypesystem.state.State.applyRuleToNode(State.java:159)
			at jetbrains.mps.newTypesystem.context.component.SimpleTypecheckingComponent.applyRulesToNode(SimpleTypecheckingComponent.java:149)
			at jetbrains.mps.newTypesystem.context.component.SimpleTypecheckingComponent.applyRulesToNode(SimpleTypecheckingComponent.java:156)
			at jetbrains.mps.newTypesystem.context.component.SimpleTypecheckingComponent.drainQueue(SimpleTypecheckingComponent.java:193)
			at jetbrains.mps.newTypesystem.context.component.SimpleTypecheckingComponent.computeTypesSpecial(SimpleTypecheckingComponent.java:216)
			at jetbrains.mps.newTypesystem.context.component.SimpleTypecheckingComponent.computeTypesForNode_special__(SimpleTypecheckingComponent.java:232)
			at jetbrains.mps.newTypesystem.context.component.SimpleTypecheckingComponent.computeTypesForNode_special_(SimpleTypecheckingComponent.java:224)
			at jetbrains.mps.newTypesystem.context.component.SimpleTypecheckingComponent.computeTypesForNode_special(SimpleTypecheckingComponent.java:79)
			at jetbrains.mps.newTypesystem.context.typechecking.BaseTypechecking.computeTypesForNode_special(BaseTypechecking.java:69)
			at jetbrains.mps.newTypesystem.context.typechecking.BaseTypechecking.computeTypesForNodeDuringGeneration(BaseTypechecking.java:74)
			at jetbrains.mps.newTypesystem.context.SimpleTypecheckingContext$1.compute(SimpleTypecheckingContext.java:106)
			at jetbrains.mps.newTypesystem.context.SimpleTypecheckingContext$1.compute(SimpleTypecheckingContext.java:103)
			at jetbrains.mps.newTypesystem.rules.LanguageScopeExecutor.execWithModelScope(LanguageScopeExecutor.java:32)
			at jetbrains.mps.newTypesystem.context.SimpleTypecheckingContext.getTypeOf_generationMode(SimpleTypecheckingContext.java:103)
			at jetbrains.mps.typesystem.inference.TypeContextManager.getTypeOf(TypeContextManager.java:298)
			at jetbrains.mps.typesystem.inference.TypeChecker.getTypeOf(TypeChecker.java:232)
			at jetbrains.mps.baseLanguage.collections.generator.baseLanguage.template.main.QueriesGenerated.templateArgumentQuery_7880518146485737441(QueriesGenerated.java:2146)
			at sun.reflect.GeneratedMethodAccessor1551.invoke(Unknown Source)
			at sun.reflect.DelegatingMethodAccessorImpl.invoke(DelegatingMethodAccessorImpl.java:25)
			at java.lang.reflect.Method.invoke(Method.java:597)
			at jetbrains.mps.util.QueryMethodGenerated.invoke(QueryMethodGenerated.java:166)
			at jetbrains.mps.util.QueryMethodGenerated.invoke(QueryMethodGenerated.java:153)
			at jetbrains.mps.util.QueryMethodGenerated.invoke(QueryMethodGenerated.java:150)
			at jetbrains.mps.generator.template.DefaultQueryExecutionContext.evaluateArgumentQuery(DefaultQueryExecutionContext.java:230)
			at jetbrains.mps.generator.impl.template.QueryExecutionContextWithDependencyRecording.evaluateArgumentQuery(QueryExecutionContextWithDependencyRecording.java:120)
			at jetbrains.mps.generator.impl.GeneratorUtil.createTemplateCallContext(GeneratorUtil.java:110)
			at jetbrains.mps.generator.impl.TemplateProcessor$SwitchWithArgMacro.prepareContext(TemplateProcessor.java:649)
			at jetbrains.mps.generator.impl.TemplateProcessor$SwitchMacro.apply(TemplateProcessor.java:606)
			at jetbrains.mps.generator.impl.TemplateProcessor.applyTemplate(TemplateProcessor.java:151)
			at jetbrains.mps.generator.impl.TemplateProcessor.applyTemplate(TemplateProcessor.java:245)
			at jetbrains.mps.generator.impl.TemplateContainer.apply(TemplateContainer.java:73)
			at jetbrains.mps.generator.impl.RuleConsequenceProcessor.processRuleConsequence(RuleConsequenceProcessor.java:66)
			at jetbrains.mps.generator.impl.interpreted.TemplateReductionRuleInterpreted.apply(TemplateReductionRuleInterpreted.java:130)
			at jetbrains.mps.generator.impl.interpreted.TemplateReductionRuleInterpreted.tryToApply(TemplateReductionRuleInterpreted.java:90)
			at jetbrains.mps.generator.template.DefaultQueryExecutionContext.tryToApply(DefaultQueryExecutionContext.java:381)
			at jetbrains.mps.generator.impl.template.QueryExecutionContextWithDependencyRecording.tryToApply(QueryExecutionContextWithDependencyRecording.java:204)
			at jetbrains.mps.generator.impl.TemplateGenerator.tryToReduce(TemplateGenerator.java:530)
			at jetbrains.mps.generator.impl.TemplateGenerator.tryToReduce(TemplateGenerator.java:500)
			at jetbrains.mps.generator.impl.TemplateExecutionEnvironmentImpl.trySwitch(TemplateExecutionEnvironmentImpl.java:147)
			at jetbrains.mps.generator.impl.TemplateProcessor$SwitchMacro.apply(TemplateProcessor.java:610)
			at jetbrains.mps.generator.impl.TemplateProcessor.applyTemplate(TemplateProcessor.java:151)
			at jetbrains.mps.generator.impl.TemplateContainer.apply(TemplateContainer.java:73)
			at jetbrains.mps.generator.impl.RuleConsequenceProcessor.processRuleConsequence(RuleConsequenceProcessor.java:66)
			at jetbrains.mps.generator.impl.interpreted.TemplateReductionRuleInterpreted.apply(TemplateReductionRuleInterpreted.java:130)
			at jetbrains.mps.generator.impl.interpreted.TemplateReductionRuleInterpreted.tryToApply(TemplateReductionRuleInterpreted.java:90)
			at jetbrains.mps.generator.template.DefaultQueryExecutionContext.tryToApply(DefaultQueryExecutionContext.java:381)
			at jetbrains.mps.generator.impl.template.QueryExecutionContextWithDependencyRecording.tryToApply(QueryExecutionContextWithDependencyRecording.java:204)
			at jetbrains.mps.generator.impl.TemplateGenerator.tryToReduce(TemplateGenerator.java:530)
			at jetbrains.mps.generator.impl.TemplateGenerator.tryToReduce(TemplateGenerator.java:478)
			at jetbrains.mps.generator.impl.TemplateGenerator$FullCopyFacility.copyInputNode(TemplateGenerator.java:986)
			at jetbrains.mps.generator.impl.TemplateGenerator$FullCopyFacility.copyInputNode(TemplateGenerator.java:1000)
			at jetbrains.mps.generator.impl.TemplateGenerator$FullCopyFacility.copyInputNode(TemplateGenerator.java:1000)
			at jetbrains.mps.generator.impl.TemplateGenerator$FullCopyFacility.copyInputNode(TemplateGenerator.java:1000)
			at jetbrains.mps.generator.impl.TemplateGenerator$FullCopyFacility.copyInputNode(TemplateGenerator.java:1000)
			at jetbrains.mps.generator.impl.TemplateGenerator$FullCopyFacility.copyInputNode(TemplateGenerator.java:1000)
			at jetbrains.mps.generator.impl.TemplateGenerator$FullCopyFacility.copyRootInputNode(TemplateGenerator.java:887)
			at jetbrains.mps.generator.impl.TemplateGenerator.copyRootInputNode(TemplateGenerator.java:409)
			at jetbrains.mps.generator.impl.ParallelTemplateGenerator.access$201(ParallelTemplateGenerator.java:48)
			at jetbrains.mps.generator.impl.ParallelTemplateGenerator$3.run(ParallelTemplateGenerator.java:104)
			at jetbrains.mps.generator.impl.ParallelTemplateGenerator$CompositeGenerationTask.run(ParallelTemplateGenerator.java:252)
			at jetbrains.mps.generator.impl.GenerationTaskPool$GenerationTaskAdapter.runInternal(GenerationTaskPool.java:69)
			at jetbrains.mps.generator.impl.GenerationTaskPool$GenerationTaskAdapter.run(GenerationTaskPool.java:86)
			at java.util.concurrent.ThreadPoolExecutor$Worker.runTask(ThreadPoolExecutor.java:895)
			at java.util.concurrent.ThreadPoolExecutor$Worker.run(ThreadPoolExecutor.java:918)
			at java.lang.Thread.run(Thread.java:695)

-------------------------
r:00000000-0000-4000-0000-011c89590282(jetbrains.mps.lang.core.behavior) in common
		java.lang.Throwable
			at jetbrains.mps.generator.impl.dependencies.IncrementalDependenciesBuilder.reportModelAccess(IncrementalDependenciesBuilder.java:115)
			at jetbrains.mps.generator.impl.dependencies.RootDependenciesBuilder.addModelAccess(RootDependenciesBuilder.java:94)
			at jetbrains.mps.generator.impl.dependencies.RootDependenciesBuilder.modelNodesReadAccess(RootDependenciesBuilder.java:227)
			at jetbrains.mps.smodel.NodeReadEventsCaster$ListenersContainer.fireModelNodesReadAccess(NodeReadEventsCaster.java:133)
			at jetbrains.mps.smodel.NodeReadEventsCaster.fireModelNodesReadAccess(NodeReadEventsCaster.java:58)
			at jetbrains.mps.smodel.SModel.fireModelNodesReadAccess(SModel.java:260)
			at jetbrains.mps.smodel.SModel.getRootNodes(SModel.java:106)
			at jetbrains.mps.extapi.model.SModelBase.getRootNodes(SModelBase.java:107)
			at jetbrains.mps.lang.smodel.generator.smodelAdapter.SModelOperations.getRoots(SModelOperations.java:52)
			at jetbrains.mps.lang.structure.behavior.AbstractConceptDeclaration_Behavior.call_findConceptAspect_8360039740498069412(AbstractConceptDeclaration_Behavior.java:66)
			at jetbrains.mps.lang.structure.behavior.AbstractConceptDeclaration_Behavior.call_findConceptAspect_8360039740498068384(AbstractConceptDeclaration_Behavior.java:59)
			at jetbrains.mps.lang.structure.behavior.ConceptDeclaration_Behavior.call_getAllMethodsInPriorityOrder_9106339407519386338(ConceptDeclaration_Behavior.java:39)
			at jetbrains.mps.lang.behavior.generator.template.main.QueriesGenerated.sourceNodesQuery_7923290658387314426(QueriesGenerated.java:371)
			at sun.reflect.GeneratedMethodAccessor1873.invoke(Unknown Source)
			at sun.reflect.DelegatingMethodAccessorImpl.invoke(DelegatingMethodAccessorImpl.java:25)
			at java.lang.reflect.Method.invoke(Method.java:597)
			at jetbrains.mps.util.QueryMethodGenerated.invoke(QueryMethodGenerated.java:166)
			at jetbrains.mps.util.QueryMethodGenerated.invoke(QueryMethodGenerated.java:153)
			at jetbrains.mps.util.QueryMethodGenerated.invoke(QueryMethodGenerated.java:150)
			at jetbrains.mps.generator.template.DefaultQueryExecutionContext.evaluateSourceNodesQuery(DefaultQueryExecutionContext.java:272)
			at jetbrains.mps.generator.impl.template.QueryExecutionContextWithDependencyRecording.evaluateSourceNodesQuery(QueryExecutionContextWithDependencyRecording.java:140)
			at jetbrains.mps.generator.impl.template.InputQueryUtil.getNewInputNodes(InputQueryUtil.java:119)
			at jetbrains.mps.generator.impl.template.InputQueryUtil.getNewInputNodes(InputQueryUtil.java:67)
			at jetbrains.mps.generator.impl.TemplateProcessor$MacroImpl.getNewInputNodes(TemplateProcessor.java:308)
			at jetbrains.mps.generator.impl.TemplateProcessor$LoopMacro.apply(TemplateProcessor.java:340)
			at jetbrains.mps.generator.impl.TemplateProcessor.applyTemplate(TemplateProcessor.java:151)
			at jetbrains.mps.generator.impl.TemplateProcessor.applyTemplate(TemplateProcessor.java:245)
			at jetbrains.mps.generator.impl.TemplateProcessor.apply(TemplateProcessor.java:97)
			at jetbrains.mps.generator.impl.interpreted.TemplateRootMappingRuleInterpreted.apply(TemplateRootMappingRuleInterpreted.java:105)
			at jetbrains.mps.generator.template.DefaultQueryExecutionContext.applyRule(DefaultQueryExecutionContext.java:391)
			at jetbrains.mps.generator.impl.template.QueryExecutionContextWithDependencyRecording.applyRule(QueryExecutionContextWithDependencyRecording.java:223)
			at jetbrains.mps.generator.impl.TemplateGenerator.createRootNodeByRule(TemplateGenerator.java:365)
			at jetbrains.mps.generator.impl.ParallelTemplateGenerator.access$101(ParallelTemplateGenerator.java:48)
			at jetbrains.mps.generator.impl.ParallelTemplateGenerator$2.run(ParallelTemplateGenerator.java:94)
			at jetbrains.mps.generator.impl.ParallelTemplateGenerator$CompositeGenerationTask.run(ParallelTemplateGenerator.java:252)
			at jetbrains.mps.generator.impl.GenerationTaskPool$GenerationTaskAdapter.runInternal(GenerationTaskPool.java:69)
			at jetbrains.mps.generator.impl.GenerationTaskPool$GenerationTaskAdapter.run(GenerationTaskPool.java:86)
			at java.util.concurrent.ThreadPoolExecutor$Worker.runTask(ThreadPoolExecutor.java:895)
			at java.util.concurrent.ThreadPoolExecutor$Worker.run(ThreadPoolExecutor.java:918)
			at java.lang.Thread.run(Thread.java:695)

-------------------------
r:00000000-0000-4000-0000-011c89590288(jetbrains.mps.lang.core.structure) in common
		java.lang.Throwable
			at jetbrains.mps.generator.impl.dependencies.IncrementalDependenciesBuilder.reportModelAccess(IncrementalDependenciesBuilder.java:115)
			at jetbrains.mps.generator.impl.dependencies.RootDependenciesBuilder.addModelAccess(RootDependenciesBuilder.java:94)
			at jetbrains.mps.generator.impl.dependencies.RootDependenciesBuilder.nodeUnclassifiedReadAccess(RootDependenciesBuilder.java:215)
			at jetbrains.mps.smodel.NodeReadEventsCaster$ListenersContainer.fireNodeUnclassifiedReadAccess(NodeReadEventsCaster.java:128)
			at jetbrains.mps.smodel.NodeReadEventsCaster.fireNodeUnclassifiedReadAccess(NodeReadEventsCaster.java:51)
			at jetbrains.mps.smodel.SNode.fireNodeUnclassifiedReadAccess(SNode.java:1023)
			at jetbrains.mps.smodel.SModel.getNode(SModel.java:204)
			at jetbrains.mps.extapi.model.SModelBase.getNode(SModelBase.java:118)
			at jetbrains.mps.smodel.StaticReference.getTargetNode_internal(StaticReference.java:118)
			at jetbrains.mps.smodel.SReference.getTargetNode(SReference.java:67)
			at jetbrains.mps.smodel.SNode.getReferenceTarget(SNode.java:411)
			at jetbrains.mps.smodel.SNode.getReferenceTarget(SNode.java:50)
			at jetbrains.mps.lang.smodel.generator.smodelAdapter.SLinkOperations.getTarget(SLinkOperations.java:34)
			at jetbrains.mps.lang.structure.behavior.ConceptDeclaration_Behavior.call_getAllMethodsInPriorityOrder_9106339407519386338(ConceptDeclaration_Behavior.java:40)
			at jetbrains.mps.lang.behavior.generator.template.main.QueriesGenerated.sourceNodesQuery_7923290658387314426(QueriesGenerated.java:371)
			at sun.reflect.GeneratedMethodAccessor1873.invoke(Unknown Source)
			at sun.reflect.DelegatingMethodAccessorImpl.invoke(DelegatingMethodAccessorImpl.java:25)
			at java.lang.reflect.Method.invoke(Method.java:597)
			at jetbrains.mps.util.QueryMethodGenerated.invoke(QueryMethodGenerated.java:166)
			at jetbrains.mps.util.QueryMethodGenerated.invoke(QueryMethodGenerated.java:153)
			at jetbrains.mps.util.QueryMethodGenerated.invoke(QueryMethodGenerated.java:150)
			at jetbrains.mps.generator.template.DefaultQueryExecutionContext.evaluateSourceNodesQuery(DefaultQueryExecutionContext.java:272)
			at jetbrains.mps.generator.impl.template.QueryExecutionContextWithDependencyRecording.evaluateSourceNodesQuery(QueryExecutionContextWithDependencyRecording.java:140)
			at jetbrains.mps.generator.impl.template.InputQueryUtil.getNewInputNodes(InputQueryUtil.java:119)
			at jetbrains.mps.generator.impl.template.InputQueryUtil.getNewInputNodes(InputQueryUtil.java:67)
			at jetbrains.mps.generator.impl.TemplateProcessor$MacroImpl.getNewInputNodes(TemplateProcessor.java:308)
			at jetbrains.mps.generator.impl.TemplateProcessor$LoopMacro.apply(TemplateProcessor.java:340)
			at jetbrains.mps.generator.impl.TemplateProcessor.applyTemplate(TemplateProcessor.java:151)
			at jetbrains.mps.generator.impl.TemplateProcessor.applyTemplate(TemplateProcessor.java:245)
			at jetbrains.mps.generator.impl.TemplateProcessor.apply(TemplateProcessor.java:97)
			at jetbrains.mps.generator.impl.interpreted.TemplateRootMappingRuleInterpreted.apply(TemplateRootMappingRuleInterpreted.java:105)
			at jetbrains.mps.generator.template.DefaultQueryExecutionContext.applyRule(DefaultQueryExecutionContext.java:391)
			at jetbrains.mps.generator.impl.template.QueryExecutionContextWithDependencyRecording.applyRule(QueryExecutionContextWithDependencyRecording.java:223)
			at jetbrains.mps.generator.impl.TemplateGenerator.createRootNodeByRule(TemplateGenerator.java:365)
			at jetbrains.mps.generator.impl.ParallelTemplateGenerator.access$101(ParallelTemplateGenerator.java:48)
			at jetbrains.mps.generator.impl.ParallelTemplateGenerator$2.run(ParallelTemplateGenerator.java:94)
			at jetbrains.mps.generator.impl.ParallelTemplateGenerator$CompositeGenerationTask.run(ParallelTemplateGenerator.java:252)
			at jetbrains.mps.generator.impl.GenerationTaskPool$GenerationTaskAdapter.runInternal(GenerationTaskPool.java:69)
			at jetbrains.mps.generator.impl.GenerationTaskPool$GenerationTaskAdapter.run(GenerationTaskPool.java:86)
			at java.util.concurrent.ThreadPoolExecutor$Worker.runTask(ThreadPoolExecutor.java:895)
			at java.util.concurrent.ThreadPoolExecutor$Worker.run(ThreadPoolExecutor.java:918)
			at java.lang.Thread.run(Thread.java:695)

-------------------------
r:00000000-0000-4000-0000-011c895902c0(jetbrains.mps.baseLanguage.behavior) in common
		java.lang.Throwable
			at jetbrains.mps.generator.impl.dependencies.IncrementalDependenciesBuilder.reportModelAccess(IncrementalDependenciesBuilder.java:115)
			at jetbrains.mps.generator.impl.dependencies.RootDependenciesBuilder.addModelAccess(RootDependenciesBuilder.java:94)
			at jetbrains.mps.generator.impl.dependencies.RootDependenciesBuilder.modelNodesReadAccess(RootDependenciesBuilder.java:227)
			at jetbrains.mps.smodel.NodeReadEventsCaster$ListenersContainer.fireModelNodesReadAccess(NodeReadEventsCaster.java:133)
			at jetbrains.mps.smodel.NodeReadEventsCaster.fireModelNodesReadAccess(NodeReadEventsCaster.java:58)
			at jetbrains.mps.smodel.SModel.fireModelNodesReadAccess(SModel.java:260)
			at jetbrains.mps.smodel.SModel.getRootNodes(SModel.java:106)
			at jetbrains.mps.extapi.model.SModelBase.getRootNodes(SModelBase.java:107)
			at jetbrains.mps.lang.smodel.generator.smodelAdapter.SModelOperations.getRoots(SModelOperations.java:52)
			at jetbrains.mps.lang.structure.behavior.AbstractConceptDeclaration_Behavior.call_findConceptAspect_8360039740498069412(AbstractConceptDeclaration_Behavior.java:66)
			at jetbrains.mps.lang.structure.behavior.AbstractConceptDeclaration_Behavior.call_findConceptAspect_8360039740498068384(AbstractConceptDeclaration_Behavior.java:59)
			at jetbrains.mps.lang.structure.behavior.ConceptDeclaration_Behavior.call_getAllMethodsInPriorityOrder_9106339407519386338(ConceptDeclaration_Behavior.java:39)
			at jetbrains.mps.lang.behavior.generator.template.main.QueriesGenerated.sourceNodesQuery_7923290658387314426(QueriesGenerated.java:366)
			at sun.reflect.GeneratedMethodAccessor1873.invoke(Unknown Source)
			at sun.reflect.DelegatingMethodAccessorImpl.invoke(DelegatingMethodAccessorImpl.java:25)
			at java.lang.reflect.Method.invoke(Method.java:597)
			at jetbrains.mps.util.QueryMethodGenerated.invoke(QueryMethodGenerated.java:166)
			at jetbrains.mps.util.QueryMethodGenerated.invoke(QueryMethodGenerated.java:153)
			at jetbrains.mps.util.QueryMethodGenerated.invoke(QueryMethodGenerated.java:150)
			at jetbrains.mps.generator.template.DefaultQueryExecutionContext.evaluateSourceNodesQuery(DefaultQueryExecutionContext.java:272)
			at jetbrains.mps.generator.impl.template.QueryExecutionContextWithDependencyRecording.evaluateSourceNodesQuery(QueryExecutionContextWithDependencyRecording.java:140)
			at jetbrains.mps.generator.impl.template.InputQueryUtil.getNewInputNodes(InputQueryUtil.java:119)
			at jetbrains.mps.generator.impl.template.InputQueryUtil.getNewInputNodes(InputQueryUtil.java:67)
			at jetbrains.mps.generator.impl.TemplateProcessor$MacroImpl.getNewInputNodes(TemplateProcessor.java:308)
			at jetbrains.mps.generator.impl.TemplateProcessor$LoopMacro.apply(TemplateProcessor.java:340)
			at jetbrains.mps.generator.impl.TemplateProcessor.applyTemplate(TemplateProcessor.java:151)
			at jetbrains.mps.generator.impl.TemplateProcessor.applyTemplate(TemplateProcessor.java:245)
			at jetbrains.mps.generator.impl.TemplateProcessor.apply(TemplateProcessor.java:97)
			at jetbrains.mps.generator.impl.interpreted.TemplateRootMappingRuleInterpreted.apply(TemplateRootMappingRuleInterpreted.java:105)
			at jetbrains.mps.generator.template.DefaultQueryExecutionContext.applyRule(DefaultQueryExecutionContext.java:391)
			at jetbrains.mps.generator.impl.template.QueryExecutionContextWithDependencyRecording.applyRule(QueryExecutionContextWithDependencyRecording.java:223)
			at jetbrains.mps.generator.impl.TemplateGenerator.createRootNodeByRule(TemplateGenerator.java:365)
			at jetbrains.mps.generator.impl.ParallelTemplateGenerator.access$101(ParallelTemplateGenerator.java:48)
			at jetbrains.mps.generator.impl.ParallelTemplateGenerator$2.run(ParallelTemplateGenerator.java:94)
			at jetbrains.mps.generator.impl.ParallelTemplateGenerator$CompositeGenerationTask.run(ParallelTemplateGenerator.java:252)
			at jetbrains.mps.generator.impl.GenerationTaskPool$GenerationTaskAdapter.runInternal(GenerationTaskPool.java:69)
			at jetbrains.mps.generator.impl.GenerationTaskPool$GenerationTaskAdapter.run(GenerationTaskPool.java:86)
			at java.util.concurrent.ThreadPoolExecutor$Worker.runTask(ThreadPoolExecutor.java:895)
			at java.util.concurrent.ThreadPoolExecutor$Worker.run(ThreadPoolExecutor.java:918)
			at java.lang.Thread.run(Thread.java:695)

-------------------------
r:00000000-0000-4000-0000-011c895902ca(jetbrains.mps.baseLanguage.structure) in 4844813484172611410
		java.lang.Throwable
			at jetbrains.mps.generator.impl.dependencies.IncrementalDependenciesBuilder.reportModelAccess(IncrementalDependenciesBuilder.java:115)
			at jetbrains.mps.generator.impl.dependencies.RootDependenciesBuilder.addModelAccess(RootDependenciesBuilder.java:94)
			at jetbrains.mps.generator.impl.dependencies.RootDependenciesBuilder.nodeUnclassifiedReadAccess(RootDependenciesBuilder.java:215)
			at jetbrains.mps.smodel.NodeReadEventsCaster$ListenersContainer.fireNodeUnclassifiedReadAccess(NodeReadEventsCaster.java:128)
			at jetbrains.mps.smodel.NodeReadEventsCaster.fireNodeUnclassifiedReadAccess(NodeReadEventsCaster.java:51)
			at jetbrains.mps.smodel.SNode.fireNodeUnclassifiedReadAccess(SNode.java:1023)
			at jetbrains.mps.smodel.SModel.getNode(SModel.java:204)
			at jetbrains.mps.extapi.model.SModelBase.getNode(SModelBase.java:118)
			at jetbrains.mps.smodel.StaticReference.getTargetNode_internal(StaticReference.java:118)
			at jetbrains.mps.smodel.SReference.getTargetNode(SReference.java:67)
			at jetbrains.mps.util.SNodeOperations.getTargetNodeSilently(SNodeOperations.java:315)
			at jetbrains.mps.smodel.CopyUtil.addReferences(CopyUtil.java:151)
			at jetbrains.mps.smodel.CopyUtil.copy(CopyUtil.java:113)
			at jetbrains.mps.lang.typesystem.runtime.HUtil.copyIfNecessary(HUtil.java:39)
			at jetbrains.mps.lang.behavior.generator.template.main.QueriesGenerated._quotation_createNode_x583g4_a0a0c0zb(QueriesGenerated.java:557)
			at jetbrains.mps.lang.behavior.generator.template.main.QueriesGenerated.sourceNodeQuery_3624172675694562206(QueriesGenerated.java:289)
			at sun.reflect.GeneratedMethodAccessor1790.invoke(Unknown Source)
			at sun.reflect.DelegatingMethodAccessorImpl.invoke(DelegatingMethodAccessorImpl.java:25)
			at java.lang.reflect.Method.invoke(Method.java:597)
			at jetbrains.mps.util.QueryMethodGenerated.invoke(QueryMethodGenerated.java:166)
			at jetbrains.mps.util.QueryMethodGenerated.invoke(QueryMethodGenerated.java:153)
			at jetbrains.mps.util.QueryMethodGenerated.invoke(QueryMethodGenerated.java:150)
			at jetbrains.mps.generator.template.DefaultQueryExecutionContext.evaluateSourceNodeQuery(DefaultQueryExecutionContext.java:211)
			at jetbrains.mps.generator.impl.template.QueryExecutionContextWithDependencyRecording.evaluateSourceNodeQuery(QueryExecutionContextWithDependencyRecording.java:110)
			at jetbrains.mps.generator.impl.template.InputQueryUtil.getNewInputNode(InputQueryUtil.java:115)
			at jetbrains.mps.generator.impl.template.InputQueryUtil.getNewInputNodes(InputQueryUtil.java:72)
			at jetbrains.mps.generator.impl.TemplateProcessor$MacroImpl.getNewInputNodes(TemplateProcessor.java:308)
			at jetbrains.mps.generator.impl.TemplateProcessor$CopySrcMacros.apply(TemplateProcessor.java:372)
			at jetbrains.mps.generator.impl.TemplateProcessor.applyTemplate(TemplateProcessor.java:151)
			at jetbrains.mps.generator.impl.TemplateProcessor.applyTemplate(TemplateProcessor.java:245)
			at jetbrains.mps.generator.impl.TemplateProcessor.applyTemplate(TemplateProcessor.java:245)
			at jetbrains.mps.generator.impl.TemplateProcessor.applyTemplate(TemplateProcessor.java:245)
			at jetbrains.mps.generator.impl.TemplateProcessor.applyTemplate(TemplateProcessor.java:245)
			at jetbrains.mps.generator.impl.TemplateContainer.apply(TemplateContainer.java:73)
			at jetbrains.mps.generator.impl.TemplateProcessor$InvokeTemplateMacro.apply(TemplateProcessor.java:697)
			at jetbrains.mps.generator.impl.TemplateProcessor.applyTemplate(TemplateProcessor.java:151)
			at jetbrains.mps.generator.impl.TemplateProcessor$LoopMacro.apply(TemplateProcessor.java:351)
			at jetbrains.mps.generator.impl.TemplateProcessor.applyTemplate(TemplateProcessor.java:151)
			at jetbrains.mps.generator.impl.TemplateProcessor.applyTemplate(TemplateProcessor.java:245)
			at jetbrains.mps.generator.impl.TemplateProcessor.apply(TemplateProcessor.java:97)
			at jetbrains.mps.generator.impl.interpreted.TemplateRootMappingRuleInterpreted.apply(TemplateRootMappingRuleInterpreted.java:105)
			at jetbrains.mps.generator.template.DefaultQueryExecutionContext.applyRule(DefaultQueryExecutionContext.java:391)
			at jetbrains.mps.generator.impl.template.QueryExecutionContextWithDependencyRecording.applyRule(QueryExecutionContextWithDependencyRecording.java:223)
			at jetbrains.mps.generator.impl.TemplateGenerator.createRootNodeByRule(TemplateGenerator.java:365)
			at jetbrains.mps.generator.impl.ParallelTemplateGenerator.access$101(ParallelTemplateGenerator.java:48)
			at jetbrains.mps.generator.impl.ParallelTemplateGenerator$2.run(ParallelTemplateGenerator.java:94)
			at jetbrains.mps.generator.impl.ParallelTemplateGenerator$CompositeGenerationTask.run(ParallelTemplateGenerator.java:252)
			at jetbrains.mps.generator.impl.GenerationTaskPool$GenerationTaskAdapter.runInternal(GenerationTaskPool.java:69)
			at jetbrains.mps.generator.impl.GenerationTaskPool$GenerationTaskAdapter.run(GenerationTaskPool.java:86)
			at java.util.concurrent.ThreadPoolExecutor$Worker.runTask(ThreadPoolExecutor.java:895)
			at java.util.concurrent.ThreadPoolExecutor$Worker.run(ThreadPoolExecutor.java:918)
			at java.lang.Thread.run(Thread.java:695)

-------------------------
r:00000000-0000-4000-0000-011c895902ca(jetbrains.mps.baseLanguage.structure) in common
		java.lang.Throwable
			at jetbrains.mps.generator.impl.dependencies.IncrementalDependenciesBuilder.reportModelAccess(IncrementalDependenciesBuilder.java:115)
			at jetbrains.mps.generator.impl.dependencies.RootDependenciesBuilder.addModelAccess(RootDependenciesBuilder.java:94)
			at jetbrains.mps.generator.impl.dependencies.RootDependenciesBuilder.nodeUnclassifiedReadAccess(RootDependenciesBuilder.java:215)
			at jetbrains.mps.smodel.NodeReadEventsCaster$ListenersContainer.fireNodeUnclassifiedReadAccess(NodeReadEventsCaster.java:128)
			at jetbrains.mps.smodel.NodeReadEventsCaster.fireNodeUnclassifiedReadAccess(NodeReadEventsCaster.java:51)
			at jetbrains.mps.smodel.SNode.fireNodeUnclassifiedReadAccess(SNode.java:1023)
			at jetbrains.mps.smodel.SModel.getNode(SModel.java:204)
			at jetbrains.mps.extapi.model.SModelBase.getNode(SModelBase.java:118)
			at jetbrains.mps.smodel.StaticReference.getTargetNode_internal(StaticReference.java:118)
			at jetbrains.mps.smodel.SReference.getTargetNode(SReference.java:67)
			at jetbrains.mps.smodel.SNode.getReferenceTarget(SNode.java:411)
			at jetbrains.mps.smodel.SNode.getReferenceTarget(SNode.java:50)
			at jetbrains.mps.lang.smodel.generator.smodelAdapter.SLinkOperations.getTarget(SLinkOperations.java:34)
			at jetbrains.mps.lang.structure.behavior.ConceptDeclaration_Behavior.call_getAllMethodsInPriorityOrder_9106339407519386338(ConceptDeclaration_Behavior.java:40)
			at jetbrains.mps.lang.behavior.generator.template.main.QueriesGenerated.sourceNodesQuery_7923290658387314426(QueriesGenerated.java:366)
			at sun.reflect.GeneratedMethodAccessor1873.invoke(Unknown Source)
			at sun.reflect.DelegatingMethodAccessorImpl.invoke(DelegatingMethodAccessorImpl.java:25)
			at java.lang.reflect.Method.invoke(Method.java:597)
			at jetbrains.mps.util.QueryMethodGenerated.invoke(QueryMethodGenerated.java:166)
			at jetbrains.mps.util.QueryMethodGenerated.invoke(QueryMethodGenerated.java:153)
			at jetbrains.mps.util.QueryMethodGenerated.invoke(QueryMethodGenerated.java:150)
			at jetbrains.mps.generator.template.DefaultQueryExecutionContext.evaluateSourceNodesQuery(DefaultQueryExecutionContext.java:272)
			at jetbrains.mps.generator.impl.template.QueryExecutionContextWithDependencyRecording.evaluateSourceNodesQuery(QueryExecutionContextWithDependencyRecording.java:140)
			at jetbrains.mps.generator.impl.template.InputQueryUtil.getNewInputNodes(InputQueryUtil.java:119)
			at jetbrains.mps.generator.impl.template.InputQueryUtil.getNewInputNodes(InputQueryUtil.java:67)
			at jetbrains.mps.generator.impl.TemplateProcessor$MacroImpl.getNewInputNodes(TemplateProcessor.java:308)
			at jetbrains.mps.generator.impl.TemplateProcessor$LoopMacro.apply(TemplateProcessor.java:340)
			at jetbrains.mps.generator.impl.TemplateProcessor.applyTemplate(TemplateProcessor.java:151)
			at jetbrains.mps.generator.impl.TemplateProcessor.applyTemplate(TemplateProcessor.java:245)
			at jetbrains.mps.generator.impl.TemplateProcessor.apply(TemplateProcessor.java:97)
			at jetbrains.mps.generator.impl.interpreted.TemplateRootMappingRuleInterpreted.apply(TemplateRootMappingRuleInterpreted.java:105)
			at jetbrains.mps.generator.template.DefaultQueryExecutionContext.applyRule(DefaultQueryExecutionContext.java:391)
			at jetbrains.mps.generator.impl.template.QueryExecutionContextWithDependencyRecording.applyRule(QueryExecutionContextWithDependencyRecording.java:223)
			at jetbrains.mps.generator.impl.TemplateGenerator.createRootNodeByRule(TemplateGenerator.java:365)
			at jetbrains.mps.generator.impl.ParallelTemplateGenerator.access$101(ParallelTemplateGenerator.java:48)
			at jetbrains.mps.generator.impl.ParallelTemplateGenerator$2.run(ParallelTemplateGenerator.java:94)
			at jetbrains.mps.generator.impl.ParallelTemplateGenerator$CompositeGenerationTask.run(ParallelTemplateGenerator.java:252)
			at jetbrains.mps.generator.impl.GenerationTaskPool$GenerationTaskAdapter.runInternal(GenerationTaskPool.java:69)
			at jetbrains.mps.generator.impl.GenerationTaskPool$GenerationTaskAdapter.run(GenerationTaskPool.java:86)
			at java.util.concurrent.ThreadPoolExecutor$Worker.runTask(ThreadPoolExecutor.java:895)
			at java.util.concurrent.ThreadPoolExecutor$Worker.run(ThreadPoolExecutor.java:918)
			at java.lang.Thread.run(Thread.java:695)

-------------------------
r:00000000-0000-4000-0000-011c89590303(jetbrains.mps.lang.smodel.generator.baseLanguage.template.main@generator) in 4844813484172611410
		java.lang.Throwable
			at jetbrains.mps.generator.impl.dependencies.IncrementalDependenciesBuilder.reportModelAccess(IncrementalDependenciesBuilder.java:115)
			at jetbrains.mps.generator.impl.dependencies.RootDependenciesBuilder.addModelAccess(RootDependenciesBuilder.java:94)
			at jetbrains.mps.generator.impl.dependencies.RootDependenciesBuilder.nodePropertyReadAccess(RootDependenciesBuilder.java:138)
			at jetbrains.mps.smodel.NodeReadEventsCaster$ListenersContainer.fireNodePropertyReadAccess(NodeReadEventsCaster.java:118)
			at jetbrains.mps.smodel.NodeReadEventsCaster.fireNodePropertyReadAccess(NodeReadEventsCaster.java:37)
			at jetbrains.mps.smodel.SNode.fireNodePropertyReadAccess(SNode.java:1038)
			at jetbrains.mps.smodel.SNode.getProperty(SNode.java:208)
			at jetbrains.mps.smodel.runtime.base.BasePropertyConstraintsDescriptor.getValue(BasePropertyConstraintsDescriptor.java:154)
			at jetbrains.mps.smodel.SNodeAccessUtilImpl.getPropertyImpl(SNodeAccessUtilImpl.java:61)
			at org.jetbrains.mps.openapi.model.SNodeAccessUtil.getProperty(SNodeAccessUtil.java:35)
			at jetbrains.mps.lang.smodel.generator.smodelAdapter.SPropertyOperations.getString(SPropertyOperations.java:27)
			at jetbrains.mps.lang.smodel.generator.smodelAdapter.AttributeOperations.getPropertyName(AttributeOperations.java:98)
			at jetbrains.mps.generator.template.DefaultQueryExecutionContext.expandPropertyMacro(DefaultQueryExecutionContext.java:182)
			at jetbrains.mps.generator.impl.template.QueryExecutionContextWithDependencyRecording.expandPropertyMacro(QueryExecutionContextWithDependencyRecording.java:100)
			at jetbrains.mps.generator.impl.TemplateProcessor.applyTemplate(TemplateProcessor.java:179)
			at jetbrains.mps.generator.impl.TemplateProcessor.applyTemplate(TemplateProcessor.java:245)
			at jetbrains.mps.generator.impl.TemplateContainer.apply(TemplateContainer.java:73)
			at jetbrains.mps.generator.impl.RuleConsequenceProcessor.processRuleConsequence(RuleConsequenceProcessor.java:66)
			at jetbrains.mps.generator.impl.interpreted.TemplateReductionRuleInterpreted.apply(TemplateReductionRuleInterpreted.java:130)
			at jetbrains.mps.generator.impl.interpreted.TemplateReductionRuleInterpreted.tryToApply(TemplateReductionRuleInterpreted.java:90)
			at jetbrains.mps.generator.template.DefaultQueryExecutionContext.tryToApply(DefaultQueryExecutionContext.java:381)
			at jetbrains.mps.generator.impl.template.QueryExecutionContextWithDependencyRecording.tryToApply(QueryExecutionContextWithDependencyRecording.java:204)
			at jetbrains.mps.generator.impl.TemplateGenerator.tryToReduce(TemplateGenerator.java:530)
			at jetbrains.mps.generator.impl.TemplateGenerator.tryToReduce(TemplateGenerator.java:478)
			at jetbrains.mps.generator.impl.TemplateGenerator$FullCopyFacility.copyInputNode(TemplateGenerator.java:986)
			at jetbrains.mps.generator.impl.TemplateGenerator$FullCopyFacility.copyInputNode(TemplateGenerator.java:1000)
			at jetbrains.mps.generator.impl.TemplateGenerator$FullCopyFacility.copyInputNode(TemplateGenerator.java:1000)
			at jetbrains.mps.generator.impl.TemplateGenerator$FullCopyFacility.copyInputNode(TemplateGenerator.java:1000)
			at jetbrains.mps.generator.impl.TemplateGenerator$FullCopyFacility.copyInputNode(TemplateGenerator.java:1000)
			at jetbrains.mps.generator.impl.TemplateGenerator$FullCopyFacility.copyInputNode(TemplateGenerator.java:1000)
			at jetbrains.mps.generator.impl.TemplateGenerator$FullCopyFacility.copyRootInputNode(TemplateGenerator.java:887)
			at jetbrains.mps.generator.impl.TemplateGenerator.copyRootInputNode(TemplateGenerator.java:409)
			at jetbrains.mps.generator.impl.ParallelTemplateGenerator.access$201(ParallelTemplateGenerator.java:48)
			at jetbrains.mps.generator.impl.ParallelTemplateGenerator$3.run(ParallelTemplateGenerator.java:104)
			at jetbrains.mps.generator.impl.ParallelTemplateGenerator$CompositeGenerationTask.run(ParallelTemplateGenerator.java:252)
			at jetbrains.mps.generator.impl.GenerationTaskPool$GenerationTaskAdapter.runInternal(GenerationTaskPool.java:69)
			at jetbrains.mps.generator.impl.GenerationTaskPool$GenerationTaskAdapter.run(GenerationTaskPool.java:86)
			at java.util.concurrent.ThreadPoolExecutor$Worker.runTask(ThreadPoolExecutor.java:895)
			at java.util.concurrent.ThreadPoolExecutor$Worker.run(ThreadPoolExecutor.java:918)
			at java.lang.Thread.run(Thread.java:695)

-------------------------
r:00000000-0000-4000-0000-011c8959032e(jetbrains.mps.baseLanguage.collections.structure) in 4844813484172611410
		java.lang.Throwable
			at jetbrains.mps.generator.impl.dependencies.IncrementalDependenciesBuilder.reportModelAccess(IncrementalDependenciesBuilder.java:115)
			at jetbrains.mps.generator.impl.dependencies.RootDependenciesBuilder.addModelAccess(RootDependenciesBuilder.java:94)
			at jetbrains.mps.generator.impl.dependencies.RootDependenciesBuilder.nodePropertyReadAccess(RootDependenciesBuilder.java:138)
			at jetbrains.mps.smodel.NodeReadEventsCaster$ListenersContainer.fireNodePropertyReadAccess(NodeReadEventsCaster.java:118)
			at jetbrains.mps.smodel.NodeReadEventsCaster.fireNodePropertyReadAccess(NodeReadEventsCaster.java:37)
			at jetbrains.mps.smodel.SNode.fireNodePropertyReadAccess(SNode.java:1038)
			at jetbrains.mps.smodel.SNode.getProperty(SNode.java:208)
			at jetbrains.mps.smodel.runtime.base.BasePropertyConstraintsDescriptor.getValue(BasePropertyConstraintsDescriptor.java:154)
			at jetbrains.mps.smodel.SNodeAccessUtilImpl.getPropertyImpl(SNodeAccessUtilImpl.java:61)
			at org.jetbrains.mps.openapi.model.SNodeAccessUtil.getProperty(SNodeAccessUtil.java:35)
			at jetbrains.mps.smodel.SNode.getName(SNode.java:180)
			at jetbrains.mps.util.NameUtil.nodeFQName(NameUtil.java:352)
			at jetbrains.mps.lang.smodel.generator.smodelAdapter.SConceptOperations.isExactly(SConceptOperations.java:37)
			at jetbrains.mps.lang.smodel.generator.baseLanguage.template.main.QueriesGenerated.baseMappingRule_Condition_1180637090808(QueriesGenerated.java:73)
			at sun.reflect.GeneratedMethodAccessor1516.invoke(Unknown Source)
			at sun.reflect.DelegatingMethodAccessorImpl.invoke(DelegatingMethodAccessorImpl.java:25)
			at java.lang.reflect.Method.invoke(Method.java:597)
			at jetbrains.mps.util.QueryMethodGenerated.invoke(QueryMethodGenerated.java:166)
			at jetbrains.mps.generator.impl.interpreted.ReflectiveQueryProvider$Impl.invokeBoolean(ReflectiveQueryProvider.java:129)
			at jetbrains.mps.generator.impl.interpreted.ReflectiveQueryProvider$Impl.check(ReflectiveQueryProvider.java:167)
			at jetbrains.mps.generator.impl.interpreted.TemplateReductionRuleInterpreted.checkCondition(TemplateReductionRuleInterpreted.java:110)
			at jetbrains.mps.generator.impl.interpreted.TemplateReductionRuleInterpreted.tryToApply(TemplateReductionRuleInterpreted.java:79)
			at jetbrains.mps.generator.template.DefaultQueryExecutionContext.tryToApply(DefaultQueryExecutionContext.java:381)
			at jetbrains.mps.generator.impl.template.QueryExecutionContextWithDependencyRecording.tryToApply(QueryExecutionContextWithDependencyRecording.java:204)
			at jetbrains.mps.generator.impl.TemplateGenerator.tryToReduce(TemplateGenerator.java:530)
			at jetbrains.mps.generator.impl.TemplateGenerator.tryToReduce(TemplateGenerator.java:478)
			at jetbrains.mps.generator.impl.TemplateGenerator$FullCopyFacility.copyInputNode(TemplateGenerator.java:986)
			at jetbrains.mps.generator.impl.TemplateGenerator$FullCopyFacility.copyInputNode(TemplateGenerator.java:1000)
			at jetbrains.mps.generator.impl.TemplateGenerator$FullCopyFacility.copyInputNode(TemplateGenerator.java:1000)
			at jetbrains.mps.generator.impl.TemplateGenerator.copyNodes(TemplateGenerator.java:599)
			at jetbrains.mps.generator.impl.TemplateProcessor$CopySrcMacros.apply(TemplateProcessor.java:375)
			at jetbrains.mps.generator.impl.TemplateProcessor.applyTemplate(TemplateProcessor.java:151)
			at jetbrains.mps.generator.impl.TemplateProcessor.applyTemplate(TemplateProcessor.java:245)
			at jetbrains.mps.generator.impl.TemplateProcessor$LoopMacro.apply(TemplateProcessor.java:351)
			at jetbrains.mps.generator.impl.TemplateProcessor.applyTemplate(TemplateProcessor.java:151)
			at jetbrains.mps.generator.impl.TemplateProcessor.applyTemplate(TemplateProcessor.java:245)
			at jetbrains.mps.generator.impl.TemplateProcessor.apply(TemplateProcessor.java:97)
			at jetbrains.mps.generator.impl.interpreted.TemplateRootMappingRuleInterpreted.apply(TemplateRootMappingRuleInterpreted.java:105)
			at jetbrains.mps.generator.template.DefaultQueryExecutionContext.applyRule(DefaultQueryExecutionContext.java:391)
			at jetbrains.mps.generator.impl.template.QueryExecutionContextWithDependencyRecording.applyRule(QueryExecutionContextWithDependencyRecording.java:223)
			at jetbrains.mps.generator.impl.TemplateGenerator.createRootNodeByRule(TemplateGenerator.java:365)
			at jetbrains.mps.generator.impl.ParallelTemplateGenerator.access$101(ParallelTemplateGenerator.java:48)
			at jetbrains.mps.generator.impl.ParallelTemplateGenerator$2.run(ParallelTemplateGenerator.java:94)
			at jetbrains.mps.generator.impl.ParallelTemplateGenerator$CompositeGenerationTask.run(ParallelTemplateGenerator.java:252)
			at jetbrains.mps.generator.impl.GenerationTaskPool$GenerationTaskAdapter.runInternal(GenerationTaskPool.java:69)
			at jetbrains.mps.generator.impl.GenerationTaskPool$GenerationTaskAdapter.run(GenerationTaskPool.java:86)
			at java.util.concurrent.ThreadPoolExecutor$Worker.runTask(ThreadPoolExecutor.java:895)
			at java.util.concurrent.ThreadPoolExecutor$Worker.run(ThreadPoolExecutor.java:918)
			at java.lang.Thread.run(Thread.java:695)

-------------------------
r:00000000-0000-4000-0000-011c8959032f(jetbrains.mps.baseLanguage.collections.generator.baseLanguage.template.main@generator) in 4844813484172611410
		java.lang.Throwable
			at jetbrains.mps.generator.impl.dependencies.IncrementalDependenciesBuilder.reportModelAccess(IncrementalDependenciesBuilder.java:115)
			at jetbrains.mps.generator.impl.dependencies.RootDependenciesBuilder.addModelAccess(RootDependenciesBuilder.java:94)
			at jetbrains.mps.generator.impl.dependencies.RootDependenciesBuilder.nodeUnclassifiedReadAccess(RootDependenciesBuilder.java:215)
			at jetbrains.mps.smodel.NodeReadEventsCaster$ListenersContainer.fireNodeUnclassifiedReadAccess(NodeReadEventsCaster.java:128)
			at jetbrains.mps.smodel.NodeReadEventsCaster.fireNodeUnclassifiedReadAccess(NodeReadEventsCaster.java:51)
			at jetbrains.mps.smodel.SNode.fireNodeUnclassifiedReadAccess(SNode.java:1023)
			at jetbrains.mps.smodel.SNode.getParent(SNode.java:280)
			at jetbrains.mps.smodel.SNode.getParent(SNode.java:50)
			at jetbrains.mps.generator.template.DefaultQueryExecutionContext.evaluateArgumentQuery(DefaultQueryExecutionContext.java:230)
			at jetbrains.mps.generator.impl.template.QueryExecutionContextWithDependencyRecording.evaluateArgumentQuery(QueryExecutionContextWithDependencyRecording.java:120)
			at jetbrains.mps.generator.impl.GeneratorUtil.createTemplateCallContext(GeneratorUtil.java:110)
			at jetbrains.mps.generator.impl.TemplateProcessor$SwitchWithArgMacro.prepareContext(TemplateProcessor.java:649)
			at jetbrains.mps.generator.impl.TemplateProcessor$SwitchMacro.apply(TemplateProcessor.java:606)
			at jetbrains.mps.generator.impl.TemplateProcessor.applyTemplate(TemplateProcessor.java:151)
			at jetbrains.mps.generator.impl.TemplateContainer.apply(TemplateContainer.java:73)
			at jetbrains.mps.generator.impl.RuleConsequenceProcessor.processRuleConsequence(RuleConsequenceProcessor.java:66)
			at jetbrains.mps.generator.impl.interpreted.TemplateReductionRuleInterpreted.apply(TemplateReductionRuleInterpreted.java:130)
			at jetbrains.mps.generator.impl.interpreted.TemplateReductionRuleInterpreted.tryToApply(TemplateReductionRuleInterpreted.java:90)
			at jetbrains.mps.generator.template.DefaultQueryExecutionContext.tryToApply(DefaultQueryExecutionContext.java:381)
			at jetbrains.mps.generator.impl.template.QueryExecutionContextWithDependencyRecording.tryToApply(QueryExecutionContextWithDependencyRecording.java:204)
			at jetbrains.mps.generator.impl.TemplateGenerator.tryToReduce(TemplateGenerator.java:530)
			at jetbrains.mps.generator.impl.TemplateGenerator.tryToReduce(TemplateGenerator.java:478)
			at jetbrains.mps.generator.impl.TemplateGenerator$FullCopyFacility.copyInputNode(TemplateGenerator.java:986)
			at jetbrains.mps.generator.impl.TemplateGenerator$FullCopyFacility.copyInputNode(TemplateGenerator.java:1000)
			at jetbrains.mps.generator.impl.TemplateGenerator$FullCopyFacility.copyInputNode(TemplateGenerator.java:1000)
			at jetbrains.mps.generator.impl.TemplateGenerator$FullCopyFacility.copyInputNode(TemplateGenerator.java:1000)
			at jetbrains.mps.generator.impl.TemplateGenerator$FullCopyFacility.copyInputNode(TemplateGenerator.java:1000)
			at jetbrains.mps.generator.impl.TemplateGenerator$FullCopyFacility.copyRootInputNode(TemplateGenerator.java:887)
			at jetbrains.mps.generator.impl.TemplateGenerator.copyRootInputNode(TemplateGenerator.java:409)
			at jetbrains.mps.generator.impl.ParallelTemplateGenerator.access$201(ParallelTemplateGenerator.java:48)
			at jetbrains.mps.generator.impl.ParallelTemplateGenerator$3.run(ParallelTemplateGenerator.java:104)
			at jetbrains.mps.generator.impl.ParallelTemplateGenerator$CompositeGenerationTask.run(ParallelTemplateGenerator.java:252)
			at jetbrains.mps.generator.impl.GenerationTaskPool$GenerationTaskAdapter.runInternal(GenerationTaskPool.java:69)
			at jetbrains.mps.generator.impl.GenerationTaskPool$GenerationTaskAdapter.run(GenerationTaskPool.java:86)
			at java.util.concurrent.ThreadPoolExecutor$Worker.runTask(ThreadPoolExecutor.java:895)
			at java.util.concurrent.ThreadPoolExecutor$Worker.run(ThreadPoolExecutor.java:918)
			at java.lang.Thread.run(Thread.java:695)

-------------------------
r:00000000-0000-4000-0000-011c8959032f(jetbrains.mps.baseLanguage.collections.generator.baseLanguage.template.main@generator) in common
		java.lang.Throwable
			at jetbrains.mps.generator.impl.dependencies.IncrementalDependenciesBuilder.reportModelAccess(IncrementalDependenciesBuilder.java:115)
			at jetbrains.mps.generator.impl.dependencies.RootDependenciesBuilder.addModelAccess(RootDependenciesBuilder.java:94)
			at jetbrains.mps.generator.impl.dependencies.RootDependenciesBuilder.nodeUnclassifiedReadAccess(RootDependenciesBuilder.java:215)
			at jetbrains.mps.smodel.NodeReadEventsCaster$ListenersContainer.fireNodeUnclassifiedReadAccess(NodeReadEventsCaster.java:128)
			at jetbrains.mps.smodel.NodeReadEventsCaster.fireNodeUnclassifiedReadAccess(NodeReadEventsCaster.java:51)
			at jetbrains.mps.smodel.SNode.fireNodeUnclassifiedReadAccess(SNode.java:1023)
			at jetbrains.mps.smodel.SNode.getParent(SNode.java:280)
			at jetbrains.mps.smodel.SNode.getParent(SNode.java:50)
			at jetbrains.mps.generator.template.DefaultQueryExecutionContext.evaluateArgumentQuery(DefaultQueryExecutionContext.java:230)
			at jetbrains.mps.generator.impl.template.QueryExecutionContextWithDependencyRecording.evaluateArgumentQuery(QueryExecutionContextWithDependencyRecording.java:120)
			at jetbrains.mps.generator.impl.GeneratorUtil.createTemplateCallContext(GeneratorUtil.java:110)
			at jetbrains.mps.generator.impl.TemplateProcessor$SwitchWithArgMacro.prepareContext(TemplateProcessor.java:649)
			at jetbrains.mps.generator.impl.TemplateProcessor$SwitchMacro.apply(TemplateProcessor.java:606)
			at jetbrains.mps.generator.impl.TemplateProcessor.applyTemplate(TemplateProcessor.java:151)
			at jetbrains.mps.generator.impl.TemplateContainer.apply(TemplateContainer.java:73)
			at jetbrains.mps.generator.impl.RuleConsequenceProcessor.processRuleConsequence(RuleConsequenceProcessor.java:66)
			at jetbrains.mps.generator.impl.interpreted.TemplateReductionRuleInterpreted.apply(TemplateReductionRuleInterpreted.java:130)
			at jetbrains.mps.generator.impl.interpreted.TemplateReductionRuleInterpreted.tryToApply(TemplateReductionRuleInterpreted.java:90)
			at jetbrains.mps.generator.template.DefaultQueryExecutionContext.tryToApply(DefaultQueryExecutionContext.java:381)
			at jetbrains.mps.generator.impl.template.QueryExecutionContextWithDependencyRecording.tryToApply(QueryExecutionContextWithDependencyRecording.java:204)
			at jetbrains.mps.generator.impl.TemplateGenerator.tryToReduce(TemplateGenerator.java:530)
			at jetbrains.mps.generator.impl.TemplateGenerator.tryToReduce(TemplateGenerator.java:478)
			at jetbrains.mps.generator.impl.TemplateGenerator$FullCopyFacility.copyInputNode(TemplateGenerator.java:986)
			at jetbrains.mps.generator.impl.TemplateGenerator$FullCopyFacility.copyInputNode(TemplateGenerator.java:1000)
			at jetbrains.mps.generator.impl.TemplateGenerator$FullCopyFacility.copyInputNode(TemplateGenerator.java:1000)
			at jetbrains.mps.generator.impl.TemplateGenerator$FullCopyFacility.copyInputNode(TemplateGenerator.java:1000)
			at jetbrains.mps.generator.impl.TemplateGenerator$FullCopyFacility.copyInputNode(TemplateGenerator.java:1000)
			at jetbrains.mps.generator.impl.TemplateGenerator$FullCopyFacility.copyInputNode(TemplateGenerator.java:1000)
			at jetbrains.mps.generator.impl.TemplateGenerator$FullCopyFacility.copyRootInputNode(TemplateGenerator.java:887)
			at jetbrains.mps.generator.impl.TemplateGenerator.copyRootInputNode(TemplateGenerator.java:409)
			at jetbrains.mps.generator.impl.ParallelTemplateGenerator.access$201(ParallelTemplateGenerator.java:48)
			at jetbrains.mps.generator.impl.ParallelTemplateGenerator$3.run(ParallelTemplateGenerator.java:104)
			at jetbrains.mps.generator.impl.ParallelTemplateGenerator$CompositeGenerationTask.run(ParallelTemplateGenerator.java:252)
			at jetbrains.mps.generator.impl.GenerationTaskPool$GenerationTaskAdapter.runInternal(GenerationTaskPool.java:69)
			at jetbrains.mps.generator.impl.GenerationTaskPool$GenerationTaskAdapter.run(GenerationTaskPool.java:86)
			at java.util.concurrent.ThreadPoolExecutor$Worker.runTask(ThreadPoolExecutor.java:895)
			at java.util.concurrent.ThreadPoolExecutor$Worker.run(ThreadPoolExecutor.java:918)
			at java.lang.Thread.run(Thread.java:695)

-------------------------
r:229ce18d-2bb0-4d5b-a7cd-cec65841e459(jetbrains.mps.lang.behavior.generator.template.main@generator) in 4844813484172611410
		java.lang.Throwable
			at jetbrains.mps.generator.impl.dependencies.IncrementalDependenciesBuilder.reportModelAccess(IncrementalDependenciesBuilder.java:115)
			at jetbrains.mps.generator.impl.dependencies.RootDependenciesBuilder.addModelAccess(RootDependenciesBuilder.java:94)
			at jetbrains.mps.generator.impl.dependencies.RootDependenciesBuilder.nodePropertyReadAccess(RootDependenciesBuilder.java:138)
			at jetbrains.mps.smodel.NodeReadEventsCaster$ListenersContainer.fireNodePropertyReadAccess(NodeReadEventsCaster.java:118)
			at jetbrains.mps.smodel.NodeReadEventsCaster.fireNodePropertyReadAccess(NodeReadEventsCaster.java:37)
			at jetbrains.mps.smodel.SNode.fireNodePropertyReadAccess(SNode.java:1038)
			at jetbrains.mps.smodel.SNode.getProperty(SNode.java:208)
			at jetbrains.mps.smodel.runtime.base.BasePropertyConstraintsDescriptor.getValue(BasePropertyConstraintsDescriptor.java:154)
			at jetbrains.mps.smodel.SNodeAccessUtilImpl.getPropertyImpl(SNodeAccessUtilImpl.java:61)
			at org.jetbrains.mps.openapi.model.SNodeAccessUtil.getProperty(SNodeAccessUtil.java:35)
			at jetbrains.mps.lang.smodel.generator.smodelAdapter.SPropertyOperations.getString(SPropertyOperations.java:27)
			at jetbrains.mps.lang.smodel.generator.smodelAdapter.AttributeOperations.getPropertyName(AttributeOperations.java:98)
			at jetbrains.mps.generator.template.DefaultQueryExecutionContext.expandPropertyMacro(DefaultQueryExecutionContext.java:182)
			at jetbrains.mps.generator.impl.template.QueryExecutionContextWithDependencyRecording.expandPropertyMacro(QueryExecutionContextWithDependencyRecording.java:100)
			at jetbrains.mps.generator.impl.TemplateProcessor.applyTemplate(TemplateProcessor.java:179)
			at jetbrains.mps.generator.impl.TemplateProcessor.apply(TemplateProcessor.java:97)
			at jetbrains.mps.generator.impl.interpreted.TemplateRootMappingRuleInterpreted.apply(TemplateRootMappingRuleInterpreted.java:105)
			at jetbrains.mps.generator.template.DefaultQueryExecutionContext.applyRule(DefaultQueryExecutionContext.java:391)
			at jetbrains.mps.generator.impl.template.QueryExecutionContextWithDependencyRecording.applyRule(QueryExecutionContextWithDependencyRecording.java:223)
			at jetbrains.mps.generator.impl.TemplateGenerator.createRootNodeByRule(TemplateGenerator.java:365)
			at jetbrains.mps.generator.impl.ParallelTemplateGenerator.access$101(ParallelTemplateGenerator.java:48)
			at jetbrains.mps.generator.impl.ParallelTemplateGenerator$2.run(ParallelTemplateGenerator.java:94)
			at jetbrains.mps.generator.impl.ParallelTemplateGenerator$CompositeGenerationTask.run(ParallelTemplateGenerator.java:252)
			at jetbrains.mps.generator.impl.GenerationTaskPool$GenerationTaskAdapter.runInternal(GenerationTaskPool.java:69)
			at jetbrains.mps.generator.impl.GenerationTaskPool$GenerationTaskAdapter.run(GenerationTaskPool.java:86)
			at java.util.concurrent.ThreadPoolExecutor$Worker.runTask(ThreadPoolExecutor.java:895)
			at java.util.concurrent.ThreadPoolExecutor$Worker.run(ThreadPoolExecutor.java:918)
			at java.lang.Thread.run(Thread.java:695)

-------------------------
r:229ce18d-2bb0-4d5b-a7cd-cec65841e459(jetbrains.mps.lang.behavior.generator.template.main@generator) in common
		java.lang.Throwable
			at jetbrains.mps.generator.impl.dependencies.IncrementalDependenciesBuilder.reportModelAccess(IncrementalDependenciesBuilder.java:115)
			at jetbrains.mps.generator.impl.dependencies.RootDependenciesBuilder.addModelAccess(RootDependenciesBuilder.java:94)
			at jetbrains.mps.generator.impl.dependencies.RootDependenciesBuilder.nodeUnclassifiedReadAccess(RootDependenciesBuilder.java:215)
			at jetbrains.mps.smodel.NodeReadEventsCaster$ListenersContainer.fireNodeUnclassifiedReadAccess(NodeReadEventsCaster.java:128)
			at jetbrains.mps.smodel.NodeReadEventsCaster.fireNodeUnclassifiedReadAccess(NodeReadEventsCaster.java:51)
			at jetbrains.mps.smodel.SNode.fireNodeUnclassifiedReadAccess(SNode.java:1023)
			at jetbrains.mps.smodel.SNode$ChildrenList$ChildrenIterator.readNode(SNode.java:1125)
			at jetbrains.mps.smodel.SNode$ChildrenList$ChildrenIterator.getCurrent(SNode.java:1113)
			at jetbrains.mps.smodel.SNode$ChildrenList$ChildrenIterator.getCurrent(SNode.java:1077)
			at jetbrains.mps.util.AbstractSequentialList$AbstractSequentialIterator.hasNext(AbstractSequentialList.java:100)
			at jetbrains.mps.lang.smodel.generator.smodelAdapter.SLinkOperations.getTarget(SLinkOperations.java:32)
			at jetbrains.mps.generator.impl.RuleUtil.getReferenceMacro_GetReferent(RuleUtil.java:224)
			at jetbrains.mps.generator.template.DefaultQueryExecutionContext.getReferentTarget(DefaultQueryExecutionContext.java:348)
			at jetbrains.mps.generator.impl.template.QueryExecutionContextWithDependencyRecording.getReferentTarget(QueryExecutionContextWithDependencyRecording.java:170)
			at jetbrains.mps.generator.impl.reference.MacroResolver.resolve(MacroResolver.java:43)
			at jetbrains.mps.generator.impl.reference.ReferenceInfo_Macro.resolveReference(ReferenceInfo_Macro.java:113)
			at jetbrains.mps.generator.impl.reference.ReferenceInfo_Macro.expandReferenceMacro(ReferenceInfo_Macro.java:82)
			at jetbrains.mps.generator.impl.reference.ReferenceInfo_Macro.create(ReferenceInfo_Macro.java:54)
			at jetbrains.mps.generator.impl.reference.PostponedReference.initReplacementReference(PostponedReference.java:95)
			at jetbrains.mps.generator.impl.reference.PostponedReferenceUpdate.prepare(PostponedReferenceUpdate.java:50)
			at jetbrains.mps.generator.impl.TemplateGenerator.apply(TemplateGenerator.java:193)
			at jetbrains.mps.generator.impl.GenerationSession.applyRules(GenerationSession.java:460)
			at jetbrains.mps.generator.impl.GenerationSession.executeMajorStepInternal(GenerationSession.java:382)
			at jetbrains.mps.generator.impl.GenerationSession.executeMajorStep(GenerationSession.java:349)
			at jetbrains.mps.generator.impl.GenerationSession.generateModel(GenerationSession.java:229)
			at jetbrains.mps.generator.impl.GenerationController.generateModel(GenerationController.java:187)
			at jetbrains.mps.generator.impl.GenerationController.generateModelsInModule(GenerationController.java:148)
			at jetbrains.mps.generator.impl.GenerationController.generate(GenerationController.java:101)
			at jetbrains.mps.generator.GenerationFacade$2$1.compute(GenerationFacade.java:156)
			at jetbrains.mps.generator.GenerationFacade$2$1.compute(GenerationFacade.java:153)
			at jetbrains.mps.ide.undo.WorkbenchUndoHandler.runNonUndoableAction(WorkbenchUndoHandler.java:46)
			at jetbrains.mps.smodel.UndoHelper.runNonUndoableAction(UndoHelper.java:62)
			at jetbrains.mps.generator.GenerationFacade$2.run(GenerationFacade.java:153)
			at jetbrains.mps.ide.smodel.WorkbenchModelAccess$8.compute(WorkbenchModelAccess.java:312)
			at jetbrains.mps.ide.smodel.WorkbenchModelAccess$8.compute(WorkbenchModelAccess.java:307)
			at com.intellij.openapi.application.impl.ApplicationImpl.runReadAction(ApplicationImpl.java:934)
			at jetbrains.mps.ide.smodel.WorkbenchModelAccess.tryRead(WorkbenchModelAccess.java:307)
			at jetbrains.mps.ide.smodel.WorkbenchModelAccess.requireRead(WorkbenchModelAccess.java:357)
			at jetbrains.mps.generator.GenerationFacade.generateModels(GenerationFacade.java:150)
			at jetbrains.mps.lang.core.plugin.Generate_Facet$Target_generate$1.execute(Generate_Facet.java:554)
			at jetbrains.mps.internal.make.runtime.script.Script$3.invoke(Script.java:306)
			at jetbrains.mps.internal.make.runtime.script.Script$3.invoke(Script.java:250)
			at jetbrains.mps.ide.make.WorkbenchMakeService$Controller.runJobWithMonitor(WorkbenchMakeService.java:391)
			at jetbrains.mps.internal.make.runtime.script.Script.executeTargets(Script.java:250)
			at jetbrains.mps.internal.make.runtime.script.Script.execute(Script.java:226)
			at jetbrains.mps.make.service.CoreMakeTask.doRun(CoreMakeTask.java:111)
			at jetbrains.mps.ide.make.MakeTask$WorkbenchMakeTask.doRun(MakeTask.java:140)
			at jetbrains.mps.make.service.CoreMakeTask.run(CoreMakeTask.java:60)
			at jetbrains.mps.ide.make.MakeTask$1.run(MakeTask.java:57)
			at java.lang.Thread.run(Thread.java:695)

-------------------------
r:31be9f37-1a76-49a2-a444-bd006ff675c1(jetbrains.mps.lang.checkedName.structure) in 4844813484172611410
		java.lang.Throwable
			at jetbrains.mps.generator.impl.dependencies.IncrementalDependenciesBuilder.reportModelAccess(IncrementalDependenciesBuilder.java:115)
			at jetbrains.mps.generator.impl.dependencies.RootDependenciesBuilder.addModelAccess(RootDependenciesBuilder.java:94)
			at jetbrains.mps.generator.impl.dependencies.RootDependenciesBuilder.nodeUnclassifiedReadAccess(RootDependenciesBuilder.java:215)
			at jetbrains.mps.smodel.NodeReadEventsCaster$ListenersContainer.fireNodeUnclassifiedReadAccess(NodeReadEventsCaster.java:128)
			at jetbrains.mps.smodel.NodeReadEventsCaster.fireNodeUnclassifiedReadAccess(NodeReadEventsCaster.java:51)
			at jetbrains.mps.smodel.SNode.fireNodeUnclassifiedReadAccess(SNode.java:1023)
			at jetbrains.mps.smodel.SModel.getNode(SModel.java:204)
			at jetbrains.mps.extapi.model.SModelBase.getNode(SModelBase.java:118)
			at jetbrains.mps.smodel.StaticReference.getTargetNode_internal(StaticReference.java:118)
			at jetbrains.mps.smodel.SReference.getTargetNode(SReference.java:67)
			at jetbrains.mps.smodel.SNode.getReferenceTarget(SNode.java:411)
			at jetbrains.mps.smodel.SNode.getReferenceTarget(SNode.java:50)
			at jetbrains.mps.lang.smodel.generator.smodelAdapter.SLinkOperations.getTarget(SLinkOperations.java:34)
			at jetbrains.mps.lang.behavior.constraints.ConceptBehavior_Constraints$1.getValue(ConceptBehavior_Constraints.java:56)
			at jetbrains.mps.smodel.SNodeAccessUtilImpl.getPropertyImpl(SNodeAccessUtilImpl.java:61)
			at org.jetbrains.mps.openapi.model.SNodeAccessUtil.getProperty(SNodeAccessUtil.java:35)
			at jetbrains.mps.lang.smodel.generator.smodelAdapter.SPropertyOperations.getString(SPropertyOperations.java:27)
			at jetbrains.mps.lang.behavior.generator.template.main.QueriesGenerated.propertyMacro_GetPropertyValue_1225195370914(QueriesGenerated.java:73)
			at sun.reflect.GeneratedMethodAccessor1736.invoke(Unknown Source)
			at sun.reflect.DelegatingMethodAccessorImpl.invoke(DelegatingMethodAccessorImpl.java:25)
			at java.lang.reflect.Method.invoke(Method.java:597)
			at jetbrains.mps.util.QueryMethodGenerated.invoke(QueryMethodGenerated.java:166)
			at jetbrains.mps.util.QueryMethodGenerated.invoke(QueryMethodGenerated.java:153)
			at jetbrains.mps.util.QueryMethodGenerated.invoke(QueryMethodGenerated.java:150)
			at jetbrains.mps.generator.template.DefaultQueryExecutionContext.expandPropertyMacro(DefaultQueryExecutionContext.java:193)
			at jetbrains.mps.generator.impl.template.QueryExecutionContextWithDependencyRecording.expandPropertyMacro(QueryExecutionContextWithDependencyRecording.java:100)
			at jetbrains.mps.generator.impl.TemplateProcessor.applyTemplate(TemplateProcessor.java:179)
			at jetbrains.mps.generator.impl.TemplateProcessor.apply(TemplateProcessor.java:97)
			at jetbrains.mps.generator.impl.interpreted.TemplateRootMappingRuleInterpreted.apply(TemplateRootMappingRuleInterpreted.java:105)
			at jetbrains.mps.generator.template.DefaultQueryExecutionContext.applyRule(DefaultQueryExecutionContext.java:391)
			at jetbrains.mps.generator.impl.template.QueryExecutionContextWithDependencyRecording.applyRule(QueryExecutionContextWithDependencyRecording.java:223)
			at jetbrains.mps.generator.impl.TemplateGenerator.createRootNodeByRule(TemplateGenerator.java:365)
			at jetbrains.mps.generator.impl.ParallelTemplateGenerator.access$101(ParallelTemplateGenerator.java:48)
			at jetbrains.mps.generator.impl.ParallelTemplateGenerator$2.run(ParallelTemplateGenerator.java:94)
			at jetbrains.mps.generator.impl.ParallelTemplateGenerator$CompositeGenerationTask.run(ParallelTemplateGenerator.java:252)
			at jetbrains.mps.generator.impl.GenerationTaskPool$GenerationTaskAdapter.runInternal(GenerationTaskPool.java:69)
			at jetbrains.mps.generator.impl.GenerationTaskPool$GenerationTaskAdapter.run(GenerationTaskPool.java:86)
			at java.util.concurrent.ThreadPoolExecutor$Worker.runTask(ThreadPoolExecutor.java:895)
			at java.util.concurrent.ThreadPoolExecutor$Worker.run(ThreadPoolExecutor.java:918)
			at java.lang.Thread.run(Thread.java:695)

-------------------------
r:31be9f37-1a76-49a2-a444-bd006ff675c1(jetbrains.mps.lang.checkedName.structure) in common
		java.lang.Throwable
			at jetbrains.mps.generator.impl.dependencies.IncrementalDependenciesBuilder.reportModelAccess(IncrementalDependenciesBuilder.java:115)
			at jetbrains.mps.generator.impl.dependencies.RootDependenciesBuilder.addModelAccess(RootDependenciesBuilder.java:94)
			at jetbrains.mps.generator.impl.dependencies.RootDependenciesBuilder.modelNodesReadAccess(RootDependenciesBuilder.java:227)
			at jetbrains.mps.smodel.NodeReadEventsCaster$ListenersContainer.fireModelNodesReadAccess(NodeReadEventsCaster.java:133)
			at jetbrains.mps.smodel.NodeReadEventsCaster.fireModelNodesReadAccess(NodeReadEventsCaster.java:58)
			at jetbrains.mps.smodel.SModel.fireModelNodesReadAccess(SModel.java:260)
			at jetbrains.mps.smodel.SModel.getFastNodeFinder(SModel.java:485)
			at jetbrains.mps.extapi.model.SModelDescriptorStub.getFastNodeFinder(SModelDescriptorStub.java:273)
			at jetbrains.mps.lang.smodel.generator.smodelAdapter.SModelOperations.getNodes(SModelOperations.java:118)
			at jetbrains.mps.lang.behavior.generator.template.main.QueriesGenerated.sourceNodesQuery_7923290658387314672(QueriesGenerated.java:458)
			at sun.reflect.NativeMethodAccessorImpl.invoke0(Native Method)
			at sun.reflect.NativeMethodAccessorImpl.invoke(NativeMethodAccessorImpl.java:39)
			at sun.reflect.DelegatingMethodAccessorImpl.invoke(DelegatingMethodAccessorImpl.java:25)
			at java.lang.reflect.Method.invoke(Method.java:597)
			at jetbrains.mps.util.QueryMethodGenerated.invoke(QueryMethodGenerated.java:166)
			at jetbrains.mps.util.QueryMethodGenerated.invoke(QueryMethodGenerated.java:153)
			at jetbrains.mps.util.QueryMethodGenerated.invoke(QueryMethodGenerated.java:150)
			at jetbrains.mps.generator.template.DefaultQueryExecutionContext.evaluateSourceNodesQuery(DefaultQueryExecutionContext.java:272)
			at jetbrains.mps.generator.impl.template.QueryExecutionContextWithDependencyRecording.evaluateSourceNodesQuery(QueryExecutionContextWithDependencyRecording.java:140)
			at jetbrains.mps.generator.impl.template.InputQueryUtil.getNewInputNodes(InputQueryUtil.java:119)
			at jetbrains.mps.generator.impl.template.InputQueryUtil.getNewInputNodes(InputQueryUtil.java:67)
			at jetbrains.mps.generator.impl.TemplateProcessor$MacroImpl.getNewInputNodes(TemplateProcessor.java:308)
			at jetbrains.mps.generator.impl.TemplateProcessor$LoopMacro.apply(TemplateProcessor.java:340)
			at jetbrains.mps.generator.impl.TemplateProcessor.applyTemplate(TemplateProcessor.java:151)
			at jetbrains.mps.generator.impl.TemplateProcessor.applyTemplate(TemplateProcessor.java:245)
			at jetbrains.mps.generator.impl.TemplateProcessor.apply(TemplateProcessor.java:97)
			at jetbrains.mps.generator.impl.interpreted.TemplateCreateRootRuleInterpreted.apply(TemplateCreateRootRuleInterpreted.java:76)
			at jetbrains.mps.generator.template.DefaultQueryExecutionContext.applyRule(DefaultQueryExecutionContext.java:396)
			at jetbrains.mps.generator.impl.template.QueryExecutionContextWithDependencyRecording.applyRule(QueryExecutionContextWithDependencyRecording.java:236)
			at jetbrains.mps.generator.impl.TemplateGenerator.createRootNodeByRule(TemplateGenerator.java:342)
			at jetbrains.mps.generator.impl.ParallelTemplateGenerator.access$001(ParallelTemplateGenerator.java:48)
			at jetbrains.mps.generator.impl.ParallelTemplateGenerator$1.run(ParallelTemplateGenerator.java:84)
			at jetbrains.mps.generator.impl.ParallelTemplateGenerator$CompositeGenerationTask.run(ParallelTemplateGenerator.java:252)
			at jetbrains.mps.generator.impl.GenerationTaskPool$GenerationTaskAdapter.runInternal(GenerationTaskPool.java:69)
			at jetbrains.mps.generator.impl.GenerationTaskPool$GenerationTaskAdapter.run(GenerationTaskPool.java:86)
			at java.util.concurrent.ThreadPoolExecutor$Worker.runTask(ThreadPoolExecutor.java:895)
			at java.util.concurrent.ThreadPoolExecutor$Worker.run(ThreadPoolExecutor.java:918)
			at java.lang.Thread.run(Thread.java:695)

-------------------------
r:f04c1476-2f91-4f59-be13-c8e009abebee(jetbrains.mps.baseLanguageInternal.generator.template.main@generator) in common
		java.lang.Throwable
			at jetbrains.mps.generator.impl.dependencies.IncrementalDependenciesBuilder.reportModelAccess(IncrementalDependenciesBuilder.java:115)
			at jetbrains.mps.generator.impl.dependencies.RootDependenciesBuilder.addModelAccess(RootDependenciesBuilder.java:94)
			at jetbrains.mps.generator.impl.dependencies.RootDependenciesBuilder.nodeUnclassifiedReadAccess(RootDependenciesBuilder.java:215)
			at jetbrains.mps.smodel.NodeReadEventsCaster$ListenersContainer.fireNodeUnclassifiedReadAccess(NodeReadEventsCaster.java:128)
			at jetbrains.mps.smodel.NodeReadEventsCaster.fireNodeUnclassifiedReadAccess(NodeReadEventsCaster.java:51)
			at jetbrains.mps.smodel.SNode.fireNodeUnclassifiedReadAccess(SNode.java:1023)
			at jetbrains.mps.smodel.SNode$ChildrenList$ChildrenIterator.readNode(SNode.java:1125)
			at jetbrains.mps.smodel.SNode$ChildrenList$ChildrenIterator.getCurrent(SNode.java:1113)
			at jetbrains.mps.smodel.SNode$ChildrenList$ChildrenIterator.getCurrent(SNode.java:1077)
			at jetbrains.mps.util.AbstractSequentialList$AbstractSequentialIterator.hasNext(AbstractSequentialList.java:100)
			at jetbrains.mps.lang.smodel.generator.smodelAdapter.SLinkOperations.getTarget(SLinkOperations.java:32)
			at jetbrains.mps.generator.impl.RuleUtil.getIfMacro_ConditionFunction(RuleUtil.java:216)
			at jetbrains.mps.generator.template.DefaultQueryExecutionContext.checkConditionForIfMacro(DefaultQueryExecutionContext.java:115)
			at jetbrains.mps.generator.impl.template.QueryExecutionContextWithDependencyRecording.checkConditionForIfMacro(QueryExecutionContextWithDependencyRecording.java:70)
			at jetbrains.mps.generator.impl.TemplateProcessor$IfMacro.apply(TemplateProcessor.java:500)
			at jetbrains.mps.generator.impl.TemplateProcessor.applyTemplate(TemplateProcessor.java:151)
			at jetbrains.mps.generator.impl.TemplateContainer.apply(TemplateContainer.java:73)
			at jetbrains.mps.generator.impl.RuleConsequenceProcessor.processRuleConsequence(RuleConsequenceProcessor.java:66)
			at jetbrains.mps.generator.impl.interpreted.TemplateReductionRuleInterpreted.apply(TemplateReductionRuleInterpreted.java:130)
			at jetbrains.mps.generator.impl.interpreted.TemplateReductionRuleInterpreted.tryToApply(TemplateReductionRuleInterpreted.java:90)
			at jetbrains.mps.generator.template.DefaultQueryExecutionContext.tryToApply(DefaultQueryExecutionContext.java:381)
			at jetbrains.mps.generator.impl.template.QueryExecutionContextWithDependencyRecording.tryToApply(QueryExecutionContextWithDependencyRecording.java:204)
			at jetbrains.mps.generator.impl.TemplateGenerator.tryToReduce(TemplateGenerator.java:530)
			at jetbrains.mps.generator.impl.TemplateGenerator.tryToReduce(TemplateGenerator.java:478)
			at jetbrains.mps.generator.impl.TemplateGenerator$FullCopyFacility.copyInputNode(TemplateGenerator.java:986)
			at jetbrains.mps.generator.impl.TemplateGenerator$FullCopyFacility.copyInputNode(TemplateGenerator.java:1000)
			at jetbrains.mps.generator.impl.TemplateGenerator$FullCopyFacility.copyInputNode(TemplateGenerator.java:1000)
			at jetbrains.mps.generator.impl.TemplateGenerator$FullCopyFacility.copyInputNode(TemplateGenerator.java:1000)
			at jetbrains.mps.generator.impl.TemplateGenerator$FullCopyFacility.copyInputNode(TemplateGenerator.java:1000)
			at jetbrains.mps.generator.impl.TemplateGenerator$FullCopyFacility.copyRootInputNode(TemplateGenerator.java:887)
			at jetbrains.mps.generator.impl.TemplateGenerator.copyRootInputNode(TemplateGenerator.java:409)
			at jetbrains.mps.generator.impl.ParallelTemplateGenerator.access$201(ParallelTemplateGenerator.java:48)
			at jetbrains.mps.generator.impl.ParallelTemplateGenerator$3.run(ParallelTemplateGenerator.java:104)
			at jetbrains.mps.generator.impl.ParallelTemplateGenerator$CompositeGenerationTask.run(ParallelTemplateGenerator.java:252)
			at jetbrains.mps.generator.impl.GenerationTaskPool$GenerationTaskAdapter.runInternal(GenerationTaskPool.java:69)
			at jetbrains.mps.generator.impl.GenerationTaskPool$GenerationTaskAdapter.run(GenerationTaskPool.java:86)
			at java.util.concurrent.ThreadPoolExecutor$Worker.runTask(ThreadPoolExecutor.java:895)
			at java.util.concurrent.ThreadPoolExecutor$Worker.run(ThreadPoolExecutor.java:918)
			at java.lang.Thread.run(Thread.java:695)

