-------------------------
r:00000000-0000-4000-0000-011c895902ca(jetbrains.mps.baseLanguage.structure) in common
		java.lang.Throwable
			at jetbrains.mps.generator.impl.dependencies.IncrementalDependenciesBuilder.reportModelAccess(IncrementalDependenciesBuilder.java:115)
			at jetbrains.mps.generator.impl.dependencies.RootDependenciesBuilder.addModelAccess(RootDependenciesBuilder.java:94)
			at jetbrains.mps.generator.impl.dependencies.RootDependenciesBuilder.nodePropertyReadAccess(RootDependenciesBuilder.java:138)
			at jetbrains.mps.smodel.NodeReadEventsCaster$ListenersContainer.fireNodePropertyReadAccess(NodeReadEventsCaster.java:118)
			at jetbrains.mps.smodel.NodeReadEventsCaster.fireNodePropertyReadAccess(NodeReadEventsCaster.java:37)
			at jetbrains.mps.smodel.SNode.fireNodePropertyReadAccess(SNode.java:1038)
			at jetbrains.mps.smodel.SNode.getProperty(SNode.java:208)
			at jetbrains.mps.smodel.runtime.base.BasePropertyConstraintsDescriptor.getValue(BasePropertyConstraintsDescriptor.java:154)
			at jetbrains.mps.smodel.SNodeAccessUtilImpl.getPropertyImpl(SNodeAccessUtilImpl.java:61)
			at org.jetbrains.mps.openapi.model.SNodeAccessUtil.getProperty(SNodeAccessUtil.java:35)
			at jetbrains.mps.smodel.SNode.getName(SNode.java:180)
			at jetbrains.mps.util.NameUtil.nodeFQName(NameUtil.java:352)
			at jetbrains.mps.lang.smodel.generator.smodelAdapter.SConceptOperations.isExactly(SConceptOperations.java:37)
			at jetbrains.mps.baseLanguage.generator.java.main.QueriesGenerated.baseMappingRule_Condition_1201386765715(QueriesGenerated.java:43)
			at sun.reflect.GeneratedMethodAccessor2226.invoke(Unknown Source)
			at sun.reflect.DelegatingMethodAccessorImpl.invoke(DelegatingMethodAccessorImpl.java:25)
			at java.lang.reflect.Method.invoke(Method.java:597)
			at jetbrains.mps.util.QueryMethodGenerated.invoke(QueryMethodGenerated.java:166)
			at jetbrains.mps.generator.impl.interpreted.ReflectiveQueryProvider$Impl.invokeBoolean(ReflectiveQueryProvider.java:129)
			at jetbrains.mps.generator.impl.interpreted.ReflectiveQueryProvider$Impl.check(ReflectiveQueryProvider.java:167)
			at jetbrains.mps.generator.impl.interpreted.TemplateReductionRuleInterpreted.checkCondition(TemplateReductionRuleInterpreted.java:110)
			at jetbrains.mps.generator.impl.interpreted.TemplateReductionRuleInterpreted.tryToApply(TemplateReductionRuleInterpreted.java:79)
			at jetbrains.mps.generator.template.DefaultQueryExecutionContext.tryToApply(DefaultQueryExecutionContext.java:381)
			at jetbrains.mps.generator.impl.template.QueryExecutionContextWithDependencyRecording.tryToApply(QueryExecutionContextWithDependencyRecording.java:204)
			at jetbrains.mps.generator.impl.TemplateGenerator.tryToReduce(TemplateGenerator.java:530)
			at jetbrains.mps.generator.impl.TemplateGenerator.tryToReduce(TemplateGenerator.java:478)
			at jetbrains.mps.generator.impl.TemplateGenerator$FullCopyFacility.copyInputNode(TemplateGenerator.java:986)
			at jetbrains.mps.generator.impl.TemplateGenerator$FullCopyFacility.copyInputNode(TemplateGenerator.java:1000)
			at jetbrains.mps.generator.impl.TemplateGenerator.copyNodes(TemplateGenerator.java:599)
			at jetbrains.mps.generator.impl.TemplateExecutionEnvironmentImpl.copyNodes(TemplateExecutionEnvironmentImpl.java:135)
			at jetbrains.mps.baseLanguage.jdk7.generator.template.main.Templatestring_x0020switch_x0020template.applyPart0(Templatestring_x0020switch_x0020template.java:117)
			at jetbrains.mps.baseLanguage.jdk7.generator.template.main.Templatestring_x0020switch_x0020template.apply(Templatestring_x0020switch_x0020template.java:241)
			at jetbrains.mps.baseLanguage.jdk7.generator.template.main.Mappingmain$ReductionRule0.apply(Mappingmain.java:115)
			at jetbrains.mps.baseLanguage.jdk7.generator.template.main.Mappingmain$ReductionRule0.tryToApply(Mappingmain.java:104)
			at jetbrains.mps.generator.template.DefaultQueryExecutionContext.tryToApply(DefaultQueryExecutionContext.java:381)
			at jetbrains.mps.generator.impl.template.QueryExecutionContextWithDependencyRecording.tryToApply(QueryExecutionContextWithDependencyRecording.java:204)
			at jetbrains.mps.generator.impl.TemplateGenerator.tryToReduce(TemplateGenerator.java:530)
			at jetbrains.mps.generator.impl.TemplateGenerator.tryToReduce(TemplateGenerator.java:478)
			at jetbrains.mps.generator.impl.TemplateGenerator$FullCopyFacility.copyInputNode(TemplateGenerator.java:986)
			at jetbrains.mps.generator.impl.TemplateGenerator$FullCopyFacility.copyInputNode(TemplateGenerator.java:1000)
			at jetbrains.mps.generator.impl.TemplateGenerator$FullCopyFacility.copyInputNode(TemplateGenerator.java:1000)
			at jetbrains.mps.generator.impl.TemplateGenerator$FullCopyFacility.copyRootInputNode(TemplateGenerator.java:887)
			at jetbrains.mps.generator.impl.TemplateGenerator.copyRootInputNode(TemplateGenerator.java:409)
			at jetbrains.mps.generator.impl.ParallelTemplateGenerator.access$201(ParallelTemplateGenerator.java:48)
			at jetbrains.mps.generator.impl.ParallelTemplateGenerator$3.run(ParallelTemplateGenerator.java:104)
			at jetbrains.mps.generator.impl.ParallelTemplateGenerator$CompositeGenerationTask.run(ParallelTemplateGenerator.java:252)
			at jetbrains.mps.generator.impl.GenerationTaskPool$GenerationTaskAdapter.runInternal(GenerationTaskPool.java:69)
			at jetbrains.mps.generator.impl.GenerationTaskPool$GenerationTaskAdapter.run(GenerationTaskPool.java:86)
			at java.util.concurrent.ThreadPoolExecutor$Worker.runTask(ThreadPoolExecutor.java:895)
			at java.util.concurrent.ThreadPoolExecutor$Worker.run(ThreadPoolExecutor.java:918)
			at java.lang.Thread.run(Thread.java:695)

-------------------------
r:00000000-0000-4000-0000-011c8959032f(jetbrains.mps.baseLanguage.collections.generator.baseLanguage.template.main@generator) in common
		java.lang.Throwable
			at jetbrains.mps.generator.impl.dependencies.IncrementalDependenciesBuilder.reportModelAccess(IncrementalDependenciesBuilder.java:115)
			at jetbrains.mps.generator.impl.dependencies.RootDependenciesBuilder.addModelAccess(RootDependenciesBuilder.java:94)
			at jetbrains.mps.generator.impl.dependencies.RootDependenciesBuilder.nodeUnclassifiedReadAccess(RootDependenciesBuilder.java:215)
			at jetbrains.mps.smodel.NodeReadEventsCaster$ListenersContainer.fireNodeUnclassifiedReadAccess(NodeReadEventsCaster.java:128)
			at jetbrains.mps.smodel.NodeReadEventsCaster.fireNodeUnclassifiedReadAccess(NodeReadEventsCaster.java:51)
			at jetbrains.mps.smodel.SNode.fireNodeUnclassifiedReadAccess(SNode.java:1023)
			at jetbrains.mps.smodel.SNode.getParent(SNode.java:280)
			at jetbrains.mps.smodel.SNode.getParent(SNode.java:50)
			at jetbrains.mps.generator.template.DefaultQueryExecutionContext.evaluateArgumentQuery(DefaultQueryExecutionContext.java:230)
			at jetbrains.mps.generator.impl.template.QueryExecutionContextWithDependencyRecording.evaluateArgumentQuery(QueryExecutionContextWithDependencyRecording.java:120)
			at jetbrains.mps.generator.impl.GeneratorUtil.createTemplateCallContext(GeneratorUtil.java:110)
			at jetbrains.mps.generator.impl.TemplateProcessor$SwitchWithArgMacro.prepareContext(TemplateProcessor.java:649)
			at jetbrains.mps.generator.impl.TemplateProcessor$SwitchMacro.apply(TemplateProcessor.java:606)
			at jetbrains.mps.generator.impl.TemplateProcessor.applyTemplate(TemplateProcessor.java:151)
			at jetbrains.mps.generator.impl.TemplateContainer.apply(TemplateContainer.java:73)
			at jetbrains.mps.generator.impl.RuleConsequenceProcessor.processRuleConsequence(RuleConsequenceProcessor.java:66)
			at jetbrains.mps.generator.impl.interpreted.TemplateReductionRuleInterpreted.apply(TemplateReductionRuleInterpreted.java:130)
			at jetbrains.mps.generator.impl.interpreted.TemplateReductionRuleInterpreted.tryToApply(TemplateReductionRuleInterpreted.java:90)
			at jetbrains.mps.generator.template.DefaultQueryExecutionContext.tryToApply(DefaultQueryExecutionContext.java:381)
			at jetbrains.mps.generator.impl.template.QueryExecutionContextWithDependencyRecording.tryToApply(QueryExecutionContextWithDependencyRecording.java:204)
			at jetbrains.mps.generator.impl.TemplateGenerator.tryToReduce(TemplateGenerator.java:530)
			at jetbrains.mps.generator.impl.TemplateGenerator.tryToReduce(TemplateGenerator.java:478)
			at jetbrains.mps.generator.impl.TemplateGenerator$FullCopyFacility.copyInputNode(TemplateGenerator.java:986)
			at jetbrains.mps.generator.impl.TemplateGenerator$FullCopyFacility.copyInputNode(TemplateGenerator.java:1000)
			at jetbrains.mps.generator.impl.TemplateGenerator$FullCopyFacility.copyInputNode(TemplateGenerator.java:1000)
			at jetbrains.mps.generator.impl.TemplateGenerator$FullCopyFacility.copyInputNode(TemplateGenerator.java:1000)
			at jetbrains.mps.generator.impl.TemplateGenerator$FullCopyFacility.copyInputNode(TemplateGenerator.java:1000)
			at jetbrains.mps.generator.impl.TemplateGenerator$FullCopyFacility.copyInputNode(TemplateGenerator.java:1000)
			at jetbrains.mps.generator.impl.TemplateGenerator$FullCopyFacility.copyRootInputNode(TemplateGenerator.java:887)
			at jetbrains.mps.generator.impl.TemplateGenerator.copyRootInputNode(TemplateGenerator.java:409)
			at jetbrains.mps.generator.impl.ParallelTemplateGenerator.access$201(ParallelTemplateGenerator.java:48)
			at jetbrains.mps.generator.impl.ParallelTemplateGenerator$3.run(ParallelTemplateGenerator.java:104)
			at jetbrains.mps.generator.impl.ParallelTemplateGenerator$CompositeGenerationTask.run(ParallelTemplateGenerator.java:252)
			at jetbrains.mps.generator.impl.GenerationTaskPool$GenerationTaskAdapter.runInternal(GenerationTaskPool.java:69)
			at jetbrains.mps.generator.impl.GenerationTaskPool$GenerationTaskAdapter.run(GenerationTaskPool.java:86)
			at java.util.concurrent.ThreadPoolExecutor$Worker.runTask(ThreadPoolExecutor.java:895)
			at java.util.concurrent.ThreadPoolExecutor$Worker.run(ThreadPoolExecutor.java:918)
			at java.lang.Thread.run(Thread.java:695)

-------------------------
r:0ae9068e-ff36-49f1-b852-e23f63981832(jetbrains.mps.samples.generator_demo.demoLang4.structure) in common
		java.lang.Throwable
			at jetbrains.mps.generator.impl.dependencies.IncrementalDependenciesBuilder.reportModelAccess(IncrementalDependenciesBuilder.java:115)
			at jetbrains.mps.generator.impl.dependencies.RootDependenciesBuilder.addModelAccess(RootDependenciesBuilder.java:94)
			at jetbrains.mps.generator.impl.dependencies.RootDependenciesBuilder.modelNodesReadAccess(RootDependenciesBuilder.java:227)
			at jetbrains.mps.smodel.NodeReadEventsCaster$ListenersContainer.fireModelNodesReadAccess(NodeReadEventsCaster.java:133)
			at jetbrains.mps.smodel.NodeReadEventsCaster.fireModelNodesReadAccess(NodeReadEventsCaster.java:58)
			at jetbrains.mps.smodel.SModel.fireModelNodesReadAccess(SModel.java:260)
			at jetbrains.mps.smodel.SModel.getFastNodeFinder(SModel.java:485)
			at jetbrains.mps.extapi.model.SModelDescriptorStub.getFastNodeFinder(SModelDescriptorStub.java:273)
			at jetbrains.mps.lang.smodel.generator.smodelAdapter.SModelOperations.getNodes(SModelOperations.java:118)
			at jetbrains.mps.lang.behavior.generator.template.main.QueriesGenerated.sourceNodesQuery_7923290658387314672(QueriesGenerated.java:458)
			at sun.reflect.GeneratedMethodAccessor2342.invoke(Unknown Source)
			at sun.reflect.DelegatingMethodAccessorImpl.invoke(DelegatingMethodAccessorImpl.java:25)
			at java.lang.reflect.Method.invoke(Method.java:597)
			at jetbrains.mps.util.QueryMethodGenerated.invoke(QueryMethodGenerated.java:166)
			at jetbrains.mps.util.QueryMethodGenerated.invoke(QueryMethodGenerated.java:153)
			at jetbrains.mps.util.QueryMethodGenerated.invoke(QueryMethodGenerated.java:150)
			at jetbrains.mps.generator.template.DefaultQueryExecutionContext.evaluateSourceNodesQuery(DefaultQueryExecutionContext.java:272)
			at jetbrains.mps.generator.impl.template.QueryExecutionContextWithDependencyRecording.evaluateSourceNodesQuery(QueryExecutionContextWithDependencyRecording.java:140)
			at jetbrains.mps.generator.impl.template.InputQueryUtil.getNewInputNodes(InputQueryUtil.java:119)
			at jetbrains.mps.generator.impl.template.InputQueryUtil.getNewInputNodes(InputQueryUtil.java:67)
			at jetbrains.mps.generator.impl.TemplateProcessor$MacroImpl.getNewInputNodes(TemplateProcessor.java:308)
			at jetbrains.mps.generator.impl.TemplateProcessor$LoopMacro.apply(TemplateProcessor.java:340)
			at jetbrains.mps.generator.impl.TemplateProcessor.applyTemplate(TemplateProcessor.java:151)
			at jetbrains.mps.generator.impl.TemplateProcessor.applyTemplate(TemplateProcessor.java:245)
			at jetbrains.mps.generator.impl.TemplateProcessor.apply(TemplateProcessor.java:97)
			at jetbrains.mps.generator.impl.interpreted.TemplateCreateRootRuleInterpreted.apply(TemplateCreateRootRuleInterpreted.java:76)
			at jetbrains.mps.generator.template.DefaultQueryExecutionContext.applyRule(DefaultQueryExecutionContext.java:396)
			at jetbrains.mps.generator.impl.template.QueryExecutionContextWithDependencyRecording.applyRule(QueryExecutionContextWithDependencyRecording.java:236)
			at jetbrains.mps.generator.impl.TemplateGenerator.createRootNodeByRule(TemplateGenerator.java:342)
			at jetbrains.mps.generator.impl.ParallelTemplateGenerator.access$001(ParallelTemplateGenerator.java:48)
			at jetbrains.mps.generator.impl.ParallelTemplateGenerator$1.run(ParallelTemplateGenerator.java:84)
			at jetbrains.mps.generator.impl.ParallelTemplateGenerator$CompositeGenerationTask.run(ParallelTemplateGenerator.java:252)
			at jetbrains.mps.generator.impl.GenerationTaskPool$GenerationTaskAdapter.runInternal(GenerationTaskPool.java:69)
			at jetbrains.mps.generator.impl.GenerationTaskPool$GenerationTaskAdapter.run(GenerationTaskPool.java:86)
			at java.util.concurrent.ThreadPoolExecutor$Worker.runTask(ThreadPoolExecutor.java:895)
			at java.util.concurrent.ThreadPoolExecutor$Worker.run(ThreadPoolExecutor.java:918)
			at java.lang.Thread.run(Thread.java:695)

-------------------------
r:f04c1476-2f91-4f59-be13-c8e009abebee(jetbrains.mps.baseLanguageInternal.generator.template.main@generator) in common
		java.lang.Throwable
			at jetbrains.mps.generator.impl.dependencies.IncrementalDependenciesBuilder.reportModelAccess(IncrementalDependenciesBuilder.java:115)
			at jetbrains.mps.generator.impl.dependencies.RootDependenciesBuilder.addModelAccess(RootDependenciesBuilder.java:94)
			at jetbrains.mps.generator.impl.dependencies.RootDependenciesBuilder.nodeUnclassifiedReadAccess(RootDependenciesBuilder.java:215)
			at jetbrains.mps.smodel.NodeReadEventsCaster$ListenersContainer.fireNodeUnclassifiedReadAccess(NodeReadEventsCaster.java:128)
			at jetbrains.mps.smodel.NodeReadEventsCaster.fireNodeUnclassifiedReadAccess(NodeReadEventsCaster.java:51)
			at jetbrains.mps.smodel.SNode.fireNodeUnclassifiedReadAccess(SNode.java:1023)
			at jetbrains.mps.smodel.SNode$ChildrenList$ChildrenIterator.readNode(SNode.java:1125)
			at jetbrains.mps.smodel.SNode$ChildrenList$ChildrenIterator.getCurrent(SNode.java:1113)
			at jetbrains.mps.smodel.SNode$ChildrenList$ChildrenIterator.getCurrent(SNode.java:1077)
			at jetbrains.mps.util.AbstractSequentialList$AbstractSequentialIterator.hasNext(AbstractSequentialList.java:100)
			at jetbrains.mps.lang.smodel.generator.smodelAdapter.SLinkOperations.getTarget(SLinkOperations.java:32)
			at jetbrains.mps.generator.impl.RuleUtil.getIfMacro_ConditionFunction(RuleUtil.java:216)
			at jetbrains.mps.generator.template.DefaultQueryExecutionContext.checkConditionForIfMacro(DefaultQueryExecutionContext.java:115)
			at jetbrains.mps.generator.impl.template.QueryExecutionContextWithDependencyRecording.checkConditionForIfMacro(QueryExecutionContextWithDependencyRecording.java:70)
			at jetbrains.mps.generator.impl.TemplateProcessor$IfMacro.apply(TemplateProcessor.java:500)
			at jetbrains.mps.generator.impl.TemplateProcessor.applyTemplate(TemplateProcessor.java:151)
			at jetbrains.mps.generator.impl.TemplateContainer.apply(TemplateContainer.java:73)
			at jetbrains.mps.generator.impl.RuleConsequenceProcessor.processRuleConsequence(RuleConsequenceProcessor.java:66)
			at jetbrains.mps.generator.impl.interpreted.TemplateReductionRuleInterpreted.apply(TemplateReductionRuleInterpreted.java:130)
			at jetbrains.mps.generator.impl.interpreted.TemplateReductionRuleInterpreted.tryToApply(TemplateReductionRuleInterpreted.java:90)
			at jetbrains.mps.generator.template.DefaultQueryExecutionContext.tryToApply(DefaultQueryExecutionContext.java:381)
			at jetbrains.mps.generator.impl.template.QueryExecutionContextWithDependencyRecording.tryToApply(QueryExecutionContextWithDependencyRecording.java:204)
			at jetbrains.mps.generator.impl.TemplateGenerator.tryToReduce(TemplateGenerator.java:530)
			at jetbrains.mps.generator.impl.TemplateGenerator.tryToReduce(TemplateGenerator.java:478)
			at jetbrains.mps.generator.impl.TemplateGenerator$FullCopyFacility.copyInputNode(TemplateGenerator.java:986)
			at jetbrains.mps.generator.impl.TemplateGenerator$FullCopyFacility.copyInputNode(TemplateGenerator.java:1000)
			at jetbrains.mps.generator.impl.TemplateGenerator$FullCopyFacility.copyInputNode(TemplateGenerator.java:1000)
			at jetbrains.mps.generator.impl.TemplateGenerator$FullCopyFacility.copyInputNode(TemplateGenerator.java:1000)
			at jetbrains.mps.generator.impl.TemplateGenerator$FullCopyFacility.copyInputNode(TemplateGenerator.java:1000)
			at jetbrains.mps.generator.impl.TemplateGenerator$FullCopyFacility.copyRootInputNode(TemplateGenerator.java:887)
			at jetbrains.mps.generator.impl.TemplateGenerator.copyRootInputNode(TemplateGenerator.java:409)
			at jetbrains.mps.generator.impl.ParallelTemplateGenerator.access$201(ParallelTemplateGenerator.java:48)
			at jetbrains.mps.generator.impl.ParallelTemplateGenerator$3.run(ParallelTemplateGenerator.java:104)
			at jetbrains.mps.generator.impl.ParallelTemplateGenerator$CompositeGenerationTask.run(ParallelTemplateGenerator.java:252)
			at jetbrains.mps.generator.impl.GenerationTaskPool$GenerationTaskAdapter.runInternal(GenerationTaskPool.java:69)
			at jetbrains.mps.generator.impl.GenerationTaskPool$GenerationTaskAdapter.run(GenerationTaskPool.java:86)
			at java.util.concurrent.ThreadPoolExecutor$Worker.runTask(ThreadPoolExecutor.java:895)
			at java.util.concurrent.ThreadPoolExecutor$Worker.run(ThreadPoolExecutor.java:918)
			at java.lang.Thread.run(Thread.java:695)

