-------------------------
f:java_stub#6354ebe7-c22a-4a0f-ac54-50b52ab9b065#java.lang(JDK/java.lang@java_stub) in 7060824959893064709
		java.lang.Throwable
			at jetbrains.mps.generator.impl.dependencies.IncrementalDependenciesBuilder.reportModelAccess(IncrementalDependenciesBuilder.java:115)
			at jetbrains.mps.generator.impl.dependencies.RootDependenciesBuilder.addModelAccess(RootDependenciesBuilder.java:94)
			at jetbrains.mps.generator.impl.dependencies.RootDependenciesBuilder.nodeUnclassifiedReadAccess(RootDependenciesBuilder.java:215)
			at jetbrains.mps.smodel.NodeReadEventsCaster$ListenersContainer.fireNodeUnclassifiedReadAccess(NodeReadEventsCaster.java:128)
			at jetbrains.mps.smodel.NodeReadEventsCaster.fireNodeUnclassifiedReadAccess(NodeReadEventsCaster.java:51)
			at jetbrains.mps.smodel.SNode.fireNodeUnclassifiedReadAccess(SNode.java:1023)
			at jetbrains.mps.smodel.SModel.getNode(SModel.java:204)
			at jetbrains.mps.extapi.model.SModelBase.getNode(SModelBase.java:118)
			at jetbrains.mps.smodel.StaticReference.getTargetNode_internal(StaticReference.java:118)
			at jetbrains.mps.smodel.SReference.getTargetNode(SReference.java:67)
			at jetbrains.mps.smodel.SNode.getReferenceTarget(SNode.java:411)
			at jetbrains.mps.smodel.SNode.getReferenceTarget(SNode.java:50)
			at jetbrains.mps.lang.smodel.generator.smodelAdapter.SLinkOperations.getTarget(SLinkOperations.java:34)
			at jetbrains.mps.baseLanguage.behavior.Interface_Behavior.virtual_isDescendant_checkLoops_7165541881557222950(Interface_Behavior.java:41)
			at jetbrains.mps.baseLanguage.behavior.Interface_BehaviorDescriptor.virtual_isDescendant_checkLoops_7165541881557222950(Interface_BehaviorDescriptor.java:37)
			at sun.reflect.GeneratedMethodAccessor1487.invoke(Unknown Source)
			at sun.reflect.DelegatingMethodAccessorImpl.invoke(DelegatingMethodAccessorImpl.java:25)
			at java.lang.reflect.Method.invoke(Method.java:597)
			at jetbrains.mps.smodel.runtime.impl.CompiledBehaviorDescriptor.genericInvoke(CompiledBehaviorDescriptor.java:83)
			at jetbrains.mps.smodel.runtime.impl.CompiledBehaviorDescriptor.invoke(CompiledBehaviorDescriptor.java:64)
			at jetbrains.mps.smodel.behaviour.BehaviorReflection.invokeVirtual(BehaviorReflection.java:61)
			at jetbrains.mps.smodel.behaviour.BehaviorReflection.invokeVirtual(BehaviorReflection.java:86)
			at jetbrains.mps.baseLanguage.behavior.Interface_Behavior.virtual_isDescendant_checkLoops_7165541881557222950(Interface_Behavior.java:41)
			at jetbrains.mps.baseLanguage.behavior.Interface_BehaviorDescriptor.virtual_isDescendant_checkLoops_7165541881557222950(Interface_BehaviorDescriptor.java:37)
			at sun.reflect.GeneratedMethodAccessor1487.invoke(Unknown Source)
			at sun.reflect.DelegatingMethodAccessorImpl.invoke(DelegatingMethodAccessorImpl.java:25)
			at java.lang.reflect.Method.invoke(Method.java:597)
			at jetbrains.mps.smodel.runtime.impl.CompiledBehaviorDescriptor.genericInvoke(CompiledBehaviorDescriptor.java:83)
			at jetbrains.mps.smodel.runtime.impl.CompiledBehaviorDescriptor.invoke(CompiledBehaviorDescriptor.java:64)
			at jetbrains.mps.smodel.behaviour.BehaviorReflection.invokeVirtual(BehaviorReflection.java:61)
			at jetbrains.mps.smodel.behaviour.BehaviorReflection.invokeVirtual(BehaviorReflection.java:86)
			at jetbrains.mps.baseLanguage.behavior.Classifier_Behavior.call_isDescendant_checkLoops_7165541881557222950(Classifier_Behavior.java:681)
			at jetbrains.mps.baseLanguage.behavior.Classifier_Behavior.virtual_isDescendant_7165541881557222913(Classifier_Behavior.java:217)
			at jetbrains.mps.baseLanguage.behavior.Classifier_BehaviorDescriptor.virtual_isDescendant_7165541881557222913(Classifier_BehaviorDescriptor.java:115)
			at sun.reflect.GeneratedMethodAccessor1478.invoke(Unknown Source)
			at sun.reflect.DelegatingMethodAccessorImpl.invoke(DelegatingMethodAccessorImpl.java:25)
			at java.lang.reflect.Method.invoke(Method.java:597)
			at jetbrains.mps.smodel.runtime.impl.CompiledBehaviorDescriptor.genericInvoke(CompiledBehaviorDescriptor.java:83)
			at jetbrains.mps.smodel.runtime.impl.CompiledBehaviorDescriptor.invoke(CompiledBehaviorDescriptor.java:64)
			at jetbrains.mps.smodel.behaviour.BehaviorReflection.invokeVirtual(BehaviorReflection.java:61)
			at jetbrains.mps.smodel.behaviour.BehaviorReflection.invokeVirtual(BehaviorReflection.java:86)
			at jetbrains.mps.baseLanguage.collections.generator.baseLanguage.template.main.QueriesGenerated.baseMappingRule_Condition_5795621707561237847(QueriesGenerated.java:367)
			at jetbrains.mps.baseLanguage.collections.generator.baseLanguage.template.main.QueriesGenerated.baseMappingRuleCondition(QueriesGenerated.java:2626)
			at jetbrains.mps.baseLanguage.collections.generator.baseLanguage.template.main.QueriesGenerated$1.check(QueriesGenerated.java:2816)
			at jetbrains.mps.generator.impl.interpreted.TemplateReductionRuleInterpreted.checkCondition(TemplateReductionRuleInterpreted.java:110)
			at jetbrains.mps.generator.impl.interpreted.TemplateReductionRuleInterpreted.tryToApply(TemplateReductionRuleInterpreted.java:79)
			at jetbrains.mps.generator.template.DefaultQueryExecutionContext.tryToApply(DefaultQueryExecutionContext.java:381)
			at jetbrains.mps.generator.impl.template.QueryExecutionContextWithDependencyRecording.tryToApply(QueryExecutionContextWithDependencyRecording.java:204)
			at jetbrains.mps.generator.impl.TemplateGenerator.tryToReduce(TemplateGenerator.java:530)
			at jetbrains.mps.generator.impl.TemplateGenerator.tryToReduce(TemplateGenerator.java:500)
			at jetbrains.mps.generator.impl.TemplateExecutionEnvironmentImpl.trySwitch(TemplateExecutionEnvironmentImpl.java:147)
			at jetbrains.mps.generator.impl.TemplateProcessor$SwitchMacro.apply(TemplateProcessor.java:610)
			at jetbrains.mps.generator.impl.TemplateProcessor.applyTemplate(TemplateProcessor.java:151)
			at jetbrains.mps.generator.impl.TemplateContainer.apply(TemplateContainer.java:73)
			at jetbrains.mps.generator.impl.RuleConsequenceProcessor.processRuleConsequence(RuleConsequenceProcessor.java:66)
			at jetbrains.mps.generator.impl.interpreted.TemplateReductionRuleInterpreted.apply(TemplateReductionRuleInterpreted.java:130)
			at jetbrains.mps.generator.impl.interpreted.TemplateReductionRuleInterpreted.tryToApply(TemplateReductionRuleInterpreted.java:90)
			at jetbrains.mps.generator.template.DefaultQueryExecutionContext.tryToApply(DefaultQueryExecutionContext.java:381)
			at jetbrains.mps.generator.impl.template.QueryExecutionContextWithDependencyRecording.tryToApply(QueryExecutionContextWithDependencyRecording.java:204)
			at jetbrains.mps.generator.impl.TemplateGenerator.tryToReduce(TemplateGenerator.java:530)
			at jetbrains.mps.generator.impl.TemplateGenerator.tryToReduce(TemplateGenerator.java:500)
			at jetbrains.mps.generator.impl.TemplateExecutionEnvironmentImpl.trySwitch(TemplateExecutionEnvironmentImpl.java:147)
			at jetbrains.mps.generator.impl.TemplateProcessor$SwitchMacro.apply(TemplateProcessor.java:610)
			at jetbrains.mps.generator.impl.TemplateProcessor.applyTemplate(TemplateProcessor.java:151)
			at jetbrains.mps.generator.impl.TemplateProcessor.applyTemplate(TemplateProcessor.java:245)
			at jetbrains.mps.generator.impl.TemplateContainer.apply(TemplateContainer.java:73)
			at jetbrains.mps.generator.impl.RuleConsequenceProcessor.processRuleConsequence(RuleConsequenceProcessor.java:66)
			at jetbrains.mps.generator.impl.interpreted.TemplateReductionRuleInterpreted.apply(TemplateReductionRuleInterpreted.java:130)
			at jetbrains.mps.generator.impl.interpreted.TemplateReductionRuleInterpreted.tryToApply(TemplateReductionRuleInterpreted.java:90)
			at jetbrains.mps.generator.template.DefaultQueryExecutionContext.tryToApply(DefaultQueryExecutionContext.java:381)
			at jetbrains.mps.generator.impl.template.QueryExecutionContextWithDependencyRecording.tryToApply(QueryExecutionContextWithDependencyRecording.java:204)
			at jetbrains.mps.generator.impl.TemplateGenerator.tryToReduce(TemplateGenerator.java:530)
			at jetbrains.mps.generator.impl.TemplateGenerator.tryToReduce(TemplateGenerator.java:500)
			at jetbrains.mps.generator.impl.TemplateExecutionEnvironmentImpl.trySwitch(TemplateExecutionEnvironmentImpl.java:147)
			at jetbrains.mps.generator.impl.TemplateProcessor$SwitchMacro.apply(TemplateProcessor.java:610)
			at jetbrains.mps.generator.impl.TemplateProcessor.applyTemplate(TemplateProcessor.java:151)
			at jetbrains.mps.generator.impl.TemplateContainer.apply(TemplateContainer.java:73)
			at jetbrains.mps.generator.impl.RuleConsequenceProcessor.processRuleConsequence(RuleConsequenceProcessor.java:66)
			at jetbrains.mps.generator.impl.interpreted.TemplateReductionRuleInterpreted.apply(TemplateReductionRuleInterpreted.java:130)
			at jetbrains.mps.generator.impl.interpreted.TemplateReductionRuleInterpreted.tryToApply(TemplateReductionRuleInterpreted.java:90)
			at jetbrains.mps.generator.template.DefaultQueryExecutionContext.tryToApply(DefaultQueryExecutionContext.java:381)
			at jetbrains.mps.generator.impl.template.QueryExecutionContextWithDependencyRecording.tryToApply(QueryExecutionContextWithDependencyRecording.java:204)
			at jetbrains.mps.generator.impl.TemplateGenerator.tryToReduce(TemplateGenerator.java:530)
			at jetbrains.mps.generator.impl.TemplateGenerator.tryToReduce(TemplateGenerator.java:478)
			at jetbrains.mps.generator.impl.TemplateGenerator$FullCopyFacility.copyInputNode(TemplateGenerator.java:986)
			at jetbrains.mps.generator.impl.TemplateGenerator$FullCopyFacility.copyInputNode(TemplateGenerator.java:1000)
			at jetbrains.mps.generator.impl.TemplateGenerator$FullCopyFacility.copyInputNode(TemplateGenerator.java:1000)
			at jetbrains.mps.generator.impl.TemplateGenerator$FullCopyFacility.copyInputNode(TemplateGenerator.java:1000)
			at jetbrains.mps.generator.impl.TemplateGenerator$FullCopyFacility.copyInputNode(TemplateGenerator.java:1000)
			at jetbrains.mps.generator.impl.TemplateGenerator$FullCopyFacility.copyRootInputNode(TemplateGenerator.java:887)
			at jetbrains.mps.generator.impl.TemplateGenerator.copyRootInputNode(TemplateGenerator.java:409)
			at jetbrains.mps.generator.impl.ParallelTemplateGenerator.access$201(ParallelTemplateGenerator.java:48)
			at jetbrains.mps.generator.impl.ParallelTemplateGenerator$3.run(ParallelTemplateGenerator.java:104)
			at jetbrains.mps.generator.impl.ParallelTemplateGenerator$CompositeGenerationTask.run(ParallelTemplateGenerator.java:252)
			at jetbrains.mps.generator.impl.GenerationTaskPool$GenerationTaskAdapter.runInternal(GenerationTaskPool.java:69)
			at jetbrains.mps.generator.impl.GenerationTaskPool$GenerationTaskAdapter.run(GenerationTaskPool.java:86)
			at java.util.concurrent.ThreadPoolExecutor$Worker.runTask(ThreadPoolExecutor.java:895)
			at java.util.concurrent.ThreadPoolExecutor$Worker.run(ThreadPoolExecutor.java:918)
			at java.lang.Thread.run(Thread.java:695)

-------------------------
f:java_stub#6354ebe7-c22a-4a0f-ac54-50b52ab9b065#java.util(JDK/java.util@java_stub) in 7060824959893064709
		java.lang.Throwable
			at jetbrains.mps.generator.impl.dependencies.IncrementalDependenciesBuilder.reportModelAccess(IncrementalDependenciesBuilder.java:115)
			at jetbrains.mps.generator.impl.dependencies.RootDependenciesBuilder.addModelAccess(RootDependenciesBuilder.java:94)
			at jetbrains.mps.generator.impl.dependencies.RootDependenciesBuilder.nodeUnclassifiedReadAccess(RootDependenciesBuilder.java:215)
			at jetbrains.mps.smodel.NodeReadEventsCaster$ListenersContainer.fireNodeUnclassifiedReadAccess(NodeReadEventsCaster.java:128)
			at jetbrains.mps.smodel.NodeReadEventsCaster.fireNodeUnclassifiedReadAccess(NodeReadEventsCaster.java:51)
			at jetbrains.mps.smodel.SNode.fireNodeUnclassifiedReadAccess(SNode.java:1023)
			at jetbrains.mps.smodel.SModel.getNode(SModel.java:204)
			at jetbrains.mps.extapi.model.SModelBase.getNode(SModelBase.java:118)
			at jetbrains.mps.smodel.StaticReference.getTargetNode_internal(StaticReference.java:118)
			at jetbrains.mps.smodel.SReference.getTargetNode(SReference.java:67)
			at jetbrains.mps.smodel.SNode.getReferenceTarget(SNode.java:411)
			at jetbrains.mps.smodel.SNode.getReferenceTarget(SNode.java:50)
			at jetbrains.mps.lang.smodel.generator.smodelAdapter.SLinkOperations.getTarget(SLinkOperations.java:34)
			at jetbrains.mps.baseLanguage.collections.generator.baseLanguage.template.main.QueriesGenerated.baseMappingRule_Condition_5795621707561237847(QueriesGenerated.java:367)
			at jetbrains.mps.baseLanguage.collections.generator.baseLanguage.template.main.QueriesGenerated.baseMappingRuleCondition(QueriesGenerated.java:2626)
			at jetbrains.mps.baseLanguage.collections.generator.baseLanguage.template.main.QueriesGenerated$1.check(QueriesGenerated.java:2816)
			at jetbrains.mps.generator.impl.interpreted.TemplateReductionRuleInterpreted.checkCondition(TemplateReductionRuleInterpreted.java:110)
			at jetbrains.mps.generator.impl.interpreted.TemplateReductionRuleInterpreted.tryToApply(TemplateReductionRuleInterpreted.java:79)
			at jetbrains.mps.generator.template.DefaultQueryExecutionContext.tryToApply(DefaultQueryExecutionContext.java:381)
			at jetbrains.mps.generator.impl.template.QueryExecutionContextWithDependencyRecording.tryToApply(QueryExecutionContextWithDependencyRecording.java:204)
			at jetbrains.mps.generator.impl.TemplateGenerator.tryToReduce(TemplateGenerator.java:530)
			at jetbrains.mps.generator.impl.TemplateGenerator.tryToReduce(TemplateGenerator.java:500)
			at jetbrains.mps.generator.impl.TemplateExecutionEnvironmentImpl.trySwitch(TemplateExecutionEnvironmentImpl.java:147)
			at jetbrains.mps.generator.impl.TemplateProcessor$SwitchMacro.apply(TemplateProcessor.java:610)
			at jetbrains.mps.generator.impl.TemplateProcessor.applyTemplate(TemplateProcessor.java:151)
			at jetbrains.mps.generator.impl.TemplateContainer.apply(TemplateContainer.java:73)
			at jetbrains.mps.generator.impl.RuleConsequenceProcessor.processRuleConsequence(RuleConsequenceProcessor.java:66)
			at jetbrains.mps.generator.impl.interpreted.TemplateReductionRuleInterpreted.apply(TemplateReductionRuleInterpreted.java:130)
			at jetbrains.mps.generator.impl.interpreted.TemplateReductionRuleInterpreted.tryToApply(TemplateReductionRuleInterpreted.java:90)
			at jetbrains.mps.generator.template.DefaultQueryExecutionContext.tryToApply(DefaultQueryExecutionContext.java:381)
			at jetbrains.mps.generator.impl.template.QueryExecutionContextWithDependencyRecording.tryToApply(QueryExecutionContextWithDependencyRecording.java:204)
			at jetbrains.mps.generator.impl.TemplateGenerator.tryToReduce(TemplateGenerator.java:530)
			at jetbrains.mps.generator.impl.TemplateGenerator.tryToReduce(TemplateGenerator.java:500)
			at jetbrains.mps.generator.impl.TemplateExecutionEnvironmentImpl.trySwitch(TemplateExecutionEnvironmentImpl.java:147)
			at jetbrains.mps.generator.impl.TemplateProcessor$SwitchMacro.apply(TemplateProcessor.java:610)
			at jetbrains.mps.generator.impl.TemplateProcessor.applyTemplate(TemplateProcessor.java:151)
			at jetbrains.mps.generator.impl.TemplateProcessor.applyTemplate(TemplateProcessor.java:245)
			at jetbrains.mps.generator.impl.TemplateContainer.apply(TemplateContainer.java:73)
			at jetbrains.mps.generator.impl.RuleConsequenceProcessor.processRuleConsequence(RuleConsequenceProcessor.java:66)
			at jetbrains.mps.generator.impl.interpreted.TemplateReductionRuleInterpreted.apply(TemplateReductionRuleInterpreted.java:130)
			at jetbrains.mps.generator.impl.interpreted.TemplateReductionRuleInterpreted.tryToApply(TemplateReductionRuleInterpreted.java:90)
			at jetbrains.mps.generator.template.DefaultQueryExecutionContext.tryToApply(DefaultQueryExecutionContext.java:381)
			at jetbrains.mps.generator.impl.template.QueryExecutionContextWithDependencyRecording.tryToApply(QueryExecutionContextWithDependencyRecording.java:204)
			at jetbrains.mps.generator.impl.TemplateGenerator.tryToReduce(TemplateGenerator.java:530)
			at jetbrains.mps.generator.impl.TemplateGenerator.tryToReduce(TemplateGenerator.java:500)
			at jetbrains.mps.generator.impl.TemplateExecutionEnvironmentImpl.trySwitch(TemplateExecutionEnvironmentImpl.java:147)
			at jetbrains.mps.generator.impl.TemplateProcessor$SwitchMacro.apply(TemplateProcessor.java:610)
			at jetbrains.mps.generator.impl.TemplateProcessor.applyTemplate(TemplateProcessor.java:151)
			at jetbrains.mps.generator.impl.TemplateContainer.apply(TemplateContainer.java:73)
			at jetbrains.mps.generator.impl.RuleConsequenceProcessor.processRuleConsequence(RuleConsequenceProcessor.java:66)
			at jetbrains.mps.generator.impl.interpreted.TemplateReductionRuleInterpreted.apply(TemplateReductionRuleInterpreted.java:130)
			at jetbrains.mps.generator.impl.interpreted.TemplateReductionRuleInterpreted.tryToApply(TemplateReductionRuleInterpreted.java:90)
			at jetbrains.mps.generator.template.DefaultQueryExecutionContext.tryToApply(DefaultQueryExecutionContext.java:381)
			at jetbrains.mps.generator.impl.template.QueryExecutionContextWithDependencyRecording.tryToApply(QueryExecutionContextWithDependencyRecording.java:204)
			at jetbrains.mps.generator.impl.TemplateGenerator.tryToReduce(TemplateGenerator.java:530)
			at jetbrains.mps.generator.impl.TemplateGenerator.tryToReduce(TemplateGenerator.java:478)
			at jetbrains.mps.generator.impl.TemplateGenerator$FullCopyFacility.copyInputNode(TemplateGenerator.java:986)
			at jetbrains.mps.generator.impl.TemplateGenerator$FullCopyFacility.copyInputNode(TemplateGenerator.java:1000)
			at jetbrains.mps.generator.impl.TemplateGenerator$FullCopyFacility.copyInputNode(TemplateGenerator.java:1000)
			at jetbrains.mps.generator.impl.TemplateGenerator$FullCopyFacility.copyInputNode(TemplateGenerator.java:1000)
			at jetbrains.mps.generator.impl.TemplateGenerator$FullCopyFacility.copyInputNode(TemplateGenerator.java:1000)
			at jetbrains.mps.generator.impl.TemplateGenerator$FullCopyFacility.copyRootInputNode(TemplateGenerator.java:887)
			at jetbrains.mps.generator.impl.TemplateGenerator.copyRootInputNode(TemplateGenerator.java:409)
			at jetbrains.mps.generator.impl.ParallelTemplateGenerator.access$201(ParallelTemplateGenerator.java:48)
			at jetbrains.mps.generator.impl.ParallelTemplateGenerator$3.run(ParallelTemplateGenerator.java:104)
			at jetbrains.mps.generator.impl.ParallelTemplateGenerator$CompositeGenerationTask.run(ParallelTemplateGenerator.java:252)
			at jetbrains.mps.generator.impl.GenerationTaskPool$GenerationTaskAdapter.runInternal(GenerationTaskPool.java:69)
			at jetbrains.mps.generator.impl.GenerationTaskPool$GenerationTaskAdapter.run(GenerationTaskPool.java:86)
			at java.util.concurrent.ThreadPoolExecutor$Worker.runTask(ThreadPoolExecutor.java:895)
			at java.util.concurrent.ThreadPoolExecutor$Worker.run(ThreadPoolExecutor.java:918)
			at java.lang.Thread.run(Thread.java:695)

-------------------------
f:java_stub#6ed54515-acc8-4d1e-a16c-9fd6cfe951ea#jetbrains.mps.smodel.runtime.impl(MPS.Core/jetbrains.mps.smodel.runtime.impl@java_stub) in common
		java.lang.Throwable
			at jetbrains.mps.generator.impl.dependencies.IncrementalDependenciesBuilder.reportModelAccess(IncrementalDependenciesBuilder.java:115)
			at jetbrains.mps.generator.impl.dependencies.RootDependenciesBuilder.addModelAccess(RootDependenciesBuilder.java:94)
			at jetbrains.mps.generator.impl.dependencies.RootDependenciesBuilder.nodeUnclassifiedReadAccess(RootDependenciesBuilder.java:215)
			at jetbrains.mps.smodel.NodeReadEventsCaster$ListenersContainer.fireNodeUnclassifiedReadAccess(NodeReadEventsCaster.java:128)
			at jetbrains.mps.smodel.NodeReadEventsCaster.fireNodeUnclassifiedReadAccess(NodeReadEventsCaster.java:51)
			at jetbrains.mps.smodel.SNode.fireNodeUnclassifiedReadAccess(SNode.java:1023)
			at jetbrains.mps.smodel.SModel.getNode(SModel.java:204)
			at jetbrains.mps.extapi.model.SModelBase.getNode(SModelBase.java:118)
			at jetbrains.mps.smodel.StaticReference.getTargetNode_internal(StaticReference.java:118)
			at jetbrains.mps.smodel.SReference.getTargetNode(SReference.java:67)
			at jetbrains.mps.util.SNodeOperations.getTargetNodeSilently(SNodeOperations.java:315)
			at jetbrains.mps.smodel.SReferenceBase.makeDirect(SReferenceBase.java:85)
			at jetbrains.mps.smodel.SNode.unRegisterFromModel(SNode.java:877)
			at jetbrains.mps.smodel.SNode.unRegisterFromModel(SNode.java:884)
			at jetbrains.mps.smodel.SNode.unRegisterFromModel(SNode.java:884)
			at jetbrains.mps.smodel.SNode.unRegisterFromModel(SNode.java:884)
			at jetbrains.mps.smodel.SNode.unRegisterFromModel(SNode.java:884)
			at jetbrains.mps.smodel.SNode.unRegisterFromModel(SNode.java:884)
			at jetbrains.mps.smodel.SNode.unRegisterFromModel(SNode.java:884)
			at jetbrains.mps.smodel.SNode.unRegisterFromModel(SNode.java:884)
			at jetbrains.mps.smodel.SNode.unRegisterFromModel(SNode.java:884)
			at jetbrains.mps.smodel.SNode.unRegisterFromModel(SNode.java:884)
			at jetbrains.mps.smodel.SNode.removeChild(SNode.java:332)
			at org.jetbrains.mps.openapi.model.SNodeUtil.replaceWithAnother(SNodeUtil.java:79)
			at jetbrains.mps.lang.smodel.generator.smodelAdapter.SNodeOperations.replaceWithAnother(SNodeOperations.java:547)
			at jetbrains.mps.lang.structure.generator_new.baseLanguage.QueriesGenerated.mapSrcMacro_post_mapper_4891130965839637416(QueriesGenerated.java:338)
			at sun.reflect.GeneratedMethodAccessor1427.invoke(Unknown Source)
			at sun.reflect.DelegatingMethodAccessorImpl.invoke(DelegatingMethodAccessorImpl.java:25)
			at java.lang.reflect.Method.invoke(Method.java:597)
			at jetbrains.mps.util.QueryMethodGenerated.invoke(QueryMethodGenerated.java:166)
			at jetbrains.mps.util.QueryMethodGenerated.invoke(QueryMethodGenerated.java:153)
			at jetbrains.mps.util.QueryMethodGenerated.invoke(QueryMethodGenerated.java:150)
			at jetbrains.mps.generator.template.DefaultQueryExecutionContext.executeMapSrcNodeMacro_PostProc(DefaultQueryExecutionContext.java:168)
			at jetbrains.mps.generator.impl.template.QueryExecutionContextWithDependencyRecording.executeMapSrcNodeMacro_PostProc(QueryExecutionContextWithDependencyRecording.java:90)
			at jetbrains.mps.generator.impl.DelayedChanges$ExecuteMapSrcNodeMacroPostProcChange.doChange(DelayedChanges.java:213)
			at jetbrains.mps.generator.impl.DelayedChanges.doAllChanges(DelayedChanges.java:87)
			at jetbrains.mps.generator.impl.TemplateGenerator.apply(TemplateGenerator.java:176)
			at jetbrains.mps.generator.impl.GenerationSession.applyRules(GenerationSession.java:460)
			at jetbrains.mps.generator.impl.GenerationSession.executeMajorStepInternal(GenerationSession.java:382)
			at jetbrains.mps.generator.impl.GenerationSession.executeMajorStep(GenerationSession.java:349)
			at jetbrains.mps.generator.impl.GenerationSession.generateModel(GenerationSession.java:229)
			at jetbrains.mps.generator.impl.GenerationController.generateModel(GenerationController.java:187)
			at jetbrains.mps.generator.impl.GenerationController.generateModelsInModule(GenerationController.java:148)
			at jetbrains.mps.generator.impl.GenerationController.generate(GenerationController.java:101)
			at jetbrains.mps.generator.GenerationFacade$2$1.compute(GenerationFacade.java:156)
			at jetbrains.mps.generator.GenerationFacade$2$1.compute(GenerationFacade.java:153)
			at jetbrains.mps.ide.undo.WorkbenchUndoHandler.runNonUndoableAction(WorkbenchUndoHandler.java:46)
			at jetbrains.mps.smodel.UndoHelper.runNonUndoableAction(UndoHelper.java:62)
			at jetbrains.mps.generator.GenerationFacade$2.run(GenerationFacade.java:153)
			at jetbrains.mps.ide.smodel.WorkbenchModelAccess$8.compute(WorkbenchModelAccess.java:312)
			at jetbrains.mps.ide.smodel.WorkbenchModelAccess$8.compute(WorkbenchModelAccess.java:307)
			at com.intellij.openapi.application.impl.ApplicationImpl.runReadAction(ApplicationImpl.java:934)
			at jetbrains.mps.ide.smodel.WorkbenchModelAccess.tryRead(WorkbenchModelAccess.java:307)
			at jetbrains.mps.ide.smodel.WorkbenchModelAccess.requireRead(WorkbenchModelAccess.java:357)
			at jetbrains.mps.generator.GenerationFacade.generateModels(GenerationFacade.java:150)
			at jetbrains.mps.lang.core.plugin.Generate_Facet$Target_generate$1.execute(Generate_Facet.java:554)
			at jetbrains.mps.internal.make.runtime.script.Script$3.invoke(Script.java:306)
			at jetbrains.mps.internal.make.runtime.script.Script$3.invoke(Script.java:250)
			at jetbrains.mps.ide.make.WorkbenchMakeService$Controller.runJobWithMonitor(WorkbenchMakeService.java:391)
			at jetbrains.mps.internal.make.runtime.script.Script.executeTargets(Script.java:250)
			at jetbrains.mps.internal.make.runtime.script.Script.execute(Script.java:226)
			at jetbrains.mps.make.service.CoreMakeTask.doRun(CoreMakeTask.java:111)
			at jetbrains.mps.ide.make.MakeTask$WorkbenchMakeTask.doRun(MakeTask.java:140)
			at jetbrains.mps.make.service.CoreMakeTask.run(CoreMakeTask.java:60)
			at jetbrains.mps.ide.make.MakeTask$1.run(MakeTask.java:57)
			at java.lang.Thread.run(Thread.java:695)

-------------------------
r:00000000-0000-4000-0000-011c89590288(jetbrains.mps.lang.core.structure) in 7060824959893064709
		java.lang.Throwable
			at jetbrains.mps.generator.impl.dependencies.IncrementalDependenciesBuilder.reportModelAccess(IncrementalDependenciesBuilder.java:115)
			at jetbrains.mps.generator.impl.dependencies.RootDependenciesBuilder.addModelAccess(RootDependenciesBuilder.java:94)
			at jetbrains.mps.generator.impl.dependencies.RootDependenciesBuilder.nodeUnclassifiedReadAccess(RootDependenciesBuilder.java:215)
			at jetbrains.mps.smodel.NodeReadEventsCaster$ListenersContainer.fireNodeUnclassifiedReadAccess(NodeReadEventsCaster.java:128)
			at jetbrains.mps.smodel.NodeReadEventsCaster.fireNodeUnclassifiedReadAccess(NodeReadEventsCaster.java:51)
			at jetbrains.mps.smodel.SNode.fireNodeUnclassifiedReadAccess(SNode.java:1023)
			at jetbrains.mps.smodel.SModel.getNode(SModel.java:204)
			at jetbrains.mps.extapi.model.SModelBase.getNode(SModelBase.java:118)
			at jetbrains.mps.smodel.StaticReference.getTargetNode_internal(StaticReference.java:118)
			at jetbrains.mps.smodel.SReference.getTargetNode(SReference.java:67)
			at jetbrains.mps.smodel.SNode.getReferenceTarget(SNode.java:411)
			at jetbrains.mps.smodel.SNode.getReferenceTarget(SNode.java:50)
			at jetbrains.mps.lang.smodel.generator.smodelAdapter.SLinkOperations.getTarget(SLinkOperations.java:34)
			at jetbrains.mps.lang.structure.generator_new.baseLanguage.QueriesGenerated.baseMappingRule_Condition_1167266219124(QueriesGenerated.java:45)
			at sun.reflect.NativeMethodAccessorImpl.invoke0(Native Method)
			at sun.reflect.NativeMethodAccessorImpl.invoke(NativeMethodAccessorImpl.java:39)
			at sun.reflect.DelegatingMethodAccessorImpl.invoke(DelegatingMethodAccessorImpl.java:25)
			at java.lang.reflect.Method.invoke(Method.java:597)
			at jetbrains.mps.util.QueryMethodGenerated.invoke(QueryMethodGenerated.java:166)
			at jetbrains.mps.generator.impl.interpreted.ReflectiveQueryProvider$Impl.invokeBoolean(ReflectiveQueryProvider.java:129)
			at jetbrains.mps.generator.impl.interpreted.ReflectiveQueryProvider$Impl.check(ReflectiveQueryProvider.java:172)
			at jetbrains.mps.generator.impl.interpreted.TemplateWeavingRuleInterpreted.isApplicable(TemplateWeavingRuleInterpreted.java:128)
			at jetbrains.mps.generator.template.DefaultQueryExecutionContext.isApplicable(DefaultQueryExecutionContext.java:386)
			at jetbrains.mps.generator.impl.template.QueryExecutionContextWithDependencyRecording.isApplicable(QueryExecutionContextWithDependencyRecording.java:214)
			at jetbrains.mps.generator.impl.WeavingProcessor.prepareWeavingRules(WeavingProcessor.java:65)
			at jetbrains.mps.generator.impl.TemplateGenerator.apply(TemplateGenerator.java:140)
			at jetbrains.mps.generator.impl.GenerationSession.applyRules(GenerationSession.java:460)
			at jetbrains.mps.generator.impl.GenerationSession.executeMajorStepInternal(GenerationSession.java:382)
			at jetbrains.mps.generator.impl.GenerationSession.executeMajorStep(GenerationSession.java:349)
			at jetbrains.mps.generator.impl.GenerationSession.generateModel(GenerationSession.java:229)
			at jetbrains.mps.generator.impl.GenerationController.generateModel(GenerationController.java:187)
			at jetbrains.mps.generator.impl.GenerationController.generateModelsInModule(GenerationController.java:148)
			at jetbrains.mps.generator.impl.GenerationController.generate(GenerationController.java:101)
			at jetbrains.mps.generator.GenerationFacade$2$1.compute(GenerationFacade.java:156)
			at jetbrains.mps.generator.GenerationFacade$2$1.compute(GenerationFacade.java:153)
			at jetbrains.mps.ide.undo.WorkbenchUndoHandler.runNonUndoableAction(WorkbenchUndoHandler.java:46)
			at jetbrains.mps.smodel.UndoHelper.runNonUndoableAction(UndoHelper.java:62)
			at jetbrains.mps.generator.GenerationFacade$2.run(GenerationFacade.java:153)
			at jetbrains.mps.ide.smodel.WorkbenchModelAccess$8.compute(WorkbenchModelAccess.java:312)
			at jetbrains.mps.ide.smodel.WorkbenchModelAccess$8.compute(WorkbenchModelAccess.java:307)
			at com.intellij.openapi.application.impl.ApplicationImpl.runReadAction(ApplicationImpl.java:934)
			at jetbrains.mps.ide.smodel.WorkbenchModelAccess.tryRead(WorkbenchModelAccess.java:307)
			at jetbrains.mps.ide.smodel.WorkbenchModelAccess.requireRead(WorkbenchModelAccess.java:357)
			at jetbrains.mps.generator.GenerationFacade.generateModels(GenerationFacade.java:150)
			at jetbrains.mps.lang.core.plugin.Generate_Facet$Target_generate$1.execute(Generate_Facet.java:554)
			at jetbrains.mps.internal.make.runtime.script.Script$3.invoke(Script.java:306)
			at jetbrains.mps.internal.make.runtime.script.Script$3.invoke(Script.java:250)
			at jetbrains.mps.ide.make.WorkbenchMakeService$Controller.runJobWithMonitor(WorkbenchMakeService.java:391)
			at jetbrains.mps.internal.make.runtime.script.Script.executeTargets(Script.java:250)
			at jetbrains.mps.internal.make.runtime.script.Script.execute(Script.java:226)
			at jetbrains.mps.make.service.CoreMakeTask.doRun(CoreMakeTask.java:111)
			at jetbrains.mps.ide.make.MakeTask$WorkbenchMakeTask.doRun(MakeTask.java:140)
			at jetbrains.mps.make.service.CoreMakeTask.run(CoreMakeTask.java:60)
			at jetbrains.mps.ide.make.MakeTask$1.run(MakeTask.java:57)
			at java.lang.Thread.run(Thread.java:695)

-------------------------
r:00000000-0000-4000-0000-011c89590288(jetbrains.mps.lang.core.structure) in common
		java.lang.Throwable
			at jetbrains.mps.generator.impl.dependencies.IncrementalDependenciesBuilder.reportModelAccess(IncrementalDependenciesBuilder.java:115)
			at jetbrains.mps.generator.impl.dependencies.RootDependenciesBuilder.addModelAccess(RootDependenciesBuilder.java:94)
			at jetbrains.mps.generator.impl.dependencies.RootDependenciesBuilder.nodeUnclassifiedReadAccess(RootDependenciesBuilder.java:215)
			at jetbrains.mps.smodel.NodeReadEventsCaster$ListenersContainer.fireNodeUnclassifiedReadAccess(NodeReadEventsCaster.java:128)
			at jetbrains.mps.smodel.NodeReadEventsCaster.fireNodeUnclassifiedReadAccess(NodeReadEventsCaster.java:51)
			at jetbrains.mps.smodel.SNode.fireNodeUnclassifiedReadAccess(SNode.java:1023)
			at jetbrains.mps.smodel.SModel.getNode(SModel.java:204)
			at jetbrains.mps.extapi.model.SModelBase.getNode(SModelBase.java:118)
			at jetbrains.mps.smodel.StaticReference.getTargetNode_internal(StaticReference.java:118)
			at jetbrains.mps.smodel.SReference.getTargetNode(SReference.java:67)
			at jetbrains.mps.smodel.SNode.getReferenceTarget(SNode.java:411)
			at jetbrains.mps.smodel.SNode.getReferenceTarget(SNode.java:50)
			at jetbrains.mps.lang.smodel.generator.smodelAdapter.SLinkOperations.getTarget(SLinkOperations.java:34)
			at jetbrains.mps.lang.structure.behavior.ConceptDeclaration_Behavior.virtual_getImmediateSuperconcepts_1222430305282(ConceptDeclaration_Behavior.java:24)
			at jetbrains.mps.lang.structure.behavior.ConceptDeclaration_BehaviorDescriptor.virtual_getImmediateSuperconcepts_1222430305282(ConceptDeclaration_BehaviorDescriptor.java:13)
			at sun.reflect.GeneratedMethodAccessor1418.invoke(Unknown Source)
			at sun.reflect.DelegatingMethodAccessorImpl.invoke(DelegatingMethodAccessorImpl.java:25)
			at java.lang.reflect.Method.invoke(Method.java:597)
			at jetbrains.mps.smodel.runtime.impl.CompiledBehaviorDescriptor.genericInvoke(CompiledBehaviorDescriptor.java:83)
			at jetbrains.mps.smodel.runtime.impl.CompiledBehaviorDescriptor.invoke(CompiledBehaviorDescriptor.java:64)
			at jetbrains.mps.smodel.behaviour.BehaviorReflection.invokeVirtual(BehaviorReflection.java:61)
			at jetbrains.mps.smodel.behaviour.BehaviorReflection.invokeVirtual(BehaviorReflection.java:86)
			at jetbrains.mps.lang.structure.generator_new.baseLanguage.QueriesGenerated.insertMacro_varValue_2225291943437352919(QueriesGenerated.java:385)
			at sun.reflect.GeneratedMethodAccessor1417.invoke(Unknown Source)
			at sun.reflect.DelegatingMethodAccessorImpl.invoke(DelegatingMethodAccessorImpl.java:25)
			at java.lang.reflect.Method.invoke(Method.java:597)
			at jetbrains.mps.util.QueryMethodGenerated.invoke(QueryMethodGenerated.java:166)
			at jetbrains.mps.util.QueryMethodGenerated.invoke(QueryMethodGenerated.java:153)
			at jetbrains.mps.util.QueryMethodGenerated.invoke(QueryMethodGenerated.java:150)
			at jetbrains.mps.generator.template.DefaultQueryExecutionContext.evaluateVariableQuery(DefaultQueryExecutionContext.java:249)
			at jetbrains.mps.generator.impl.template.QueryExecutionContextWithDependencyRecording.evaluateVariableQuery(QueryExecutionContextWithDependencyRecording.java:130)
			at jetbrains.mps.generator.impl.TemplateProcessor$VarMacro.apply(TemplateProcessor.java:478)
			at jetbrains.mps.generator.impl.TemplateProcessor.applyTemplate(TemplateProcessor.java:151)
			at jetbrains.mps.generator.impl.TemplateProcessor.applyTemplate(TemplateProcessor.java:245)
			at jetbrains.mps.generator.impl.TemplateProcessor.applyTemplate(TemplateProcessor.java:245)
			at jetbrains.mps.generator.impl.TemplateProcessor.applyTemplate(TemplateProcessor.java:245)
			at jetbrains.mps.generator.impl.TemplateProcessor.applyTemplate(TemplateProcessor.java:245)
			at jetbrains.mps.generator.impl.TemplateProcessor.applyTemplate(TemplateProcessor.java:245)
			at jetbrains.mps.generator.impl.TemplateProcessor.applyTemplate(TemplateProcessor.java:245)
			at jetbrains.mps.generator.impl.TemplateProcessor.applyTemplate(TemplateProcessor.java:245)
			at jetbrains.mps.generator.impl.TemplateProcessor.applyTemplate(TemplateProcessor.java:245)
			at jetbrains.mps.generator.impl.TemplateProcessor.applyTemplate(TemplateProcessor.java:245)
			at jetbrains.mps.generator.impl.TemplateProcessor.applyTemplate(TemplateProcessor.java:245)
			at jetbrains.mps.generator.impl.TemplateProcessor.applyTemplate(TemplateProcessor.java:245)
			at jetbrains.mps.generator.impl.TemplateProcessor$MapSrcMacros.apply(TemplateProcessor.java:551)
			at jetbrains.mps.generator.impl.TemplateProcessor.applyTemplate(TemplateProcessor.java:151)
			at jetbrains.mps.generator.impl.TemplateProcessor.applyTemplate(TemplateProcessor.java:245)
			at jetbrains.mps.generator.impl.TemplateProcessor.applyTemplate(TemplateProcessor.java:245)
			at jetbrains.mps.generator.impl.TemplateProcessor.applyTemplate(TemplateProcessor.java:245)
			at jetbrains.mps.generator.impl.TemplateProcessor$LoopMacro.apply(TemplateProcessor.java:351)
			at jetbrains.mps.generator.impl.TemplateProcessor.applyTemplate(TemplateProcessor.java:151)
			at jetbrains.mps.generator.impl.TemplateProcessor.applyTemplate(TemplateProcessor.java:245)
			at jetbrains.mps.generator.impl.TemplateProcessor.applyTemplate(TemplateProcessor.java:245)
			at jetbrains.mps.generator.impl.TemplateProcessor.applyTemplate(TemplateProcessor.java:245)
			at jetbrains.mps.generator.impl.TemplateProcessor.applyTemplate(TemplateProcessor.java:245)
			at jetbrains.mps.generator.impl.TemplateProcessor.apply(TemplateProcessor.java:97)
			at jetbrains.mps.generator.impl.interpreted.TemplateCreateRootRuleInterpreted.apply(TemplateCreateRootRuleInterpreted.java:76)
			at jetbrains.mps.generator.template.DefaultQueryExecutionContext.applyRule(DefaultQueryExecutionContext.java:396)
			at jetbrains.mps.generator.impl.template.QueryExecutionContextWithDependencyRecording.applyRule(QueryExecutionContextWithDependencyRecording.java:236)
			at jetbrains.mps.generator.impl.TemplateGenerator.createRootNodeByRule(TemplateGenerator.java:342)
			at jetbrains.mps.generator.impl.ParallelTemplateGenerator.access$001(ParallelTemplateGenerator.java:48)
			at jetbrains.mps.generator.impl.ParallelTemplateGenerator$1.run(ParallelTemplateGenerator.java:84)
			at jetbrains.mps.generator.impl.ParallelTemplateGenerator$CompositeGenerationTask.run(ParallelTemplateGenerator.java:252)
			at jetbrains.mps.generator.impl.GenerationTaskPool$GenerationTaskAdapter.runInternal(GenerationTaskPool.java:69)
			at jetbrains.mps.generator.impl.GenerationTaskPool$GenerationTaskAdapter.run(GenerationTaskPool.java:86)
			at java.util.concurrent.ThreadPoolExecutor$Worker.runTask(ThreadPoolExecutor.java:895)
			at java.util.concurrent.ThreadPoolExecutor$Worker.run(ThreadPoolExecutor.java:918)
			at java.lang.Thread.run(Thread.java:695)

-------------------------
r:00000000-0000-4000-0000-011c89590293(jetbrains.mps.lang.structure.generator_new.baseLanguage@generator) in 7060824959893064709
		java.lang.Throwable
			at jetbrains.mps.generator.impl.dependencies.IncrementalDependenciesBuilder.reportModelAccess(IncrementalDependenciesBuilder.java:115)
			at jetbrains.mps.generator.impl.dependencies.RootDependenciesBuilder.addModelAccess(RootDependenciesBuilder.java:94)
			at jetbrains.mps.generator.impl.dependencies.RootDependenciesBuilder.nodePropertyReadAccess(RootDependenciesBuilder.java:138)
			at jetbrains.mps.smodel.NodeReadEventsCaster$ListenersContainer.fireNodePropertyReadAccess(NodeReadEventsCaster.java:118)
			at jetbrains.mps.smodel.NodeReadEventsCaster.fireNodePropertyReadAccess(NodeReadEventsCaster.java:37)
			at jetbrains.mps.smodel.SNode.fireNodePropertyReadAccess(SNode.java:1038)
			at jetbrains.mps.smodel.SNode.getProperty(SNode.java:208)
			at jetbrains.mps.smodel.runtime.base.BasePropertyConstraintsDescriptor.getValue(BasePropertyConstraintsDescriptor.java:154)
			at jetbrains.mps.smodel.SNodeAccessUtilImpl.getPropertyImpl(SNodeAccessUtilImpl.java:61)
			at org.jetbrains.mps.openapi.model.SNodeAccessUtil.getProperty(SNodeAccessUtil.java:35)
			at jetbrains.mps.lang.smodel.generator.smodelAdapter.SPropertyOperations.getString(SPropertyOperations.java:27)
			at jetbrains.mps.lang.smodel.generator.smodelAdapter.AttributeOperations.getPropertyName(AttributeOperations.java:98)
			at jetbrains.mps.generator.template.DefaultQueryExecutionContext.expandPropertyMacro(DefaultQueryExecutionContext.java:182)
			at jetbrains.mps.generator.impl.template.QueryExecutionContextWithDependencyRecording.expandPropertyMacro(QueryExecutionContextWithDependencyRecording.java:100)
			at jetbrains.mps.generator.impl.TemplateProcessor.applyTemplate(TemplateProcessor.java:179)
			at jetbrains.mps.generator.impl.TemplateProcessor.apply(TemplateProcessor.java:97)
			at jetbrains.mps.generator.impl.interpreted.TemplateRootMappingRuleInterpreted.apply(TemplateRootMappingRuleInterpreted.java:105)
			at jetbrains.mps.generator.template.DefaultQueryExecutionContext.applyRule(DefaultQueryExecutionContext.java:391)
			at jetbrains.mps.generator.impl.template.QueryExecutionContextWithDependencyRecording.applyRule(QueryExecutionContextWithDependencyRecording.java:223)
			at jetbrains.mps.generator.impl.TemplateGenerator.createRootNodeByRule(TemplateGenerator.java:365)
			at jetbrains.mps.generator.impl.ParallelTemplateGenerator.access$101(ParallelTemplateGenerator.java:48)
			at jetbrains.mps.generator.impl.ParallelTemplateGenerator$2.run(ParallelTemplateGenerator.java:94)
			at jetbrains.mps.generator.impl.ParallelTemplateGenerator$CompositeGenerationTask.run(ParallelTemplateGenerator.java:252)
			at jetbrains.mps.generator.impl.GenerationTaskPool$GenerationTaskAdapter.runInternal(GenerationTaskPool.java:69)
			at jetbrains.mps.generator.impl.GenerationTaskPool$GenerationTaskAdapter.run(GenerationTaskPool.java:86)
			at java.util.concurrent.ThreadPoolExecutor$Worker.runTask(ThreadPoolExecutor.java:895)
			at java.util.concurrent.ThreadPoolExecutor$Worker.run(ThreadPoolExecutor.java:918)
			at java.lang.Thread.run(Thread.java:695)

-------------------------
r:00000000-0000-4000-0000-011c89590293(jetbrains.mps.lang.structure.generator_new.baseLanguage@generator) in common
		java.lang.Throwable
			at jetbrains.mps.generator.impl.dependencies.IncrementalDependenciesBuilder.reportModelAccess(IncrementalDependenciesBuilder.java:115)
			at jetbrains.mps.generator.impl.dependencies.RootDependenciesBuilder.addModelAccess(RootDependenciesBuilder.java:94)
			at jetbrains.mps.generator.impl.dependencies.RootDependenciesBuilder.nodeUnclassifiedReadAccess(RootDependenciesBuilder.java:215)
			at jetbrains.mps.smodel.NodeReadEventsCaster$ListenersContainer.fireNodeUnclassifiedReadAccess(NodeReadEventsCaster.java:128)
			at jetbrains.mps.smodel.NodeReadEventsCaster.fireNodeUnclassifiedReadAccess(NodeReadEventsCaster.java:51)
			at jetbrains.mps.smodel.SNode.fireNodeUnclassifiedReadAccess(SNode.java:1023)
			at jetbrains.mps.smodel.SNode$ChildrenList$ChildrenIterator.readNode(SNode.java:1125)
			at jetbrains.mps.smodel.SNode$ChildrenList$ChildrenIterator.getCurrent(SNode.java:1113)
			at jetbrains.mps.smodel.SNode$ChildrenList$ChildrenIterator.getCurrent(SNode.java:1077)
			at jetbrains.mps.util.AbstractSequentialList$AbstractSequentialIterator.hasNext(AbstractSequentialList.java:100)
			at jetbrains.mps.lang.smodel.generator.smodelAdapter.SLinkOperations.getTarget(SLinkOperations.java:32)
			at jetbrains.mps.generator.impl.RuleUtil.getIfMacro_ConditionFunction(RuleUtil.java:216)
			at jetbrains.mps.generator.template.DefaultQueryExecutionContext.checkConditionForIfMacro(DefaultQueryExecutionContext.java:115)
			at jetbrains.mps.generator.impl.template.QueryExecutionContextWithDependencyRecording.checkConditionForIfMacro(QueryExecutionContextWithDependencyRecording.java:70)
			at jetbrains.mps.generator.impl.TemplateProcessor$IfMacro.apply(TemplateProcessor.java:500)
			at jetbrains.mps.generator.impl.TemplateProcessor.applyTemplate(TemplateProcessor.java:151)
			at jetbrains.mps.generator.impl.TemplateProcessor.applyTemplate(TemplateProcessor.java:245)
			at jetbrains.mps.generator.impl.TemplateProcessor.applyTemplate(TemplateProcessor.java:245)
			at jetbrains.mps.generator.impl.TemplateProcessor$MapSrcMacros.apply(TemplateProcessor.java:551)
			at jetbrains.mps.generator.impl.TemplateProcessor.applyTemplate(TemplateProcessor.java:151)
			at jetbrains.mps.generator.impl.TemplateProcessor.applyTemplate(TemplateProcessor.java:245)
			at jetbrains.mps.generator.impl.TemplateProcessor.applyTemplate(TemplateProcessor.java:245)
			at jetbrains.mps.generator.impl.TemplateProcessor.applyTemplate(TemplateProcessor.java:245)
			at jetbrains.mps.generator.impl.TemplateProcessor$LoopMacro.apply(TemplateProcessor.java:351)
			at jetbrains.mps.generator.impl.TemplateProcessor.applyTemplate(TemplateProcessor.java:151)
			at jetbrains.mps.generator.impl.TemplateProcessor.applyTemplate(TemplateProcessor.java:245)
			at jetbrains.mps.generator.impl.TemplateProcessor.applyTemplate(TemplateProcessor.java:245)
			at jetbrains.mps.generator.impl.TemplateProcessor.applyTemplate(TemplateProcessor.java:245)
			at jetbrains.mps.generator.impl.TemplateProcessor.applyTemplate(TemplateProcessor.java:245)
			at jetbrains.mps.generator.impl.TemplateProcessor.apply(TemplateProcessor.java:97)
			at jetbrains.mps.generator.impl.interpreted.TemplateCreateRootRuleInterpreted.apply(TemplateCreateRootRuleInterpreted.java:76)
			at jetbrains.mps.generator.template.DefaultQueryExecutionContext.applyRule(DefaultQueryExecutionContext.java:396)
			at jetbrains.mps.generator.impl.template.QueryExecutionContextWithDependencyRecording.applyRule(QueryExecutionContextWithDependencyRecording.java:236)
			at jetbrains.mps.generator.impl.TemplateGenerator.createRootNodeByRule(TemplateGenerator.java:342)
			at jetbrains.mps.generator.impl.ParallelTemplateGenerator.access$001(ParallelTemplateGenerator.java:48)
			at jetbrains.mps.generator.impl.ParallelTemplateGenerator$1.run(ParallelTemplateGenerator.java:84)
			at jetbrains.mps.generator.impl.ParallelTemplateGenerator$CompositeGenerationTask.run(ParallelTemplateGenerator.java:252)
			at jetbrains.mps.generator.impl.GenerationTaskPool$GenerationTaskAdapter.runInternal(GenerationTaskPool.java:69)
			at jetbrains.mps.generator.impl.GenerationTaskPool$GenerationTaskAdapter.run(GenerationTaskPool.java:86)
			at java.util.concurrent.ThreadPoolExecutor$Worker.runTask(ThreadPoolExecutor.java:895)
			at java.util.concurrent.ThreadPoolExecutor$Worker.run(ThreadPoolExecutor.java:918)
			at java.lang.Thread.run(Thread.java:695)

-------------------------
r:00000000-0000-4000-0000-011c895902ca(jetbrains.mps.baseLanguage.structure) in 7060824959893064709
		java.lang.Throwable
			at jetbrains.mps.generator.impl.dependencies.IncrementalDependenciesBuilder.reportModelAccess(IncrementalDependenciesBuilder.java:115)
			at jetbrains.mps.generator.impl.dependencies.RootDependenciesBuilder.addModelAccess(RootDependenciesBuilder.java:94)
			at jetbrains.mps.generator.impl.dependencies.RootDependenciesBuilder.nodePropertyReadAccess(RootDependenciesBuilder.java:138)
			at jetbrains.mps.smodel.NodeReadEventsCaster$ListenersContainer.fireNodePropertyReadAccess(NodeReadEventsCaster.java:118)
			at jetbrains.mps.smodel.NodeReadEventsCaster.fireNodePropertyReadAccess(NodeReadEventsCaster.java:37)
			at jetbrains.mps.smodel.SNode.fireNodePropertyReadAccess(SNode.java:1038)
			at jetbrains.mps.smodel.SNode.getProperty(SNode.java:208)
			at jetbrains.mps.smodel.runtime.base.BasePropertyConstraintsDescriptor.getValue(BasePropertyConstraintsDescriptor.java:154)
			at jetbrains.mps.smodel.SNodeAccessUtilImpl.getPropertyImpl(SNodeAccessUtilImpl.java:61)
			at org.jetbrains.mps.openapi.model.SNodeAccessUtil.getProperty(SNodeAccessUtil.java:35)
			at jetbrains.mps.smodel.SNode.getName(SNode.java:180)
			at jetbrains.mps.util.NameUtil.nodeFQName(NameUtil.java:352)
			at jetbrains.mps.kernel.model.SModelUtil.isAssignableConcept(SModelUtil.java:199)
			at jetbrains.mps.lang.smodel.generator.smodelAdapter.SNodeOperations.hasRole(SNodeOperations.java:579)
			at jetbrains.mps.baseLanguage.behavior.VariableDeclaration_Behavior.virtual_deriveType_1213877435747(VariableDeclaration_Behavior.java:46)
			at jetbrains.mps.baseLanguage.behavior.VariableDeclaration_BehaviorDescriptor.virtual_deriveType_1213877435747(VariableDeclaration_BehaviorDescriptor.java:24)
			at sun.reflect.NativeMethodAccessorImpl.invoke0(Native Method)
			at sun.reflect.NativeMethodAccessorImpl.invoke(NativeMethodAccessorImpl.java:39)
			at sun.reflect.DelegatingMethodAccessorImpl.invoke(DelegatingMethodAccessorImpl.java:25)
			at java.lang.reflect.Method.invoke(Method.java:597)
			at jetbrains.mps.smodel.runtime.impl.CompiledBehaviorDescriptor.genericInvoke(CompiledBehaviorDescriptor.java:83)
			at jetbrains.mps.smodel.runtime.impl.CompiledBehaviorDescriptor.invoke(CompiledBehaviorDescriptor.java:64)
			at jetbrains.mps.smodel.behaviour.BehaviorReflection.invokeVirtual(BehaviorReflection.java:61)
			at jetbrains.mps.smodel.behaviour.BehaviorReflection.invokeVirtual(BehaviorReflection.java:86)
			at jetbrains.mps.baseLanguage.collections.generator.baseLanguage.template.main.QueriesGenerated.sourceNodeQuery_5187796033876227958(QueriesGenerated.java:2009)
			at sun.reflect.NativeMethodAccessorImpl.invoke0(Native Method)
			at sun.reflect.NativeMethodAccessorImpl.invoke(NativeMethodAccessorImpl.java:39)
			at sun.reflect.DelegatingMethodAccessorImpl.invoke(DelegatingMethodAccessorImpl.java:25)
			at java.lang.reflect.Method.invoke(Method.java:597)
			at jetbrains.mps.util.QueryMethodGenerated.invoke(QueryMethodGenerated.java:166)
			at jetbrains.mps.util.QueryMethodGenerated.invoke(QueryMethodGenerated.java:153)
			at jetbrains.mps.util.QueryMethodGenerated.invoke(QueryMethodGenerated.java:150)
			at jetbrains.mps.generator.template.DefaultQueryExecutionContext.evaluateSourceNodeQuery(DefaultQueryExecutionContext.java:211)
			at jetbrains.mps.generator.impl.template.QueryExecutionContextWithDependencyRecording.evaluateSourceNodeQuery(QueryExecutionContextWithDependencyRecording.java:110)
			at jetbrains.mps.generator.impl.template.InputQueryUtil.getNewInputNode(InputQueryUtil.java:115)
			at jetbrains.mps.generator.impl.template.InputQueryUtil.getNewInputNode(InputQueryUtil.java:102)
			at jetbrains.mps.generator.impl.TemplateProcessor$MacroImpl.getNewInputNode(TemplateProcessor.java:304)
			at jetbrains.mps.generator.impl.TemplateProcessor$SwitchMacro.apply(TemplateProcessor.java:591)
			at jetbrains.mps.generator.impl.TemplateProcessor.applyTemplate(TemplateProcessor.java:151)
			at jetbrains.mps.generator.impl.TemplateContainer.apply(TemplateContainer.java:73)
			at jetbrains.mps.generator.impl.RuleConsequenceProcessor.processRuleConsequence(RuleConsequenceProcessor.java:66)
			at jetbrains.mps.generator.impl.interpreted.TemplateReductionRuleInterpreted.apply(TemplateReductionRuleInterpreted.java:130)
			at jetbrains.mps.generator.impl.interpreted.TemplateReductionRuleInterpreted.tryToApply(TemplateReductionRuleInterpreted.java:90)
			at jetbrains.mps.generator.template.DefaultQueryExecutionContext.tryToApply(DefaultQueryExecutionContext.java:381)
			at jetbrains.mps.generator.impl.template.QueryExecutionContextWithDependencyRecording.tryToApply(QueryExecutionContextWithDependencyRecording.java:204)
			at jetbrains.mps.generator.impl.TemplateGenerator.tryToReduce(TemplateGenerator.java:530)
			at jetbrains.mps.generator.impl.TemplateGenerator.tryToReduce(TemplateGenerator.java:500)
			at jetbrains.mps.generator.impl.TemplateExecutionEnvironmentImpl.trySwitch(TemplateExecutionEnvironmentImpl.java:147)
			at jetbrains.mps.generator.impl.TemplateProcessor$SwitchMacro.apply(TemplateProcessor.java:610)
			at jetbrains.mps.generator.impl.TemplateProcessor.applyTemplate(TemplateProcessor.java:151)
			at jetbrains.mps.generator.impl.TemplateContainer.apply(TemplateContainer.java:73)
			at jetbrains.mps.generator.impl.RuleConsequenceProcessor.processRuleConsequence(RuleConsequenceProcessor.java:66)
			at jetbrains.mps.generator.impl.interpreted.TemplateReductionRuleInterpreted.apply(TemplateReductionRuleInterpreted.java:130)
			at jetbrains.mps.generator.impl.interpreted.TemplateReductionRuleInterpreted.tryToApply(TemplateReductionRuleInterpreted.java:90)
			at jetbrains.mps.generator.template.DefaultQueryExecutionContext.tryToApply(DefaultQueryExecutionContext.java:381)
			at jetbrains.mps.generator.impl.template.QueryExecutionContextWithDependencyRecording.tryToApply(QueryExecutionContextWithDependencyRecording.java:204)
			at jetbrains.mps.generator.impl.TemplateGenerator.tryToReduce(TemplateGenerator.java:530)
			at jetbrains.mps.generator.impl.TemplateGenerator.tryToReduce(TemplateGenerator.java:478)
			at jetbrains.mps.generator.impl.TemplateGenerator$FullCopyFacility.copyInputNode(TemplateGenerator.java:986)
			at jetbrains.mps.generator.impl.TemplateGenerator$FullCopyFacility.copyInputNode(TemplateGenerator.java:1000)
			at jetbrains.mps.generator.impl.TemplateGenerator$FullCopyFacility.copyInputNode(TemplateGenerator.java:1000)
			at jetbrains.mps.generator.impl.TemplateGenerator$FullCopyFacility.copyInputNode(TemplateGenerator.java:1000)
			at jetbrains.mps.generator.impl.TemplateGenerator$FullCopyFacility.copyInputNode(TemplateGenerator.java:1000)
			at jetbrains.mps.generator.impl.TemplateGenerator$FullCopyFacility.copyRootInputNode(TemplateGenerator.java:887)
			at jetbrains.mps.generator.impl.TemplateGenerator.copyRootInputNode(TemplateGenerator.java:409)
			at jetbrains.mps.generator.impl.ParallelTemplateGenerator.access$201(ParallelTemplateGenerator.java:48)
			at jetbrains.mps.generator.impl.ParallelTemplateGenerator$3.run(ParallelTemplateGenerator.java:104)
			at jetbrains.mps.generator.impl.ParallelTemplateGenerator$CompositeGenerationTask.run(ParallelTemplateGenerator.java:252)
			at jetbrains.mps.generator.impl.GenerationTaskPool$GenerationTaskAdapter.runInternal(GenerationTaskPool.java:69)
			at jetbrains.mps.generator.impl.GenerationTaskPool$GenerationTaskAdapter.run(GenerationTaskPool.java:86)
			at java.util.concurrent.ThreadPoolExecutor$Worker.runTask(ThreadPoolExecutor.java:895)
			at java.util.concurrent.ThreadPoolExecutor$Worker.run(ThreadPoolExecutor.java:918)
			at java.lang.Thread.run(Thread.java:695)

-------------------------
r:00000000-0000-4000-0000-011c895902ca(jetbrains.mps.baseLanguage.structure) in common
		java.lang.Throwable
			at jetbrains.mps.generator.impl.dependencies.IncrementalDependenciesBuilder.reportModelAccess(IncrementalDependenciesBuilder.java:115)
			at jetbrains.mps.generator.impl.dependencies.RootDependenciesBuilder.addModelAccess(RootDependenciesBuilder.java:94)
			at jetbrains.mps.generator.impl.dependencies.RootDependenciesBuilder.nodePropertyReadAccess(RootDependenciesBuilder.java:138)
			at jetbrains.mps.smodel.NodeReadEventsCaster$ListenersContainer.fireNodePropertyReadAccess(NodeReadEventsCaster.java:118)
			at jetbrains.mps.smodel.NodeReadEventsCaster.fireNodePropertyReadAccess(NodeReadEventsCaster.java:37)
			at jetbrains.mps.smodel.SNode.fireNodePropertyReadAccess(SNode.java:1038)
			at jetbrains.mps.smodel.SNode.getProperty(SNode.java:208)
			at jetbrains.mps.smodel.runtime.base.BasePropertyConstraintsDescriptor.getValue(BasePropertyConstraintsDescriptor.java:154)
			at jetbrains.mps.smodel.SNodeAccessUtilImpl.getPropertyImpl(SNodeAccessUtilImpl.java:61)
			at org.jetbrains.mps.openapi.model.SNodeAccessUtil.getProperty(SNodeAccessUtil.java:35)
			at jetbrains.mps.smodel.SNode.getName(SNode.java:180)
			at jetbrains.mps.util.NameUtil.nodeFQName(NameUtil.java:352)
			at jetbrains.mps.lang.smodel.generator.smodelAdapter.SConceptOperations.isExactly(SConceptOperations.java:37)
			at jetbrains.mps.baseLanguage.generator.java.main.QueriesGenerated.baseMappingRule_Condition_1201386765715(QueriesGenerated.java:43)
			at sun.reflect.GeneratedMethodAccessor1385.invoke(Unknown Source)
			at sun.reflect.DelegatingMethodAccessorImpl.invoke(DelegatingMethodAccessorImpl.java:25)
			at java.lang.reflect.Method.invoke(Method.java:597)
			at jetbrains.mps.util.QueryMethodGenerated.invoke(QueryMethodGenerated.java:166)
			at jetbrains.mps.generator.impl.interpreted.ReflectiveQueryProvider$Impl.invokeBoolean(ReflectiveQueryProvider.java:129)
			at jetbrains.mps.generator.impl.interpreted.ReflectiveQueryProvider$Impl.check(ReflectiveQueryProvider.java:167)
			at jetbrains.mps.generator.impl.interpreted.TemplateReductionRuleInterpreted.checkCondition(TemplateReductionRuleInterpreted.java:110)
			at jetbrains.mps.generator.impl.interpreted.TemplateReductionRuleInterpreted.tryToApply(TemplateReductionRuleInterpreted.java:79)
			at jetbrains.mps.generator.template.DefaultQueryExecutionContext.tryToApply(DefaultQueryExecutionContext.java:381)
			at jetbrains.mps.generator.impl.template.QueryExecutionContextWithDependencyRecording.tryToApply(QueryExecutionContextWithDependencyRecording.java:204)
			at jetbrains.mps.generator.impl.TemplateGenerator.tryToReduce(TemplateGenerator.java:530)
			at jetbrains.mps.generator.impl.TemplateGenerator.tryToReduce(TemplateGenerator.java:478)
			at jetbrains.mps.generator.impl.TemplateGenerator$FullCopyFacility.copyInputNode(TemplateGenerator.java:986)
			at jetbrains.mps.generator.impl.TemplateGenerator$FullCopyFacility.copyInputNode(TemplateGenerator.java:1000)
			at jetbrains.mps.generator.impl.TemplateGenerator.copyNodes(TemplateGenerator.java:599)
			at jetbrains.mps.generator.impl.TemplateExecutionEnvironmentImpl.copyNodes(TemplateExecutionEnvironmentImpl.java:135)
			at jetbrains.mps.baseLanguage.jdk7.generator.template.main.Templatestring_x0020switch_x0020template.applyPart0(Templatestring_x0020switch_x0020template.java:82)
			at jetbrains.mps.baseLanguage.jdk7.generator.template.main.Templatestring_x0020switch_x0020template.apply(Templatestring_x0020switch_x0020template.java:241)
			at jetbrains.mps.baseLanguage.jdk7.generator.template.main.Mappingmain$ReductionRule0.apply(Mappingmain.java:115)
			at jetbrains.mps.baseLanguage.jdk7.generator.template.main.Mappingmain$ReductionRule0.tryToApply(Mappingmain.java:104)
			at jetbrains.mps.generator.template.DefaultQueryExecutionContext.tryToApply(DefaultQueryExecutionContext.java:381)
			at jetbrains.mps.generator.impl.template.QueryExecutionContextWithDependencyRecording.tryToApply(QueryExecutionContextWithDependencyRecording.java:204)
			at jetbrains.mps.generator.impl.TemplateGenerator.tryToReduce(TemplateGenerator.java:530)
			at jetbrains.mps.generator.impl.TemplateGenerator.tryToReduce(TemplateGenerator.java:478)
			at jetbrains.mps.generator.impl.TemplateGenerator$FullCopyFacility.copyInputNode(TemplateGenerator.java:986)
			at jetbrains.mps.generator.impl.TemplateGenerator$FullCopyFacility.copyInputNode(TemplateGenerator.java:1000)
			at jetbrains.mps.generator.impl.TemplateGenerator$FullCopyFacility.copyInputNode(TemplateGenerator.java:1000)
			at jetbrains.mps.generator.impl.TemplateGenerator$FullCopyFacility.copyRootInputNode(TemplateGenerator.java:887)
			at jetbrains.mps.generator.impl.TemplateGenerator.copyRootInputNode(TemplateGenerator.java:409)
			at jetbrains.mps.generator.impl.ParallelTemplateGenerator.access$201(ParallelTemplateGenerator.java:48)
			at jetbrains.mps.generator.impl.ParallelTemplateGenerator$3.run(ParallelTemplateGenerator.java:104)
			at jetbrains.mps.generator.impl.ParallelTemplateGenerator$CompositeGenerationTask.run(ParallelTemplateGenerator.java:252)
			at jetbrains.mps.generator.impl.GenerationTaskPool$GenerationTaskAdapter.runInternal(GenerationTaskPool.java:69)
			at jetbrains.mps.generator.impl.GenerationTaskPool$GenerationTaskAdapter.run(GenerationTaskPool.java:86)
			at java.util.concurrent.ThreadPoolExecutor$Worker.runTask(ThreadPoolExecutor.java:895)
			at java.util.concurrent.ThreadPoolExecutor$Worker.run(ThreadPoolExecutor.java:918)
			at java.lang.Thread.run(Thread.java:695)

-------------------------
r:00000000-0000-4000-0000-011c8959032f(jetbrains.mps.baseLanguage.collections.generator.baseLanguage.template.main@generator) in 7060824959893064709
		java.lang.Throwable
			at jetbrains.mps.generator.impl.dependencies.IncrementalDependenciesBuilder.reportModelAccess(IncrementalDependenciesBuilder.java:115)
			at jetbrains.mps.generator.impl.dependencies.RootDependenciesBuilder.addModelAccess(RootDependenciesBuilder.java:94)
			at jetbrains.mps.generator.impl.dependencies.RootDependenciesBuilder.nodeUnclassifiedReadAccess(RootDependenciesBuilder.java:215)
			at jetbrains.mps.smodel.NodeReadEventsCaster$ListenersContainer.fireNodeUnclassifiedReadAccess(NodeReadEventsCaster.java:128)
			at jetbrains.mps.smodel.NodeReadEventsCaster.fireNodeUnclassifiedReadAccess(NodeReadEventsCaster.java:51)
			at jetbrains.mps.smodel.SNode.fireNodeUnclassifiedReadAccess(SNode.java:1023)
			at jetbrains.mps.smodel.SNode.getParent(SNode.java:280)
			at jetbrains.mps.smodel.SNode.getParent(SNode.java:50)
			at jetbrains.mps.generator.template.DefaultQueryExecutionContext.evaluateArgumentQuery(DefaultQueryExecutionContext.java:230)
			at jetbrains.mps.generator.impl.template.QueryExecutionContextWithDependencyRecording.evaluateArgumentQuery(QueryExecutionContextWithDependencyRecording.java:120)
			at jetbrains.mps.generator.impl.GeneratorUtil.createTemplateCallContext(GeneratorUtil.java:110)
			at jetbrains.mps.generator.impl.TemplateProcessor$SwitchWithArgMacro.prepareContext(TemplateProcessor.java:649)
			at jetbrains.mps.generator.impl.TemplateProcessor$SwitchMacro.apply(TemplateProcessor.java:606)
			at jetbrains.mps.generator.impl.TemplateProcessor.applyTemplate(TemplateProcessor.java:151)
			at jetbrains.mps.generator.impl.TemplateContainer.apply(TemplateContainer.java:73)
			at jetbrains.mps.generator.impl.RuleConsequenceProcessor.processRuleConsequence(RuleConsequenceProcessor.java:66)
			at jetbrains.mps.generator.impl.interpreted.TemplateReductionRuleInterpreted.apply(TemplateReductionRuleInterpreted.java:130)
			at jetbrains.mps.generator.impl.interpreted.TemplateReductionRuleInterpreted.tryToApply(TemplateReductionRuleInterpreted.java:90)
			at jetbrains.mps.generator.template.DefaultQueryExecutionContext.tryToApply(DefaultQueryExecutionContext.java:381)
			at jetbrains.mps.generator.impl.template.QueryExecutionContextWithDependencyRecording.tryToApply(QueryExecutionContextWithDependencyRecording.java:204)
			at jetbrains.mps.generator.impl.TemplateGenerator.tryToReduce(TemplateGenerator.java:530)
			at jetbrains.mps.generator.impl.TemplateGenerator.tryToReduce(TemplateGenerator.java:478)
			at jetbrains.mps.generator.impl.TemplateGenerator$FullCopyFacility.copyInputNode(TemplateGenerator.java:986)
			at jetbrains.mps.generator.impl.TemplateGenerator$FullCopyFacility.copyInputNode(TemplateGenerator.java:1000)
			at jetbrains.mps.generator.impl.TemplateGenerator$FullCopyFacility.copyInputNode(TemplateGenerator.java:1000)
			at jetbrains.mps.generator.impl.TemplateGenerator$FullCopyFacility.copyInputNode(TemplateGenerator.java:1000)
			at jetbrains.mps.generator.impl.TemplateGenerator$FullCopyFacility.copyRootInputNode(TemplateGenerator.java:887)
			at jetbrains.mps.generator.impl.TemplateGenerator.copyRootInputNode(TemplateGenerator.java:409)
			at jetbrains.mps.generator.impl.ParallelTemplateGenerator.access$201(ParallelTemplateGenerator.java:48)
			at jetbrains.mps.generator.impl.ParallelTemplateGenerator$3.run(ParallelTemplateGenerator.java:104)
			at jetbrains.mps.generator.impl.ParallelTemplateGenerator$CompositeGenerationTask.run(ParallelTemplateGenerator.java:252)
			at jetbrains.mps.generator.impl.GenerationTaskPool$GenerationTaskAdapter.runInternal(GenerationTaskPool.java:69)
			at jetbrains.mps.generator.impl.GenerationTaskPool$GenerationTaskAdapter.run(GenerationTaskPool.java:86)
			at java.util.concurrent.ThreadPoolExecutor$Worker.runTask(ThreadPoolExecutor.java:895)
			at java.util.concurrent.ThreadPoolExecutor$Worker.run(ThreadPoolExecutor.java:918)
			at java.lang.Thread.run(Thread.java:695)

-------------------------
r:00000000-0000-4000-0000-011c8959032f(jetbrains.mps.baseLanguage.collections.generator.baseLanguage.template.main@generator) in common
		java.lang.Throwable
			at jetbrains.mps.generator.impl.dependencies.IncrementalDependenciesBuilder.reportModelAccess(IncrementalDependenciesBuilder.java:115)
			at jetbrains.mps.generator.impl.dependencies.RootDependenciesBuilder.addModelAccess(RootDependenciesBuilder.java:94)
			at jetbrains.mps.generator.impl.dependencies.RootDependenciesBuilder.nodeUnclassifiedReadAccess(RootDependenciesBuilder.java:215)
			at jetbrains.mps.smodel.NodeReadEventsCaster$ListenersContainer.fireNodeUnclassifiedReadAccess(NodeReadEventsCaster.java:128)
			at jetbrains.mps.smodel.NodeReadEventsCaster.fireNodeUnclassifiedReadAccess(NodeReadEventsCaster.java:51)
			at jetbrains.mps.smodel.SNode.fireNodeUnclassifiedReadAccess(SNode.java:1023)
			at jetbrains.mps.smodel.SNode.getParent(SNode.java:280)
			at jetbrains.mps.smodel.SNode.getParent(SNode.java:50)
			at jetbrains.mps.generator.template.DefaultQueryExecutionContext.evaluateArgumentQuery(DefaultQueryExecutionContext.java:230)
			at jetbrains.mps.generator.impl.template.QueryExecutionContextWithDependencyRecording.evaluateArgumentQuery(QueryExecutionContextWithDependencyRecording.java:120)
			at jetbrains.mps.generator.impl.GeneratorUtil.createTemplateCallContext(GeneratorUtil.java:110)
			at jetbrains.mps.generator.impl.TemplateProcessor$SwitchWithArgMacro.prepareContext(TemplateProcessor.java:649)
			at jetbrains.mps.generator.impl.TemplateProcessor$SwitchMacro.apply(TemplateProcessor.java:606)
			at jetbrains.mps.generator.impl.TemplateProcessor.applyTemplate(TemplateProcessor.java:151)
			at jetbrains.mps.generator.impl.TemplateContainer.apply(TemplateContainer.java:73)
			at jetbrains.mps.generator.impl.RuleConsequenceProcessor.processRuleConsequence(RuleConsequenceProcessor.java:66)
			at jetbrains.mps.generator.impl.interpreted.TemplateReductionRuleInterpreted.apply(TemplateReductionRuleInterpreted.java:130)
			at jetbrains.mps.generator.impl.interpreted.TemplateReductionRuleInterpreted.tryToApply(TemplateReductionRuleInterpreted.java:90)
			at jetbrains.mps.generator.template.DefaultQueryExecutionContext.tryToApply(DefaultQueryExecutionContext.java:381)
			at jetbrains.mps.generator.impl.template.QueryExecutionContextWithDependencyRecording.tryToApply(QueryExecutionContextWithDependencyRecording.java:204)
			at jetbrains.mps.generator.impl.TemplateGenerator.tryToReduce(TemplateGenerator.java:530)
			at jetbrains.mps.generator.impl.TemplateGenerator.tryToReduce(TemplateGenerator.java:478)
			at jetbrains.mps.generator.impl.TemplateGenerator$FullCopyFacility.copyInputNode(TemplateGenerator.java:986)
			at jetbrains.mps.generator.impl.TemplateGenerator$FullCopyFacility.copyInputNode(TemplateGenerator.java:1000)
			at jetbrains.mps.generator.impl.TemplateGenerator$FullCopyFacility.copyInputNode(TemplateGenerator.java:1000)
			at jetbrains.mps.generator.impl.TemplateGenerator$FullCopyFacility.copyInputNode(TemplateGenerator.java:1000)
			at jetbrains.mps.generator.impl.TemplateGenerator$FullCopyFacility.copyInputNode(TemplateGenerator.java:1000)
			at jetbrains.mps.generator.impl.TemplateGenerator$FullCopyFacility.copyInputNode(TemplateGenerator.java:1000)
			at jetbrains.mps.generator.impl.TemplateGenerator$FullCopyFacility.copyInputNode(TemplateGenerator.java:1000)
			at jetbrains.mps.generator.impl.TemplateGenerator$FullCopyFacility.copyRootInputNode(TemplateGenerator.java:887)
			at jetbrains.mps.generator.impl.TemplateGenerator.copyRootInputNode(TemplateGenerator.java:409)
			at jetbrains.mps.generator.impl.ParallelTemplateGenerator.access$201(ParallelTemplateGenerator.java:48)
			at jetbrains.mps.generator.impl.ParallelTemplateGenerator$3.run(ParallelTemplateGenerator.java:104)
			at jetbrains.mps.generator.impl.ParallelTemplateGenerator$CompositeGenerationTask.run(ParallelTemplateGenerator.java:252)
			at jetbrains.mps.generator.impl.GenerationTaskPool$GenerationTaskAdapter.runInternal(GenerationTaskPool.java:69)
			at jetbrains.mps.generator.impl.GenerationTaskPool$GenerationTaskAdapter.run(GenerationTaskPool.java:86)
			at java.util.concurrent.ThreadPoolExecutor$Worker.runTask(ThreadPoolExecutor.java:895)
			at java.util.concurrent.ThreadPoolExecutor$Worker.run(ThreadPoolExecutor.java:918)
			at java.lang.Thread.run(Thread.java:695)

-------------------------
r:f04c1476-2f91-4f59-be13-c8e009abebee(jetbrains.mps.baseLanguageInternal.generator.template.main@generator) in common
		java.lang.Throwable
			at jetbrains.mps.generator.impl.dependencies.IncrementalDependenciesBuilder.reportModelAccess(IncrementalDependenciesBuilder.java:115)
			at jetbrains.mps.generator.impl.dependencies.RootDependenciesBuilder.addModelAccess(RootDependenciesBuilder.java:94)
			at jetbrains.mps.generator.impl.dependencies.RootDependenciesBuilder.nodeUnclassifiedReadAccess(RootDependenciesBuilder.java:215)
			at jetbrains.mps.smodel.NodeReadEventsCaster$ListenersContainer.fireNodeUnclassifiedReadAccess(NodeReadEventsCaster.java:128)
			at jetbrains.mps.smodel.NodeReadEventsCaster.fireNodeUnclassifiedReadAccess(NodeReadEventsCaster.java:51)
			at jetbrains.mps.smodel.SNode.fireNodeUnclassifiedReadAccess(SNode.java:1023)
			at jetbrains.mps.smodel.SNode$ChildrenList$ChildrenIterator.readNode(SNode.java:1125)
			at jetbrains.mps.smodel.SNode$ChildrenList$ChildrenIterator.getCurrent(SNode.java:1113)
			at jetbrains.mps.smodel.SNode$ChildrenList$ChildrenIterator.getCurrent(SNode.java:1077)
			at jetbrains.mps.util.AbstractSequentialList$AbstractSequentialIterator.hasNext(AbstractSequentialList.java:100)
			at jetbrains.mps.lang.smodel.generator.smodelAdapter.SLinkOperations.getTarget(SLinkOperations.java:32)
			at jetbrains.mps.generator.impl.RuleUtil.getIfMacro_ConditionFunction(RuleUtil.java:216)
			at jetbrains.mps.generator.template.DefaultQueryExecutionContext.checkConditionForIfMacro(DefaultQueryExecutionContext.java:115)
			at jetbrains.mps.generator.impl.template.QueryExecutionContextWithDependencyRecording.checkConditionForIfMacro(QueryExecutionContextWithDependencyRecording.java:70)
			at jetbrains.mps.generator.impl.TemplateProcessor$IfMacro.apply(TemplateProcessor.java:500)
			at jetbrains.mps.generator.impl.TemplateProcessor.applyTemplate(TemplateProcessor.java:151)
			at jetbrains.mps.generator.impl.TemplateContainer.apply(TemplateContainer.java:73)
			at jetbrains.mps.generator.impl.RuleConsequenceProcessor.processRuleConsequence(RuleConsequenceProcessor.java:66)
			at jetbrains.mps.generator.impl.interpreted.TemplateReductionRuleInterpreted.apply(TemplateReductionRuleInterpreted.java:130)
			at jetbrains.mps.generator.impl.interpreted.TemplateReductionRuleInterpreted.tryToApply(TemplateReductionRuleInterpreted.java:90)
			at jetbrains.mps.generator.template.DefaultQueryExecutionContext.tryToApply(DefaultQueryExecutionContext.java:381)
			at jetbrains.mps.generator.impl.template.QueryExecutionContextWithDependencyRecording.tryToApply(QueryExecutionContextWithDependencyRecording.java:204)
			at jetbrains.mps.generator.impl.TemplateGenerator.tryToReduce(TemplateGenerator.java:530)
			at jetbrains.mps.generator.impl.TemplateGenerator.tryToReduce(TemplateGenerator.java:478)
			at jetbrains.mps.generator.impl.TemplateGenerator$FullCopyFacility.copyInputNode(TemplateGenerator.java:986)
			at jetbrains.mps.generator.impl.TemplateGenerator$FullCopyFacility.copyInputNode(TemplateGenerator.java:1000)
			at jetbrains.mps.generator.impl.TemplateGenerator$FullCopyFacility.copyInputNode(TemplateGenerator.java:1000)
			at jetbrains.mps.generator.impl.TemplateGenerator$FullCopyFacility.copyInputNode(TemplateGenerator.java:1000)
			at jetbrains.mps.generator.impl.TemplateGenerator$FullCopyFacility.copyInputNode(TemplateGenerator.java:1000)
			at jetbrains.mps.generator.impl.TemplateGenerator$FullCopyFacility.copyRootInputNode(TemplateGenerator.java:887)
			at jetbrains.mps.generator.impl.TemplateGenerator.copyRootInputNode(TemplateGenerator.java:409)
			at jetbrains.mps.generator.impl.ParallelTemplateGenerator.access$201(ParallelTemplateGenerator.java:48)
			at jetbrains.mps.generator.impl.ParallelTemplateGenerator$3.run(ParallelTemplateGenerator.java:104)
			at jetbrains.mps.generator.impl.ParallelTemplateGenerator$CompositeGenerationTask.run(ParallelTemplateGenerator.java:252)
			at jetbrains.mps.generator.impl.GenerationTaskPool$GenerationTaskAdapter.runInternal(GenerationTaskPool.java:69)
			at jetbrains.mps.generator.impl.GenerationTaskPool$GenerationTaskAdapter.run(GenerationTaskPool.java:86)
			at java.util.concurrent.ThreadPoolExecutor$Worker.runTask(ThreadPoolExecutor.java:895)
			at java.util.concurrent.ThreadPoolExecutor$Worker.run(ThreadPoolExecutor.java:918)
			at java.lang.Thread.run(Thread.java:695)

-------------------------
r:fa713d69-08ea-4732-b1f2-cb07f9e103ef(jetbrains.mps.execution.util.structure) in common
		java.lang.Throwable
			at jetbrains.mps.generator.impl.dependencies.IncrementalDependenciesBuilder.reportModelAccess(IncrementalDependenciesBuilder.java:115)
			at jetbrains.mps.generator.impl.dependencies.RootDependenciesBuilder.addModelAccess(RootDependenciesBuilder.java:94)
			at jetbrains.mps.generator.impl.dependencies.RootDependenciesBuilder.nodeUnclassifiedReadAccess(RootDependenciesBuilder.java:215)
			at jetbrains.mps.smodel.NodeReadEventsCaster$ListenersContainer.fireNodeUnclassifiedReadAccess(NodeReadEventsCaster.java:128)
			at jetbrains.mps.smodel.NodeReadEventsCaster.fireNodeUnclassifiedReadAccess(NodeReadEventsCaster.java:51)
			at jetbrains.mps.smodel.SNode.fireNodeUnclassifiedReadAccess(SNode.java:1023)
			at jetbrains.mps.smodel.SModel.getNode(SModel.java:204)
			at jetbrains.mps.extapi.model.SModelBase.getNode(SModelBase.java:118)
			at jetbrains.mps.smodel.StaticReference.getTargetNode_internal(StaticReference.java:118)
			at jetbrains.mps.smodel.SReference.getTargetNode(SReference.java:67)
			at jetbrains.mps.smodel.SNode.getReferenceTarget(SNode.java:411)
			at jetbrains.mps.smodel.SNode.getReferenceTarget(SNode.java:50)
			at jetbrains.mps.lang.smodel.generator.smodelAdapter.SLinkOperations.getTarget(SLinkOperations.java:34)
			at jetbrains.mps.lang.structure.behavior.ConceptDeclaration_Behavior.virtual_getImmediateSuperconcepts_1222430305282(ConceptDeclaration_Behavior.java:26)
			at jetbrains.mps.lang.structure.behavior.ConceptDeclaration_BehaviorDescriptor.virtual_getImmediateSuperconcepts_1222430305282(ConceptDeclaration_BehaviorDescriptor.java:13)
			at sun.reflect.GeneratedMethodAccessor1418.invoke(Unknown Source)
			at sun.reflect.DelegatingMethodAccessorImpl.invoke(DelegatingMethodAccessorImpl.java:25)
			at java.lang.reflect.Method.invoke(Method.java:597)
			at jetbrains.mps.smodel.runtime.impl.CompiledBehaviorDescriptor.genericInvoke(CompiledBehaviorDescriptor.java:83)
			at jetbrains.mps.smodel.runtime.impl.CompiledBehaviorDescriptor.invoke(CompiledBehaviorDescriptor.java:64)
			at jetbrains.mps.smodel.behaviour.BehaviorReflection.invokeVirtual(BehaviorReflection.java:61)
			at jetbrains.mps.smodel.behaviour.BehaviorReflection.invokeVirtual(BehaviorReflection.java:86)
			at jetbrains.mps.lang.structure.generator_new.baseLanguage.QueriesGenerated.insertMacro_varValue_2225291943437352919(QueriesGenerated.java:385)
			at sun.reflect.GeneratedMethodAccessor1417.invoke(Unknown Source)
			at sun.reflect.DelegatingMethodAccessorImpl.invoke(DelegatingMethodAccessorImpl.java:25)
			at java.lang.reflect.Method.invoke(Method.java:597)
			at jetbrains.mps.util.QueryMethodGenerated.invoke(QueryMethodGenerated.java:166)
			at jetbrains.mps.util.QueryMethodGenerated.invoke(QueryMethodGenerated.java:153)
			at jetbrains.mps.util.QueryMethodGenerated.invoke(QueryMethodGenerated.java:150)
			at jetbrains.mps.generator.template.DefaultQueryExecutionContext.evaluateVariableQuery(DefaultQueryExecutionContext.java:249)
			at jetbrains.mps.generator.impl.template.QueryExecutionContextWithDependencyRecording.evaluateVariableQuery(QueryExecutionContextWithDependencyRecording.java:130)
			at jetbrains.mps.generator.impl.TemplateProcessor$VarMacro.apply(TemplateProcessor.java:478)
			at jetbrains.mps.generator.impl.TemplateProcessor.applyTemplate(TemplateProcessor.java:151)
			at jetbrains.mps.generator.impl.TemplateProcessor.applyTemplate(TemplateProcessor.java:245)
			at jetbrains.mps.generator.impl.TemplateProcessor.applyTemplate(TemplateProcessor.java:245)
			at jetbrains.mps.generator.impl.TemplateProcessor.applyTemplate(TemplateProcessor.java:245)
			at jetbrains.mps.generator.impl.TemplateProcessor.applyTemplate(TemplateProcessor.java:245)
			at jetbrains.mps.generator.impl.TemplateProcessor.applyTemplate(TemplateProcessor.java:245)
			at jetbrains.mps.generator.impl.TemplateProcessor.applyTemplate(TemplateProcessor.java:245)
			at jetbrains.mps.generator.impl.TemplateProcessor.applyTemplate(TemplateProcessor.java:245)
			at jetbrains.mps.generator.impl.TemplateProcessor.applyTemplate(TemplateProcessor.java:245)
			at jetbrains.mps.generator.impl.TemplateProcessor.applyTemplate(TemplateProcessor.java:245)
			at jetbrains.mps.generator.impl.TemplateProcessor.applyTemplate(TemplateProcessor.java:245)
			at jetbrains.mps.generator.impl.TemplateProcessor.applyTemplate(TemplateProcessor.java:245)
			at jetbrains.mps.generator.impl.TemplateProcessor$MapSrcMacros.apply(TemplateProcessor.java:551)
			at jetbrains.mps.generator.impl.TemplateProcessor.applyTemplate(TemplateProcessor.java:151)
			at jetbrains.mps.generator.impl.TemplateProcessor.applyTemplate(TemplateProcessor.java:245)
			at jetbrains.mps.generator.impl.TemplateProcessor.applyTemplate(TemplateProcessor.java:245)
			at jetbrains.mps.generator.impl.TemplateProcessor.applyTemplate(TemplateProcessor.java:245)
			at jetbrains.mps.generator.impl.TemplateProcessor$LoopMacro.apply(TemplateProcessor.java:351)
			at jetbrains.mps.generator.impl.TemplateProcessor.applyTemplate(TemplateProcessor.java:151)
			at jetbrains.mps.generator.impl.TemplateProcessor.applyTemplate(TemplateProcessor.java:245)
			at jetbrains.mps.generator.impl.TemplateProcessor.applyTemplate(TemplateProcessor.java:245)
			at jetbrains.mps.generator.impl.TemplateProcessor.applyTemplate(TemplateProcessor.java:245)
			at jetbrains.mps.generator.impl.TemplateProcessor.applyTemplate(TemplateProcessor.java:245)
			at jetbrains.mps.generator.impl.TemplateProcessor.apply(TemplateProcessor.java:97)
			at jetbrains.mps.generator.impl.interpreted.TemplateCreateRootRuleInterpreted.apply(TemplateCreateRootRuleInterpreted.java:76)
			at jetbrains.mps.generator.template.DefaultQueryExecutionContext.applyRule(DefaultQueryExecutionContext.java:396)
			at jetbrains.mps.generator.impl.template.QueryExecutionContextWithDependencyRecording.applyRule(QueryExecutionContextWithDependencyRecording.java:236)
			at jetbrains.mps.generator.impl.TemplateGenerator.createRootNodeByRule(TemplateGenerator.java:342)
			at jetbrains.mps.generator.impl.ParallelTemplateGenerator.access$001(ParallelTemplateGenerator.java:48)
			at jetbrains.mps.generator.impl.ParallelTemplateGenerator$1.run(ParallelTemplateGenerator.java:84)
			at jetbrains.mps.generator.impl.ParallelTemplateGenerator$CompositeGenerationTask.run(ParallelTemplateGenerator.java:252)
			at jetbrains.mps.generator.impl.GenerationTaskPool$GenerationTaskAdapter.runInternal(GenerationTaskPool.java:69)
			at jetbrains.mps.generator.impl.GenerationTaskPool$GenerationTaskAdapter.run(GenerationTaskPool.java:86)
			at java.util.concurrent.ThreadPoolExecutor$Worker.runTask(ThreadPoolExecutor.java:895)
			at java.util.concurrent.ThreadPoolExecutor$Worker.run(ThreadPoolExecutor.java:918)
			at java.lang.Thread.run(Thread.java:695)

-------------------------
r:fc76aa36-3cff-41c7-b94b-eee0e8341932(jetbrains.mps.internal.collections.runtime) in 7060824959893064709
		java.lang.Throwable
			at jetbrains.mps.generator.impl.dependencies.IncrementalDependenciesBuilder.reportModelAccess(IncrementalDependenciesBuilder.java:115)
			at jetbrains.mps.generator.impl.dependencies.RootDependenciesBuilder.addModelAccess(RootDependenciesBuilder.java:94)
			at jetbrains.mps.generator.impl.dependencies.RootDependenciesBuilder.nodeUnclassifiedReadAccess(RootDependenciesBuilder.java:215)
			at jetbrains.mps.smodel.NodeReadEventsCaster$ListenersContainer.fireNodeUnclassifiedReadAccess(NodeReadEventsCaster.java:128)
			at jetbrains.mps.smodel.NodeReadEventsCaster.fireNodeUnclassifiedReadAccess(NodeReadEventsCaster.java:51)
			at jetbrains.mps.smodel.SNode.fireNodeUnclassifiedReadAccess(SNode.java:1023)
			at jetbrains.mps.smodel.SModel.getNode(SModel.java:204)
			at jetbrains.mps.extapi.model.SModelBase.getNode(SModelBase.java:118)
			at jetbrains.mps.smodel.StaticReference.getTargetNode_internal(StaticReference.java:118)
			at jetbrains.mps.smodel.SReference.getTargetNode(SReference.java:67)
			at jetbrains.mps.smodel.SNode.getReferenceTarget(SNode.java:411)
			at jetbrains.mps.smodel.SNode.getReferenceTarget(SNode.java:50)
			at jetbrains.mps.lang.smodel.generator.smodelAdapter.SLinkOperations.getTarget(SLinkOperations.java:34)
			at jetbrains.mps.baseLanguage.collections.generator.baseLanguage.template.main.QueriesGenerated.baseMappingRule_Condition_5795621707561237847(QueriesGenerated.java:367)
			at jetbrains.mps.baseLanguage.collections.generator.baseLanguage.template.main.QueriesGenerated.baseMappingRuleCondition(QueriesGenerated.java:2626)
			at jetbrains.mps.baseLanguage.collections.generator.baseLanguage.template.main.QueriesGenerated$1.check(QueriesGenerated.java:2816)
			at jetbrains.mps.generator.impl.interpreted.TemplateReductionRuleInterpreted.checkCondition(TemplateReductionRuleInterpreted.java:110)
			at jetbrains.mps.generator.impl.interpreted.TemplateReductionRuleInterpreted.tryToApply(TemplateReductionRuleInterpreted.java:79)
			at jetbrains.mps.generator.template.DefaultQueryExecutionContext.tryToApply(DefaultQueryExecutionContext.java:381)
			at jetbrains.mps.generator.impl.template.QueryExecutionContextWithDependencyRecording.tryToApply(QueryExecutionContextWithDependencyRecording.java:204)
			at jetbrains.mps.generator.impl.TemplateGenerator.tryToReduce(TemplateGenerator.java:530)
			at jetbrains.mps.generator.impl.TemplateGenerator.tryToReduce(TemplateGenerator.java:500)
			at jetbrains.mps.generator.impl.TemplateExecutionEnvironmentImpl.trySwitch(TemplateExecutionEnvironmentImpl.java:147)
			at jetbrains.mps.generator.impl.TemplateProcessor$SwitchMacro.apply(TemplateProcessor.java:610)
			at jetbrains.mps.generator.impl.TemplateProcessor.applyTemplate(TemplateProcessor.java:151)
			at jetbrains.mps.generator.impl.TemplateContainer.apply(TemplateContainer.java:73)
			at jetbrains.mps.generator.impl.RuleConsequenceProcessor.processRuleConsequence(RuleConsequenceProcessor.java:66)
			at jetbrains.mps.generator.impl.interpreted.TemplateReductionRuleInterpreted.apply(TemplateReductionRuleInterpreted.java:130)
			at jetbrains.mps.generator.impl.interpreted.TemplateReductionRuleInterpreted.tryToApply(TemplateReductionRuleInterpreted.java:90)
			at jetbrains.mps.generator.template.DefaultQueryExecutionContext.tryToApply(DefaultQueryExecutionContext.java:381)
			at jetbrains.mps.generator.impl.template.QueryExecutionContextWithDependencyRecording.tryToApply(QueryExecutionContextWithDependencyRecording.java:204)
			at jetbrains.mps.generator.impl.TemplateGenerator.tryToReduce(TemplateGenerator.java:530)
			at jetbrains.mps.generator.impl.TemplateGenerator.tryToReduce(TemplateGenerator.java:500)
			at jetbrains.mps.generator.impl.TemplateExecutionEnvironmentImpl.trySwitch(TemplateExecutionEnvironmentImpl.java:147)
			at jetbrains.mps.generator.impl.TemplateProcessor$SwitchMacro.apply(TemplateProcessor.java:610)
			at jetbrains.mps.generator.impl.TemplateProcessor.applyTemplate(TemplateProcessor.java:151)
			at jetbrains.mps.generator.impl.TemplateProcessor.applyTemplate(TemplateProcessor.java:245)
			at jetbrains.mps.generator.impl.TemplateContainer.apply(TemplateContainer.java:73)
			at jetbrains.mps.generator.impl.RuleConsequenceProcessor.processRuleConsequence(RuleConsequenceProcessor.java:66)
			at jetbrains.mps.generator.impl.interpreted.TemplateReductionRuleInterpreted.apply(TemplateReductionRuleInterpreted.java:130)
			at jetbrains.mps.generator.impl.interpreted.TemplateReductionRuleInterpreted.tryToApply(TemplateReductionRuleInterpreted.java:90)
			at jetbrains.mps.generator.template.DefaultQueryExecutionContext.tryToApply(DefaultQueryExecutionContext.java:381)
			at jetbrains.mps.generator.impl.template.QueryExecutionContextWithDependencyRecording.tryToApply(QueryExecutionContextWithDependencyRecording.java:204)
			at jetbrains.mps.generator.impl.TemplateGenerator.tryToReduce(TemplateGenerator.java:530)
			at jetbrains.mps.generator.impl.TemplateGenerator.tryToReduce(TemplateGenerator.java:500)
			at jetbrains.mps.generator.impl.TemplateExecutionEnvironmentImpl.trySwitch(TemplateExecutionEnvironmentImpl.java:147)
			at jetbrains.mps.generator.impl.TemplateProcessor$SwitchMacro.apply(TemplateProcessor.java:610)
			at jetbrains.mps.generator.impl.TemplateProcessor.applyTemplate(TemplateProcessor.java:151)
			at jetbrains.mps.generator.impl.TemplateContainer.apply(TemplateContainer.java:73)
			at jetbrains.mps.generator.impl.RuleConsequenceProcessor.processRuleConsequence(RuleConsequenceProcessor.java:66)
			at jetbrains.mps.generator.impl.interpreted.TemplateReductionRuleInterpreted.apply(TemplateReductionRuleInterpreted.java:130)
			at jetbrains.mps.generator.impl.interpreted.TemplateReductionRuleInterpreted.tryToApply(TemplateReductionRuleInterpreted.java:90)
			at jetbrains.mps.generator.template.DefaultQueryExecutionContext.tryToApply(DefaultQueryExecutionContext.java:381)
			at jetbrains.mps.generator.impl.template.QueryExecutionContextWithDependencyRecording.tryToApply(QueryExecutionContextWithDependencyRecording.java:204)
			at jetbrains.mps.generator.impl.TemplateGenerator.tryToReduce(TemplateGenerator.java:530)
			at jetbrains.mps.generator.impl.TemplateGenerator.tryToReduce(TemplateGenerator.java:478)
			at jetbrains.mps.generator.impl.TemplateGenerator$FullCopyFacility.copyInputNode(TemplateGenerator.java:986)
			at jetbrains.mps.generator.impl.TemplateGenerator$FullCopyFacility.copyInputNode(TemplateGenerator.java:1000)
			at jetbrains.mps.generator.impl.TemplateGenerator$FullCopyFacility.copyInputNode(TemplateGenerator.java:1000)
			at jetbrains.mps.generator.impl.TemplateGenerator$FullCopyFacility.copyInputNode(TemplateGenerator.java:1000)
			at jetbrains.mps.generator.impl.TemplateGenerator$FullCopyFacility.copyInputNode(TemplateGenerator.java:1000)
			at jetbrains.mps.generator.impl.TemplateGenerator$FullCopyFacility.copyRootInputNode(TemplateGenerator.java:887)
			at jetbrains.mps.generator.impl.TemplateGenerator.copyRootInputNode(TemplateGenerator.java:409)
			at jetbrains.mps.generator.impl.ParallelTemplateGenerator.access$201(ParallelTemplateGenerator.java:48)
			at jetbrains.mps.generator.impl.ParallelTemplateGenerator$3.run(ParallelTemplateGenerator.java:104)
			at jetbrains.mps.generator.impl.ParallelTemplateGenerator$CompositeGenerationTask.run(ParallelTemplateGenerator.java:252)
			at jetbrains.mps.generator.impl.GenerationTaskPool$GenerationTaskAdapter.runInternal(GenerationTaskPool.java:69)
			at jetbrains.mps.generator.impl.GenerationTaskPool$GenerationTaskAdapter.run(GenerationTaskPool.java:86)
			at java.util.concurrent.ThreadPoolExecutor$Worker.runTask(ThreadPoolExecutor.java:895)
			at java.util.concurrent.ThreadPoolExecutor$Worker.run(ThreadPoolExecutor.java:918)
			at java.lang.Thread.run(Thread.java:695)

