-------------------------
r:00000000-0000-4000-0000-011c89590282(jetbrains.mps.lang.core.behavior) in common
		java.lang.Throwable
			at jetbrains.mps.generator.impl.dependencies.IncrementalDependenciesBuilder.reportModelAccess(IncrementalDependenciesBuilder.java:115)
			at jetbrains.mps.generator.impl.dependencies.RootDependenciesBuilder.addModelAccess(RootDependenciesBuilder.java:94)
			at jetbrains.mps.generator.impl.dependencies.RootDependenciesBuilder.modelNodesReadAccess(RootDependenciesBuilder.java:227)
			at jetbrains.mps.smodel.NodeReadEventsCaster$ListenersContainer.fireModelNodesReadAccess(NodeReadEventsCaster.java:133)
			at jetbrains.mps.smodel.NodeReadEventsCaster.fireModelNodesReadAccess(NodeReadEventsCaster.java:58)
			at jetbrains.mps.smodel.SModel.fireModelNodesReadAccess(SModel.java:260)
			at jetbrains.mps.smodel.SModel.getRootNodes(SModel.java:106)
			at jetbrains.mps.extapi.model.SModelBase.getRootNodes(SModelBase.java:107)
			at jetbrains.mps.lang.smodel.generator.smodelAdapter.SModelOperations.getRoots(SModelOperations.java:52)
			at jetbrains.mps.lang.structure.behavior.AbstractConceptDeclaration_Behavior.call_findConceptAspect_8360039740498069412(AbstractConceptDeclaration_Behavior.java:66)
			at jetbrains.mps.lang.structure.behavior.AbstractConceptDeclaration_Behavior.call_findConceptAspect_8360039740498068384(AbstractConceptDeclaration_Behavior.java:59)
			at jetbrains.mps.lang.structure.behavior.ConceptDeclaration_Behavior.call_getAllMethodsInPriorityOrder_9106339407519386338(ConceptDeclaration_Behavior.java:39)
			at jetbrains.mps.lang.behavior.generator.template.main.QueriesGenerated.sourceNodesQuery_7923290658387314426(QueriesGenerated.java:366)
			at sun.reflect.GeneratedMethodAccessor2221.invoke(Unknown Source)
			at sun.reflect.DelegatingMethodAccessorImpl.invoke(DelegatingMethodAccessorImpl.java:25)
			at java.lang.reflect.Method.invoke(Method.java:597)
			at jetbrains.mps.util.QueryMethodGenerated.invoke(QueryMethodGenerated.java:166)
			at jetbrains.mps.util.QueryMethodGenerated.invoke(QueryMethodGenerated.java:153)
			at jetbrains.mps.util.QueryMethodGenerated.invoke(QueryMethodGenerated.java:150)
			at jetbrains.mps.generator.template.DefaultQueryExecutionContext.evaluateSourceNodesQuery(DefaultQueryExecutionContext.java:272)
			at jetbrains.mps.generator.impl.template.QueryExecutionContextWithDependencyRecording.evaluateSourceNodesQuery(QueryExecutionContextWithDependencyRecording.java:140)
			at jetbrains.mps.generator.impl.template.InputQueryUtil.getNewInputNodes(InputQueryUtil.java:119)
			at jetbrains.mps.generator.impl.template.InputQueryUtil.getNewInputNodes(InputQueryUtil.java:67)
			at jetbrains.mps.generator.impl.TemplateProcessor$MacroImpl.getNewInputNodes(TemplateProcessor.java:308)
			at jetbrains.mps.generator.impl.TemplateProcessor$LoopMacro.apply(TemplateProcessor.java:340)
			at jetbrains.mps.generator.impl.TemplateProcessor.applyTemplate(TemplateProcessor.java:151)
			at jetbrains.mps.generator.impl.TemplateProcessor.applyTemplate(TemplateProcessor.java:245)
			at jetbrains.mps.generator.impl.TemplateProcessor.apply(TemplateProcessor.java:97)
			at jetbrains.mps.generator.impl.interpreted.TemplateRootMappingRuleInterpreted.apply(TemplateRootMappingRuleInterpreted.java:105)
			at jetbrains.mps.generator.template.DefaultQueryExecutionContext.applyRule(DefaultQueryExecutionContext.java:391)
			at jetbrains.mps.generator.impl.template.QueryExecutionContextWithDependencyRecording.applyRule(QueryExecutionContextWithDependencyRecording.java:223)
			at jetbrains.mps.generator.impl.TemplateGenerator.createRootNodeByRule(TemplateGenerator.java:365)
			at jetbrains.mps.generator.impl.ParallelTemplateGenerator.access$101(ParallelTemplateGenerator.java:48)
			at jetbrains.mps.generator.impl.ParallelTemplateGenerator$2.run(ParallelTemplateGenerator.java:94)
			at jetbrains.mps.generator.impl.ParallelTemplateGenerator$CompositeGenerationTask.run(ParallelTemplateGenerator.java:252)
			at jetbrains.mps.generator.impl.GenerationTaskPool$GenerationTaskAdapter.runInternal(GenerationTaskPool.java:69)
			at jetbrains.mps.generator.impl.GenerationTaskPool$GenerationTaskAdapter.run(GenerationTaskPool.java:86)
			at java.util.concurrent.ThreadPoolExecutor$Worker.runTask(ThreadPoolExecutor.java:895)
			at java.util.concurrent.ThreadPoolExecutor$Worker.run(ThreadPoolExecutor.java:918)
			at java.lang.Thread.run(Thread.java:695)

-------------------------
r:00000000-0000-4000-0000-011c89590288(jetbrains.mps.lang.core.structure) in common
		java.lang.Throwable
			at jetbrains.mps.generator.impl.dependencies.IncrementalDependenciesBuilder.reportModelAccess(IncrementalDependenciesBuilder.java:115)
			at jetbrains.mps.generator.impl.dependencies.RootDependenciesBuilder.addModelAccess(RootDependenciesBuilder.java:94)
			at jetbrains.mps.generator.impl.dependencies.RootDependenciesBuilder.nodeUnclassifiedReadAccess(RootDependenciesBuilder.java:215)
			at jetbrains.mps.smodel.NodeReadEventsCaster$ListenersContainer.fireNodeUnclassifiedReadAccess(NodeReadEventsCaster.java:128)
			at jetbrains.mps.smodel.NodeReadEventsCaster.fireNodeUnclassifiedReadAccess(NodeReadEventsCaster.java:51)
			at jetbrains.mps.smodel.SNode.fireNodeUnclassifiedReadAccess(SNode.java:1023)
			at jetbrains.mps.smodel.SModel.getNode(SModel.java:204)
			at jetbrains.mps.extapi.model.SModelBase.getNode(SModelBase.java:118)
			at jetbrains.mps.smodel.StaticReference.getTargetNode_internal(StaticReference.java:118)
			at jetbrains.mps.smodel.SReference.getTargetNode(SReference.java:67)
			at jetbrains.mps.smodel.SNode.getReferenceTarget(SNode.java:411)
			at jetbrains.mps.smodel.SNode.getReferenceTarget(SNode.java:50)
			at jetbrains.mps.lang.smodel.generator.smodelAdapter.SLinkOperations.getTarget(SLinkOperations.java:34)
			at jetbrains.mps.lang.structure.behavior.ConceptDeclaration_Behavior.call_getAllMethodsInPriorityOrder_9106339407519386338(ConceptDeclaration_Behavior.java:40)
			at jetbrains.mps.lang.behavior.generator.template.main.QueriesGenerated.sourceNodesQuery_7923290658387314426(QueriesGenerated.java:366)
			at sun.reflect.GeneratedMethodAccessor2221.invoke(Unknown Source)
			at sun.reflect.DelegatingMethodAccessorImpl.invoke(DelegatingMethodAccessorImpl.java:25)
			at java.lang.reflect.Method.invoke(Method.java:597)
			at jetbrains.mps.util.QueryMethodGenerated.invoke(QueryMethodGenerated.java:166)
			at jetbrains.mps.util.QueryMethodGenerated.invoke(QueryMethodGenerated.java:153)
			at jetbrains.mps.util.QueryMethodGenerated.invoke(QueryMethodGenerated.java:150)
			at jetbrains.mps.generator.template.DefaultQueryExecutionContext.evaluateSourceNodesQuery(DefaultQueryExecutionContext.java:272)
			at jetbrains.mps.generator.impl.template.QueryExecutionContextWithDependencyRecording.evaluateSourceNodesQuery(QueryExecutionContextWithDependencyRecording.java:140)
			at jetbrains.mps.generator.impl.template.InputQueryUtil.getNewInputNodes(InputQueryUtil.java:119)
			at jetbrains.mps.generator.impl.template.InputQueryUtil.getNewInputNodes(InputQueryUtil.java:67)
			at jetbrains.mps.generator.impl.TemplateProcessor$MacroImpl.getNewInputNodes(TemplateProcessor.java:308)
			at jetbrains.mps.generator.impl.TemplateProcessor$LoopMacro.apply(TemplateProcessor.java:340)
			at jetbrains.mps.generator.impl.TemplateProcessor.applyTemplate(TemplateProcessor.java:151)
			at jetbrains.mps.generator.impl.TemplateProcessor.applyTemplate(TemplateProcessor.java:245)
			at jetbrains.mps.generator.impl.TemplateProcessor.apply(TemplateProcessor.java:97)
			at jetbrains.mps.generator.impl.interpreted.TemplateRootMappingRuleInterpreted.apply(TemplateRootMappingRuleInterpreted.java:105)
			at jetbrains.mps.generator.template.DefaultQueryExecutionContext.applyRule(DefaultQueryExecutionContext.java:391)
			at jetbrains.mps.generator.impl.template.QueryExecutionContextWithDependencyRecording.applyRule(QueryExecutionContextWithDependencyRecording.java:223)
			at jetbrains.mps.generator.impl.TemplateGenerator.createRootNodeByRule(TemplateGenerator.java:365)
			at jetbrains.mps.generator.impl.ParallelTemplateGenerator.access$101(ParallelTemplateGenerator.java:48)
			at jetbrains.mps.generator.impl.ParallelTemplateGenerator$2.run(ParallelTemplateGenerator.java:94)
			at jetbrains.mps.generator.impl.ParallelTemplateGenerator$CompositeGenerationTask.run(ParallelTemplateGenerator.java:252)
			at jetbrains.mps.generator.impl.GenerationTaskPool$GenerationTaskAdapter.runInternal(GenerationTaskPool.java:69)
			at jetbrains.mps.generator.impl.GenerationTaskPool$GenerationTaskAdapter.run(GenerationTaskPool.java:86)
			at java.util.concurrent.ThreadPoolExecutor$Worker.runTask(ThreadPoolExecutor.java:895)
			at java.util.concurrent.ThreadPoolExecutor$Worker.run(ThreadPoolExecutor.java:918)
			at java.lang.Thread.run(Thread.java:695)

-------------------------
r:00000000-0000-4000-0000-011c895902c0(jetbrains.mps.baseLanguage.behavior) in common
		java.lang.Throwable
			at jetbrains.mps.generator.impl.dependencies.IncrementalDependenciesBuilder.reportModelAccess(IncrementalDependenciesBuilder.java:115)
			at jetbrains.mps.generator.impl.dependencies.RootDependenciesBuilder.addModelAccess(RootDependenciesBuilder.java:94)
			at jetbrains.mps.generator.impl.dependencies.RootDependenciesBuilder.modelNodesReadAccess(RootDependenciesBuilder.java:227)
			at jetbrains.mps.smodel.NodeReadEventsCaster$ListenersContainer.fireModelNodesReadAccess(NodeReadEventsCaster.java:133)
			at jetbrains.mps.smodel.NodeReadEventsCaster.fireModelNodesReadAccess(NodeReadEventsCaster.java:58)
			at jetbrains.mps.smodel.SModel.fireModelNodesReadAccess(SModel.java:260)
			at jetbrains.mps.smodel.SModel.getRootNodes(SModel.java:106)
			at jetbrains.mps.extapi.model.SModelBase.getRootNodes(SModelBase.java:107)
			at jetbrains.mps.lang.smodel.generator.smodelAdapter.SModelOperations.getRoots(SModelOperations.java:52)
			at jetbrains.mps.lang.structure.behavior.AbstractConceptDeclaration_Behavior.call_findConceptAspect_8360039740498069412(AbstractConceptDeclaration_Behavior.java:66)
			at jetbrains.mps.lang.structure.behavior.AbstractConceptDeclaration_Behavior.call_findConceptAspect_8360039740498068384(AbstractConceptDeclaration_Behavior.java:59)
			at jetbrains.mps.lang.structure.behavior.ConceptDeclaration_Behavior.call_getAllMethodsInPriorityOrder_9106339407519386338(ConceptDeclaration_Behavior.java:39)
			at jetbrains.mps.lang.behavior.generator.template.main.QueriesGenerated.sourceNodesQuery_7923290658387314426(QueriesGenerated.java:366)
			at sun.reflect.GeneratedMethodAccessor2221.invoke(Unknown Source)
			at sun.reflect.DelegatingMethodAccessorImpl.invoke(DelegatingMethodAccessorImpl.java:25)
			at java.lang.reflect.Method.invoke(Method.java:597)
			at jetbrains.mps.util.QueryMethodGenerated.invoke(QueryMethodGenerated.java:166)
			at jetbrains.mps.util.QueryMethodGenerated.invoke(QueryMethodGenerated.java:153)
			at jetbrains.mps.util.QueryMethodGenerated.invoke(QueryMethodGenerated.java:150)
			at jetbrains.mps.generator.template.DefaultQueryExecutionContext.evaluateSourceNodesQuery(DefaultQueryExecutionContext.java:272)
			at jetbrains.mps.generator.impl.template.QueryExecutionContextWithDependencyRecording.evaluateSourceNodesQuery(QueryExecutionContextWithDependencyRecording.java:140)
			at jetbrains.mps.generator.impl.template.InputQueryUtil.getNewInputNodes(InputQueryUtil.java:119)
			at jetbrains.mps.generator.impl.template.InputQueryUtil.getNewInputNodes(InputQueryUtil.java:67)
			at jetbrains.mps.generator.impl.TemplateProcessor$MacroImpl.getNewInputNodes(TemplateProcessor.java:308)
			at jetbrains.mps.generator.impl.TemplateProcessor$LoopMacro.apply(TemplateProcessor.java:340)
			at jetbrains.mps.generator.impl.TemplateProcessor.applyTemplate(TemplateProcessor.java:151)
			at jetbrains.mps.generator.impl.TemplateProcessor.applyTemplate(TemplateProcessor.java:245)
			at jetbrains.mps.generator.impl.TemplateProcessor.apply(TemplateProcessor.java:97)
			at jetbrains.mps.generator.impl.interpreted.TemplateRootMappingRuleInterpreted.apply(TemplateRootMappingRuleInterpreted.java:105)
			at jetbrains.mps.generator.template.DefaultQueryExecutionContext.applyRule(DefaultQueryExecutionContext.java:391)
			at jetbrains.mps.generator.impl.template.QueryExecutionContextWithDependencyRecording.applyRule(QueryExecutionContextWithDependencyRecording.java:223)
			at jetbrains.mps.generator.impl.TemplateGenerator.createRootNodeByRule(TemplateGenerator.java:365)
			at jetbrains.mps.generator.impl.ParallelTemplateGenerator.access$101(ParallelTemplateGenerator.java:48)
			at jetbrains.mps.generator.impl.ParallelTemplateGenerator$2.run(ParallelTemplateGenerator.java:94)
			at jetbrains.mps.generator.impl.ParallelTemplateGenerator$CompositeGenerationTask.run(ParallelTemplateGenerator.java:252)
			at jetbrains.mps.generator.impl.GenerationTaskPool$GenerationTaskAdapter.runInternal(GenerationTaskPool.java:69)
			at jetbrains.mps.generator.impl.GenerationTaskPool$GenerationTaskAdapter.run(GenerationTaskPool.java:86)
			at java.util.concurrent.ThreadPoolExecutor$Worker.runTask(ThreadPoolExecutor.java:895)
			at java.util.concurrent.ThreadPoolExecutor$Worker.run(ThreadPoolExecutor.java:918)
			at java.lang.Thread.run(Thread.java:695)

-------------------------
r:00000000-0000-4000-0000-011c895902ca(jetbrains.mps.baseLanguage.structure) in common
		java.lang.Throwable
			at jetbrains.mps.generator.impl.dependencies.IncrementalDependenciesBuilder.reportModelAccess(IncrementalDependenciesBuilder.java:115)
			at jetbrains.mps.generator.impl.dependencies.RootDependenciesBuilder.addModelAccess(RootDependenciesBuilder.java:94)
			at jetbrains.mps.generator.impl.dependencies.RootDependenciesBuilder.nodeUnclassifiedReadAccess(RootDependenciesBuilder.java:215)
			at jetbrains.mps.smodel.NodeReadEventsCaster$ListenersContainer.fireNodeUnclassifiedReadAccess(NodeReadEventsCaster.java:128)
			at jetbrains.mps.smodel.NodeReadEventsCaster.fireNodeUnclassifiedReadAccess(NodeReadEventsCaster.java:51)
			at jetbrains.mps.smodel.SNode.fireNodeUnclassifiedReadAccess(SNode.java:1023)
			at jetbrains.mps.smodel.SModel.getNode(SModel.java:204)
			at jetbrains.mps.extapi.model.SModelBase.getNode(SModelBase.java:118)
			at jetbrains.mps.smodel.StaticReference.getTargetNode_internal(StaticReference.java:118)
			at jetbrains.mps.smodel.SReference.getTargetNode(SReference.java:67)
			at jetbrains.mps.smodel.SNode.getReferenceTarget(SNode.java:411)
			at jetbrains.mps.smodel.SNode.getReferenceTarget(SNode.java:50)
			at jetbrains.mps.lang.smodel.generator.smodelAdapter.SLinkOperations.getTarget(SLinkOperations.java:34)
			at jetbrains.mps.lang.structure.behavior.ConceptDeclaration_Behavior.call_getAllMethodsInPriorityOrder_9106339407519386338(ConceptDeclaration_Behavior.java:40)
			at jetbrains.mps.lang.behavior.generator.template.main.QueriesGenerated.sourceNodesQuery_7923290658387314426(QueriesGenerated.java:366)
			at sun.reflect.GeneratedMethodAccessor2221.invoke(Unknown Source)
			at sun.reflect.DelegatingMethodAccessorImpl.invoke(DelegatingMethodAccessorImpl.java:25)
			at java.lang.reflect.Method.invoke(Method.java:597)
			at jetbrains.mps.util.QueryMethodGenerated.invoke(QueryMethodGenerated.java:166)
			at jetbrains.mps.util.QueryMethodGenerated.invoke(QueryMethodGenerated.java:153)
			at jetbrains.mps.util.QueryMethodGenerated.invoke(QueryMethodGenerated.java:150)
			at jetbrains.mps.generator.template.DefaultQueryExecutionContext.evaluateSourceNodesQuery(DefaultQueryExecutionContext.java:272)
			at jetbrains.mps.generator.impl.template.QueryExecutionContextWithDependencyRecording.evaluateSourceNodesQuery(QueryExecutionContextWithDependencyRecording.java:140)
			at jetbrains.mps.generator.impl.template.InputQueryUtil.getNewInputNodes(InputQueryUtil.java:119)
			at jetbrains.mps.generator.impl.template.InputQueryUtil.getNewInputNodes(InputQueryUtil.java:67)
			at jetbrains.mps.generator.impl.TemplateProcessor$MacroImpl.getNewInputNodes(TemplateProcessor.java:308)
			at jetbrains.mps.generator.impl.TemplateProcessor$LoopMacro.apply(TemplateProcessor.java:340)
			at jetbrains.mps.generator.impl.TemplateProcessor.applyTemplate(TemplateProcessor.java:151)
			at jetbrains.mps.generator.impl.TemplateProcessor.applyTemplate(TemplateProcessor.java:245)
			at jetbrains.mps.generator.impl.TemplateProcessor.apply(TemplateProcessor.java:97)
			at jetbrains.mps.generator.impl.interpreted.TemplateRootMappingRuleInterpreted.apply(TemplateRootMappingRuleInterpreted.java:105)
			at jetbrains.mps.generator.template.DefaultQueryExecutionContext.applyRule(DefaultQueryExecutionContext.java:391)
			at jetbrains.mps.generator.impl.template.QueryExecutionContextWithDependencyRecording.applyRule(QueryExecutionContextWithDependencyRecording.java:223)
			at jetbrains.mps.generator.impl.TemplateGenerator.createRootNodeByRule(TemplateGenerator.java:365)
			at jetbrains.mps.generator.impl.ParallelTemplateGenerator.access$101(ParallelTemplateGenerator.java:48)
			at jetbrains.mps.generator.impl.ParallelTemplateGenerator$2.run(ParallelTemplateGenerator.java:94)
			at jetbrains.mps.generator.impl.ParallelTemplateGenerator$CompositeGenerationTask.run(ParallelTemplateGenerator.java:252)
			at jetbrains.mps.generator.impl.GenerationTaskPool$GenerationTaskAdapter.runInternal(GenerationTaskPool.java:69)
			at jetbrains.mps.generator.impl.GenerationTaskPool$GenerationTaskAdapter.run(GenerationTaskPool.java:86)
			at java.util.concurrent.ThreadPoolExecutor$Worker.runTask(ThreadPoolExecutor.java:895)
			at java.util.concurrent.ThreadPoolExecutor$Worker.run(ThreadPoolExecutor.java:918)
			at java.lang.Thread.run(Thread.java:695)

-------------------------
r:00000000-0000-4000-0000-011c8959032f(jetbrains.mps.baseLanguage.collections.generator.baseLanguage.template.main@generator) in common
		java.lang.Throwable
			at jetbrains.mps.generator.impl.dependencies.IncrementalDependenciesBuilder.reportModelAccess(IncrementalDependenciesBuilder.java:115)
			at jetbrains.mps.generator.impl.dependencies.RootDependenciesBuilder.addModelAccess(RootDependenciesBuilder.java:94)
			at jetbrains.mps.generator.impl.dependencies.RootDependenciesBuilder.nodeUnclassifiedReadAccess(RootDependenciesBuilder.java:215)
			at jetbrains.mps.smodel.NodeReadEventsCaster$ListenersContainer.fireNodeUnclassifiedReadAccess(NodeReadEventsCaster.java:128)
			at jetbrains.mps.smodel.NodeReadEventsCaster.fireNodeUnclassifiedReadAccess(NodeReadEventsCaster.java:51)
			at jetbrains.mps.smodel.SNode.fireNodeUnclassifiedReadAccess(SNode.java:1023)
			at jetbrains.mps.smodel.SNode.getParent(SNode.java:280)
			at jetbrains.mps.smodel.SNode.getParent(SNode.java:50)
			at jetbrains.mps.generator.template.DefaultQueryExecutionContext.evaluateArgumentQuery(DefaultQueryExecutionContext.java:230)
			at jetbrains.mps.generator.impl.template.QueryExecutionContextWithDependencyRecording.evaluateArgumentQuery(QueryExecutionContextWithDependencyRecording.java:120)
			at jetbrains.mps.generator.impl.GeneratorUtil.createTemplateCallContext(GeneratorUtil.java:110)
			at jetbrains.mps.generator.impl.TemplateProcessor$SwitchWithArgMacro.prepareContext(TemplateProcessor.java:649)
			at jetbrains.mps.generator.impl.TemplateProcessor$SwitchMacro.apply(TemplateProcessor.java:606)
			at jetbrains.mps.generator.impl.TemplateProcessor.applyTemplate(TemplateProcessor.java:151)
			at jetbrains.mps.generator.impl.TemplateContainer.apply(TemplateContainer.java:73)
			at jetbrains.mps.generator.impl.RuleConsequenceProcessor.processRuleConsequence(RuleConsequenceProcessor.java:66)
			at jetbrains.mps.generator.impl.interpreted.TemplateReductionRuleInterpreted.apply(TemplateReductionRuleInterpreted.java:130)
			at jetbrains.mps.generator.impl.interpreted.TemplateReductionRuleInterpreted.tryToApply(TemplateReductionRuleInterpreted.java:90)
			at jetbrains.mps.generator.template.DefaultQueryExecutionContext.tryToApply(DefaultQueryExecutionContext.java:381)
			at jetbrains.mps.generator.impl.template.QueryExecutionContextWithDependencyRecording.tryToApply(QueryExecutionContextWithDependencyRecording.java:204)
			at jetbrains.mps.generator.impl.TemplateGenerator.tryToReduce(TemplateGenerator.java:530)
			at jetbrains.mps.generator.impl.TemplateGenerator.tryToReduce(TemplateGenerator.java:478)
			at jetbrains.mps.generator.impl.TemplateGenerator$FullCopyFacility.copyInputNode(TemplateGenerator.java:986)
			at jetbrains.mps.generator.impl.TemplateGenerator$FullCopyFacility.copyInputNode(TemplateGenerator.java:1000)
			at jetbrains.mps.generator.impl.TemplateGenerator$FullCopyFacility.copyInputNode(TemplateGenerator.java:1000)
			at jetbrains.mps.generator.impl.TemplateGenerator$FullCopyFacility.copyInputNode(TemplateGenerator.java:1000)
			at jetbrains.mps.generator.impl.TemplateGenerator$FullCopyFacility.copyInputNode(TemplateGenerator.java:1000)
			at jetbrains.mps.generator.impl.TemplateGenerator$FullCopyFacility.copyInputNode(TemplateGenerator.java:1000)
			at jetbrains.mps.generator.impl.TemplateGenerator$FullCopyFacility.copyRootInputNode(TemplateGenerator.java:887)
			at jetbrains.mps.generator.impl.TemplateGenerator.copyRootInputNode(TemplateGenerator.java:409)
			at jetbrains.mps.generator.impl.ParallelTemplateGenerator.access$201(ParallelTemplateGenerator.java:48)
			at jetbrains.mps.generator.impl.ParallelTemplateGenerator$3.run(ParallelTemplateGenerator.java:104)
			at jetbrains.mps.generator.impl.ParallelTemplateGenerator$CompositeGenerationTask.run(ParallelTemplateGenerator.java:252)
			at jetbrains.mps.generator.impl.GenerationTaskPool$GenerationTaskAdapter.runInternal(GenerationTaskPool.java:69)
			at jetbrains.mps.generator.impl.GenerationTaskPool$GenerationTaskAdapter.run(GenerationTaskPool.java:86)
			at java.util.concurrent.ThreadPoolExecutor$Worker.runTask(ThreadPoolExecutor.java:895)
			at java.util.concurrent.ThreadPoolExecutor$Worker.run(ThreadPoolExecutor.java:918)
			at java.lang.Thread.run(Thread.java:695)

-------------------------
r:229ce18d-2bb0-4d5b-a7cd-cec65841e459(jetbrains.mps.lang.behavior.generator.template.main@generator) in common
		java.lang.Throwable
			at jetbrains.mps.generator.impl.dependencies.IncrementalDependenciesBuilder.reportModelAccess(IncrementalDependenciesBuilder.java:115)
			at jetbrains.mps.generator.impl.dependencies.RootDependenciesBuilder.addModelAccess(RootDependenciesBuilder.java:94)
			at jetbrains.mps.generator.impl.dependencies.RootDependenciesBuilder.nodeUnclassifiedReadAccess(RootDependenciesBuilder.java:215)
			at jetbrains.mps.smodel.NodeReadEventsCaster$ListenersContainer.fireNodeUnclassifiedReadAccess(NodeReadEventsCaster.java:128)
			at jetbrains.mps.smodel.NodeReadEventsCaster.fireNodeUnclassifiedReadAccess(NodeReadEventsCaster.java:51)
			at jetbrains.mps.smodel.SNode.fireNodeUnclassifiedReadAccess(SNode.java:1023)
			at jetbrains.mps.smodel.SNode$ChildrenList$ChildrenIterator.readNode(SNode.java:1125)
			at jetbrains.mps.smodel.SNode$ChildrenList$ChildrenIterator.getCurrent(SNode.java:1113)
			at jetbrains.mps.smodel.SNode$ChildrenList$ChildrenIterator.getCurrent(SNode.java:1077)
			at jetbrains.mps.util.AbstractSequentialList$AbstractSequentialIterator.hasNext(AbstractSequentialList.java:100)
			at jetbrains.mps.lang.smodel.generator.smodelAdapter.SLinkOperations.getTarget(SLinkOperations.java:32)
			at jetbrains.mps.generator.impl.RuleUtil.getReferenceMacro_GetReferent(RuleUtil.java:224)
			at jetbrains.mps.generator.template.DefaultQueryExecutionContext.getReferentTarget(DefaultQueryExecutionContext.java:348)
			at jetbrains.mps.generator.impl.template.QueryExecutionContextWithDependencyRecording.getReferentTarget(QueryExecutionContextWithDependencyRecording.java:170)
			at jetbrains.mps.generator.impl.reference.MacroResolver.resolve(MacroResolver.java:43)
			at jetbrains.mps.generator.impl.reference.ReferenceInfo_Macro.resolveReference(ReferenceInfo_Macro.java:113)
			at jetbrains.mps.generator.impl.reference.ReferenceInfo_Macro.expandReferenceMacro(ReferenceInfo_Macro.java:82)
			at jetbrains.mps.generator.impl.reference.ReferenceInfo_Macro.create(ReferenceInfo_Macro.java:54)
			at jetbrains.mps.generator.impl.reference.PostponedReference.initReplacementReference(PostponedReference.java:95)
			at jetbrains.mps.generator.impl.reference.PostponedReferenceUpdate.prepare(PostponedReferenceUpdate.java:50)
			at jetbrains.mps.generator.impl.TemplateGenerator.apply(TemplateGenerator.java:193)
			at jetbrains.mps.generator.impl.GenerationSession.applyRules(GenerationSession.java:460)
			at jetbrains.mps.generator.impl.GenerationSession.executeMajorStepInternal(GenerationSession.java:382)
			at jetbrains.mps.generator.impl.GenerationSession.executeMajorStep(GenerationSession.java:349)
			at jetbrains.mps.generator.impl.GenerationSession.generateModel(GenerationSession.java:229)
			at jetbrains.mps.generator.impl.GenerationController.generateModel(GenerationController.java:187)
			at jetbrains.mps.generator.impl.GenerationController.generateModelsInModule(GenerationController.java:148)
			at jetbrains.mps.generator.impl.GenerationController.generate(GenerationController.java:101)
			at jetbrains.mps.generator.GenerationFacade$2$1.compute(GenerationFacade.java:156)
			at jetbrains.mps.generator.GenerationFacade$2$1.compute(GenerationFacade.java:153)
			at jetbrains.mps.ide.undo.WorkbenchUndoHandler.runNonUndoableAction(WorkbenchUndoHandler.java:46)
			at jetbrains.mps.smodel.UndoHelper.runNonUndoableAction(UndoHelper.java:62)
			at jetbrains.mps.generator.GenerationFacade$2.run(GenerationFacade.java:153)
			at jetbrains.mps.ide.smodel.WorkbenchModelAccess$8.compute(WorkbenchModelAccess.java:312)
			at jetbrains.mps.ide.smodel.WorkbenchModelAccess$8.compute(WorkbenchModelAccess.java:307)
			at com.intellij.openapi.application.impl.ApplicationImpl.runReadAction(ApplicationImpl.java:934)
			at jetbrains.mps.ide.smodel.WorkbenchModelAccess.tryRead(WorkbenchModelAccess.java:307)
			at jetbrains.mps.ide.smodel.WorkbenchModelAccess.requireRead(WorkbenchModelAccess.java:357)
			at jetbrains.mps.generator.GenerationFacade.generateModels(GenerationFacade.java:150)
			at jetbrains.mps.lang.core.plugin.Generate_Facet$Target_generate$1.execute(Generate_Facet.java:554)
			at jetbrains.mps.internal.make.runtime.script.Script$3.invoke(Script.java:306)
			at jetbrains.mps.internal.make.runtime.script.Script$3.invoke(Script.java:250)
			at jetbrains.mps.ide.make.WorkbenchMakeService$Controller.runJobWithMonitor(WorkbenchMakeService.java:391)
			at jetbrains.mps.internal.make.runtime.script.Script.executeTargets(Script.java:250)
			at jetbrains.mps.internal.make.runtime.script.Script.execute(Script.java:226)
			at jetbrains.mps.make.service.CoreMakeTask.doRun(CoreMakeTask.java:111)
			at jetbrains.mps.ide.make.MakeTask$WorkbenchMakeTask.doRun(MakeTask.java:140)
			at jetbrains.mps.make.service.CoreMakeTask.run(CoreMakeTask.java:60)
			at jetbrains.mps.ide.make.MakeTask$1.run(MakeTask.java:57)
			at java.lang.Thread.run(Thread.java:695)

-------------------------
r:3b7ed80f-6cfd-45bc-b051-2f66c620dd27(jetbrains.mps.lang.traceable.structure) in common
		java.lang.Throwable
			at jetbrains.mps.generator.impl.dependencies.IncrementalDependenciesBuilder.reportModelAccess(IncrementalDependenciesBuilder.java:115)
			at jetbrains.mps.generator.impl.dependencies.RootDependenciesBuilder.addModelAccess(RootDependenciesBuilder.java:94)
			at jetbrains.mps.generator.impl.dependencies.RootDependenciesBuilder.nodeUnclassifiedReadAccess(RootDependenciesBuilder.java:215)
			at jetbrains.mps.smodel.NodeReadEventsCaster$ListenersContainer.fireNodeUnclassifiedReadAccess(NodeReadEventsCaster.java:128)
			at jetbrains.mps.smodel.NodeReadEventsCaster.fireNodeUnclassifiedReadAccess(NodeReadEventsCaster.java:51)
			at jetbrains.mps.smodel.SNode.fireNodeUnclassifiedReadAccess(SNode.java:1023)
			at jetbrains.mps.smodel.SModel.getNode(SModel.java:204)
			at jetbrains.mps.extapi.model.SModelBase.getNode(SModelBase.java:118)
			at jetbrains.mps.smodel.StaticReference.getTargetNode_internal(StaticReference.java:118)
			at jetbrains.mps.smodel.SReference.getTargetNode(SReference.java:67)
			at jetbrains.mps.smodel.SNode.getReferenceTarget(SNode.java:411)
			at jetbrains.mps.smodel.SNode.getReferenceTarget(SNode.java:50)
			at jetbrains.mps.lang.smodel.generator.smodelAdapter.SLinkOperations.getTarget(SLinkOperations.java:34)
			at jetbrains.mps.lang.structure.behavior.ConceptDeclaration_Behavior$1.accept(ConceptDeclaration_Behavior.java:46)
			at jetbrains.mps.lang.structure.behavior.ConceptDeclaration_Behavior$1.accept(ConceptDeclaration_Behavior.java:1)
			at jetbrains.mps.internal.collections.runtime.IWhereFilter.invoke(IWhereFilter.java:14)
			at jetbrains.mps.internal.collections.runtime.IWhereFilter.invoke(IWhereFilter.java:7)
			at jetbrains.mps.internal.collections.runtime.impl.FilteringSequence$FilteringIterator.moveToNext(FilteringSequence.java:72)
			at jetbrains.mps.internal.collections.runtime.impl.FilteringSequence$FilteringIterator.hasNext(FilteringSequence.java:39)
			at jetbrains.mps.internal.collections.runtime.impl.SelectingSequence$SelectingIterator.moveToNext(SelectingSequence.java:68)
			at jetbrains.mps.internal.collections.runtime.impl.SelectingSequence$SelectingIterator.hasNext(SelectingSequence.java:37)
			at jetbrains.mps.lang.structure.behavior.ConceptDeclaration_Behavior.call_getAllMethodsInPriorityOrder_9106339407519386338(ConceptDeclaration_Behavior.java:44)
			at jetbrains.mps.lang.behavior.generator.template.main.QueriesGenerated.sourceNodesQuery_7923290658387314426(QueriesGenerated.java:371)
			at sun.reflect.GeneratedMethodAccessor2221.invoke(Unknown Source)
			at sun.reflect.DelegatingMethodAccessorImpl.invoke(DelegatingMethodAccessorImpl.java:25)
			at java.lang.reflect.Method.invoke(Method.java:597)
			at jetbrains.mps.util.QueryMethodGenerated.invoke(QueryMethodGenerated.java:166)
			at jetbrains.mps.util.QueryMethodGenerated.invoke(QueryMethodGenerated.java:153)
			at jetbrains.mps.util.QueryMethodGenerated.invoke(QueryMethodGenerated.java:150)
			at jetbrains.mps.generator.template.DefaultQueryExecutionContext.evaluateSourceNodesQuery(DefaultQueryExecutionContext.java:272)
			at jetbrains.mps.generator.impl.template.QueryExecutionContextWithDependencyRecording.evaluateSourceNodesQuery(QueryExecutionContextWithDependencyRecording.java:140)
			at jetbrains.mps.generator.impl.template.InputQueryUtil.getNewInputNodes(InputQueryUtil.java:119)
			at jetbrains.mps.generator.impl.template.InputQueryUtil.getNewInputNodes(InputQueryUtil.java:67)
			at jetbrains.mps.generator.impl.TemplateProcessor$MacroImpl.getNewInputNodes(TemplateProcessor.java:308)
			at jetbrains.mps.generator.impl.TemplateProcessor$LoopMacro.apply(TemplateProcessor.java:340)
			at jetbrains.mps.generator.impl.TemplateProcessor.applyTemplate(TemplateProcessor.java:151)
			at jetbrains.mps.generator.impl.TemplateProcessor.applyTemplate(TemplateProcessor.java:245)
			at jetbrains.mps.generator.impl.TemplateProcessor.apply(TemplateProcessor.java:97)
			at jetbrains.mps.generator.impl.interpreted.TemplateRootMappingRuleInterpreted.apply(TemplateRootMappingRuleInterpreted.java:105)
			at jetbrains.mps.generator.template.DefaultQueryExecutionContext.applyRule(DefaultQueryExecutionContext.java:391)
			at jetbrains.mps.generator.impl.template.QueryExecutionContextWithDependencyRecording.applyRule(QueryExecutionContextWithDependencyRecording.java:223)
			at jetbrains.mps.generator.impl.TemplateGenerator.createRootNodeByRule(TemplateGenerator.java:365)
			at jetbrains.mps.generator.impl.ParallelTemplateGenerator.access$101(ParallelTemplateGenerator.java:48)
			at jetbrains.mps.generator.impl.ParallelTemplateGenerator$2.run(ParallelTemplateGenerator.java:94)
			at jetbrains.mps.generator.impl.ParallelTemplateGenerator$CompositeGenerationTask.run(ParallelTemplateGenerator.java:252)
			at jetbrains.mps.generator.impl.GenerationTaskPool$GenerationTaskAdapter.runInternal(GenerationTaskPool.java:69)
			at jetbrains.mps.generator.impl.GenerationTaskPool$GenerationTaskAdapter.run(GenerationTaskPool.java:86)
			at java.util.concurrent.ThreadPoolExecutor$Worker.runTask(ThreadPoolExecutor.java:895)
			at java.util.concurrent.ThreadPoolExecutor$Worker.run(ThreadPoolExecutor.java:918)
			at java.lang.Thread.run(Thread.java:695)

-------------------------
r:5607284d-edb3-4e34-bafc-a3b8fa3360be(jetbrains.mps.samples.Expressions.structure) in common
		java.lang.Throwable
			at jetbrains.mps.generator.impl.dependencies.IncrementalDependenciesBuilder.reportModelAccess(IncrementalDependenciesBuilder.java:115)
			at jetbrains.mps.generator.impl.dependencies.RootDependenciesBuilder.addModelAccess(RootDependenciesBuilder.java:94)
			at jetbrains.mps.generator.impl.dependencies.RootDependenciesBuilder.modelNodesReadAccess(RootDependenciesBuilder.java:227)
			at jetbrains.mps.smodel.NodeReadEventsCaster$ListenersContainer.fireModelNodesReadAccess(NodeReadEventsCaster.java:133)
			at jetbrains.mps.smodel.NodeReadEventsCaster.fireModelNodesReadAccess(NodeReadEventsCaster.java:58)
			at jetbrains.mps.smodel.SModel.fireModelNodesReadAccess(SModel.java:260)
			at jetbrains.mps.smodel.SModel.getFastNodeFinder(SModel.java:485)
			at jetbrains.mps.extapi.model.SModelDescriptorStub.getFastNodeFinder(SModelDescriptorStub.java:273)
			at jetbrains.mps.lang.smodel.generator.smodelAdapter.SModelOperations.getNodes(SModelOperations.java:118)
			at jetbrains.mps.lang.behavior.generator.template.main.QueriesGenerated.sourceNodesQuery_7923290658387314672(QueriesGenerated.java:458)
			at sun.reflect.GeneratedMethodAccessor2342.invoke(Unknown Source)
			at sun.reflect.DelegatingMethodAccessorImpl.invoke(DelegatingMethodAccessorImpl.java:25)
			at java.lang.reflect.Method.invoke(Method.java:597)
			at jetbrains.mps.util.QueryMethodGenerated.invoke(QueryMethodGenerated.java:166)
			at jetbrains.mps.util.QueryMethodGenerated.invoke(QueryMethodGenerated.java:153)
			at jetbrains.mps.util.QueryMethodGenerated.invoke(QueryMethodGenerated.java:150)
			at jetbrains.mps.generator.template.DefaultQueryExecutionContext.evaluateSourceNodesQuery(DefaultQueryExecutionContext.java:272)
			at jetbrains.mps.generator.impl.template.QueryExecutionContextWithDependencyRecording.evaluateSourceNodesQuery(QueryExecutionContextWithDependencyRecording.java:140)
			at jetbrains.mps.generator.impl.template.InputQueryUtil.getNewInputNodes(InputQueryUtil.java:119)
			at jetbrains.mps.generator.impl.template.InputQueryUtil.getNewInputNodes(InputQueryUtil.java:67)
			at jetbrains.mps.generator.impl.TemplateProcessor$MacroImpl.getNewInputNodes(TemplateProcessor.java:308)
			at jetbrains.mps.generator.impl.TemplateProcessor$LoopMacro.apply(TemplateProcessor.java:340)
			at jetbrains.mps.generator.impl.TemplateProcessor.applyTemplate(TemplateProcessor.java:151)
			at jetbrains.mps.generator.impl.TemplateProcessor.applyTemplate(TemplateProcessor.java:245)
			at jetbrains.mps.generator.impl.TemplateProcessor.apply(TemplateProcessor.java:97)
			at jetbrains.mps.generator.impl.interpreted.TemplateCreateRootRuleInterpreted.apply(TemplateCreateRootRuleInterpreted.java:76)
			at jetbrains.mps.generator.template.DefaultQueryExecutionContext.applyRule(DefaultQueryExecutionContext.java:396)
			at jetbrains.mps.generator.impl.template.QueryExecutionContextWithDependencyRecording.applyRule(QueryExecutionContextWithDependencyRecording.java:236)
			at jetbrains.mps.generator.impl.TemplateGenerator.createRootNodeByRule(TemplateGenerator.java:342)
			at jetbrains.mps.generator.impl.ParallelTemplateGenerator.access$001(ParallelTemplateGenerator.java:48)
			at jetbrains.mps.generator.impl.ParallelTemplateGenerator$1.run(ParallelTemplateGenerator.java:84)
			at jetbrains.mps.generator.impl.ParallelTemplateGenerator$CompositeGenerationTask.run(ParallelTemplateGenerator.java:252)
			at jetbrains.mps.generator.impl.GenerationTaskPool$GenerationTaskAdapter.runInternal(GenerationTaskPool.java:69)
			at jetbrains.mps.generator.impl.GenerationTaskPool$GenerationTaskAdapter.run(GenerationTaskPool.java:86)
			at java.util.concurrent.ThreadPoolExecutor$Worker.runTask(ThreadPoolExecutor.java:895)
			at java.util.concurrent.ThreadPoolExecutor$Worker.run(ThreadPoolExecutor.java:918)
			at java.lang.Thread.run(Thread.java:695)

-------------------------
r:95397225-9080-48bc-b1aa-0ce7c4f3d2ce(jetbrains.mps.lang.traceable.behavior) in common
		java.lang.Throwable
			at jetbrains.mps.generator.impl.dependencies.IncrementalDependenciesBuilder.reportModelAccess(IncrementalDependenciesBuilder.java:115)
			at jetbrains.mps.generator.impl.dependencies.RootDependenciesBuilder.addModelAccess(RootDependenciesBuilder.java:94)
			at jetbrains.mps.generator.impl.dependencies.RootDependenciesBuilder.modelNodesReadAccess(RootDependenciesBuilder.java:227)
			at jetbrains.mps.smodel.NodeReadEventsCaster$ListenersContainer.fireModelNodesReadAccess(NodeReadEventsCaster.java:133)
			at jetbrains.mps.smodel.NodeReadEventsCaster.fireModelNodesReadAccess(NodeReadEventsCaster.java:58)
			at jetbrains.mps.smodel.SModel.fireModelNodesReadAccess(SModel.java:260)
			at jetbrains.mps.smodel.SModel.getRootNodes(SModel.java:106)
			at jetbrains.mps.extapi.model.SModelBase.getRootNodes(SModelBase.java:107)
			at jetbrains.mps.lang.smodel.generator.smodelAdapter.SModelOperations.getRoots(SModelOperations.java:52)
			at jetbrains.mps.lang.structure.behavior.AbstractConceptDeclaration_Behavior.call_findConceptAspect_8360039740498069412(AbstractConceptDeclaration_Behavior.java:66)
			at jetbrains.mps.lang.structure.behavior.AbstractConceptDeclaration_Behavior.call_findConceptAspect_8360039740498068384(AbstractConceptDeclaration_Behavior.java:59)
			at jetbrains.mps.lang.structure.behavior.InterfaceConceptDeclaration_Behavior.call_collectAllMethodsInPriorityOrder_4038300048412704204(InterfaceConceptDeclaration_Behavior.java:42)
			at jetbrains.mps.lang.structure.behavior.InterfaceConceptDeclaration_Behavior.call_getAllMethodsInPriorityOrder_9106339407519386413(InterfaceConceptDeclaration_Behavior.java:33)
			at jetbrains.mps.lang.structure.behavior.ConceptDeclaration_Behavior.call_getAllMethodsInPriorityOrder_9106339407519386338(ConceptDeclaration_Behavior.java:53)
			at jetbrains.mps.lang.behavior.generator.template.main.QueriesGenerated.sourceNodesQuery_7923290658387314426(QueriesGenerated.java:371)
			at sun.reflect.GeneratedMethodAccessor2221.invoke(Unknown Source)
			at sun.reflect.DelegatingMethodAccessorImpl.invoke(DelegatingMethodAccessorImpl.java:25)
			at java.lang.reflect.Method.invoke(Method.java:597)
			at jetbrains.mps.util.QueryMethodGenerated.invoke(QueryMethodGenerated.java:166)
			at jetbrains.mps.util.QueryMethodGenerated.invoke(QueryMethodGenerated.java:153)
			at jetbrains.mps.util.QueryMethodGenerated.invoke(QueryMethodGenerated.java:150)
			at jetbrains.mps.generator.template.DefaultQueryExecutionContext.evaluateSourceNodesQuery(DefaultQueryExecutionContext.java:272)
			at jetbrains.mps.generator.impl.template.QueryExecutionContextWithDependencyRecording.evaluateSourceNodesQuery(QueryExecutionContextWithDependencyRecording.java:140)
			at jetbrains.mps.generator.impl.template.InputQueryUtil.getNewInputNodes(InputQueryUtil.java:119)
			at jetbrains.mps.generator.impl.template.InputQueryUtil.getNewInputNodes(InputQueryUtil.java:67)
			at jetbrains.mps.generator.impl.TemplateProcessor$MacroImpl.getNewInputNodes(TemplateProcessor.java:308)
			at jetbrains.mps.generator.impl.TemplateProcessor$LoopMacro.apply(TemplateProcessor.java:340)
			at jetbrains.mps.generator.impl.TemplateProcessor.applyTemplate(TemplateProcessor.java:151)
			at jetbrains.mps.generator.impl.TemplateProcessor.applyTemplate(TemplateProcessor.java:245)
			at jetbrains.mps.generator.impl.TemplateProcessor.apply(TemplateProcessor.java:97)
			at jetbrains.mps.generator.impl.interpreted.TemplateRootMappingRuleInterpreted.apply(TemplateRootMappingRuleInterpreted.java:105)
			at jetbrains.mps.generator.template.DefaultQueryExecutionContext.applyRule(DefaultQueryExecutionContext.java:391)
			at jetbrains.mps.generator.impl.template.QueryExecutionContextWithDependencyRecording.applyRule(QueryExecutionContextWithDependencyRecording.java:223)
			at jetbrains.mps.generator.impl.TemplateGenerator.createRootNodeByRule(TemplateGenerator.java:365)
			at jetbrains.mps.generator.impl.ParallelTemplateGenerator.access$101(ParallelTemplateGenerator.java:48)
			at jetbrains.mps.generator.impl.ParallelTemplateGenerator$2.run(ParallelTemplateGenerator.java:94)
			at jetbrains.mps.generator.impl.ParallelTemplateGenerator$CompositeGenerationTask.run(ParallelTemplateGenerator.java:252)
			at jetbrains.mps.generator.impl.GenerationTaskPool$GenerationTaskAdapter.runInternal(GenerationTaskPool.java:69)
			at jetbrains.mps.generator.impl.GenerationTaskPool$GenerationTaskAdapter.run(GenerationTaskPool.java:86)
			at java.util.concurrent.ThreadPoolExecutor$Worker.runTask(ThreadPoolExecutor.java:895)
			at java.util.concurrent.ThreadPoolExecutor$Worker.run(ThreadPoolExecutor.java:918)
			at java.lang.Thread.run(Thread.java:695)

-------------------------
r:f04c1476-2f91-4f59-be13-c8e009abebee(jetbrains.mps.baseLanguageInternal.generator.template.main@generator) in common
		java.lang.Throwable
			at jetbrains.mps.generator.impl.dependencies.IncrementalDependenciesBuilder.reportModelAccess(IncrementalDependenciesBuilder.java:115)
			at jetbrains.mps.generator.impl.dependencies.RootDependenciesBuilder.addModelAccess(RootDependenciesBuilder.java:94)
			at jetbrains.mps.generator.impl.dependencies.RootDependenciesBuilder.nodeUnclassifiedReadAccess(RootDependenciesBuilder.java:215)
			at jetbrains.mps.smodel.NodeReadEventsCaster$ListenersContainer.fireNodeUnclassifiedReadAccess(NodeReadEventsCaster.java:128)
			at jetbrains.mps.smodel.NodeReadEventsCaster.fireNodeUnclassifiedReadAccess(NodeReadEventsCaster.java:51)
			at jetbrains.mps.smodel.SNode.fireNodeUnclassifiedReadAccess(SNode.java:1023)
			at jetbrains.mps.smodel.SNode$ChildrenList$ChildrenIterator.readNode(SNode.java:1125)
			at jetbrains.mps.smodel.SNode$ChildrenList$ChildrenIterator.getCurrent(SNode.java:1113)
			at jetbrains.mps.smodel.SNode$ChildrenList$ChildrenIterator.getCurrent(SNode.java:1077)
			at jetbrains.mps.util.AbstractSequentialList$AbstractSequentialIterator.hasNext(AbstractSequentialList.java:100)
			at jetbrains.mps.lang.smodel.generator.smodelAdapter.SLinkOperations.getTarget(SLinkOperations.java:32)
			at jetbrains.mps.generator.impl.RuleUtil.getIfMacro_ConditionFunction(RuleUtil.java:216)
			at jetbrains.mps.generator.template.DefaultQueryExecutionContext.checkConditionForIfMacro(DefaultQueryExecutionContext.java:115)
			at jetbrains.mps.generator.impl.template.QueryExecutionContextWithDependencyRecording.checkConditionForIfMacro(QueryExecutionContextWithDependencyRecording.java:70)
			at jetbrains.mps.generator.impl.TemplateProcessor$IfMacro.apply(TemplateProcessor.java:500)
			at jetbrains.mps.generator.impl.TemplateProcessor.applyTemplate(TemplateProcessor.java:151)
			at jetbrains.mps.generator.impl.TemplateContainer.apply(TemplateContainer.java:73)
			at jetbrains.mps.generator.impl.RuleConsequenceProcessor.processRuleConsequence(RuleConsequenceProcessor.java:66)
			at jetbrains.mps.generator.impl.interpreted.TemplateReductionRuleInterpreted.apply(TemplateReductionRuleInterpreted.java:130)
			at jetbrains.mps.generator.impl.interpreted.TemplateReductionRuleInterpreted.tryToApply(TemplateReductionRuleInterpreted.java:90)
			at jetbrains.mps.generator.template.DefaultQueryExecutionContext.tryToApply(DefaultQueryExecutionContext.java:381)
			at jetbrains.mps.generator.impl.template.QueryExecutionContextWithDependencyRecording.tryToApply(QueryExecutionContextWithDependencyRecording.java:204)
			at jetbrains.mps.generator.impl.TemplateGenerator.tryToReduce(TemplateGenerator.java:530)
			at jetbrains.mps.generator.impl.TemplateGenerator.tryToReduce(TemplateGenerator.java:478)
			at jetbrains.mps.generator.impl.TemplateGenerator$FullCopyFacility.copyInputNode(TemplateGenerator.java:986)
			at jetbrains.mps.generator.impl.TemplateGenerator$FullCopyFacility.copyInputNode(TemplateGenerator.java:1000)
			at jetbrains.mps.generator.impl.TemplateGenerator$FullCopyFacility.copyInputNode(TemplateGenerator.java:1000)
			at jetbrains.mps.generator.impl.TemplateGenerator$FullCopyFacility.copyInputNode(TemplateGenerator.java:1000)
			at jetbrains.mps.generator.impl.TemplateGenerator$FullCopyFacility.copyInputNode(TemplateGenerator.java:1000)
			at jetbrains.mps.generator.impl.TemplateGenerator$FullCopyFacility.copyRootInputNode(TemplateGenerator.java:887)
			at jetbrains.mps.generator.impl.TemplateGenerator.copyRootInputNode(TemplateGenerator.java:409)
			at jetbrains.mps.generator.impl.ParallelTemplateGenerator.access$201(ParallelTemplateGenerator.java:48)
			at jetbrains.mps.generator.impl.ParallelTemplateGenerator$3.run(ParallelTemplateGenerator.java:104)
			at jetbrains.mps.generator.impl.ParallelTemplateGenerator$CompositeGenerationTask.run(ParallelTemplateGenerator.java:252)
			at jetbrains.mps.generator.impl.GenerationTaskPool$GenerationTaskAdapter.runInternal(GenerationTaskPool.java:69)
			at jetbrains.mps.generator.impl.GenerationTaskPool$GenerationTaskAdapter.run(GenerationTaskPool.java:86)
			at java.util.concurrent.ThreadPoolExecutor$Worker.runTask(ThreadPoolExecutor.java:895)
			at java.util.concurrent.ThreadPoolExecutor$Worker.run(ThreadPoolExecutor.java:918)
			at java.lang.Thread.run(Thread.java:695)

